#
# A fatal error has been detected by the Java Runtime Environment:
#
#  EXCEPTION_ACCESS_VIOLATION (0xc0000005) at pc=0x00007ffff89e399e, pid=1736, tid=10156
#
# JRE version: Java(TM) SE Runtime Environment 18.9 (11.0.7+8) (build 11.0.7+8-LTS)
# Java VM: Java HotSpot(TM) 64-Bit Server VM 18.9 (11.0.7+8-LTS, mixed mode, tiered, compressed oops, g1 gc, windows-amd64)
# Problematic frame:
# C  [ntdll.dll+0x4399e]
#
# No core dump will be written. Minidumps are not enabled by default on client versions of Windows
#
# If you would like to submit a bug report, please visit:
#   https://bugreport.java.com/bugreport/crash.jsp
# The crash happened outside the Java Virtual Machine in native code.
# See problematic frame for where to report the bug.
#

---------------  S U M M A R Y ------------

Command Line: -Dcom.sun.management.jmxremote -Dcom.sun.management.jmxremote.port=57936 -Dcom.sun.management.jmxremote.authenticate=false -Dcom.sun.management.jmxremote.ssl=false -Djava.rmi.server.hostname=localhost -Dspring.jmx.enabled=true -Dspring.liveBeansView.mbeanDomain -Dspring.application.admin.enabled=true -Xverify:none -XX:TieredStopAtLevel=1 -Dfile.encoding=Cp1252 com.rabo.loan.management.LoanmanagementApiApplication --spring.output.ansi.enabled=always

Host: Intel(R) Xeon(R) CPU E5-2696 v4 @ 2.20GHz, 4 cores, 7G,  Windows 10 , 64 bit Build 15063 (10.0.15063.0)
Time: Mon Jul 20 20:55:19 2020 India Standard Time elapsed time: 2 seconds (0d 0h 0m 2s)

---------------  T H R E A D  ---------------

Current thread (0x000002b65b5f6000):  JavaThread "restartedMain" [_thread_in_native, id=10156, stack(0x000000fd54400000,0x000000fd54500000)]

Stack: [0x000000fd54400000,0x000000fd54500000],  sp=0x000000fd544fa330,  free space=1000k
Native frames: (J=compiled Java code, j=interpreted, Vv=VM code, C=native code)
C  [ntdll.dll+0x4399e]
C  [ntdll.dll+0x43554]
C  [RPCRT4.dll+0x607a0]
C  [RPCRT4.dll+0x37d07]
C  [RPCRT4.dll+0x49615]
C  [RPCRT4.dll+0x30f3a]
C  [DNSAPI.dll+0x18a47]

Java frames: (J=compiled Java code, j=interpreted, Vv=VM code)
j  java.net.Inet6AddressImpl.lookupAllHostAddr(Ljava/lang/String;)[Ljava/net/InetAddress;+0 java.base@11.0.7
j  java.net.InetAddress$PlatformNameService.lookupAllHostAddr(Ljava/lang/String;)[Ljava/net/InetAddress;+4 java.base@11.0.7
j  java.net.InetAddress.getAddressesFromNameService(Ljava/lang/String;Ljava/net/InetAddress;)[Ljava/net/InetAddress;+8 java.base@11.0.7
j  java.net.InetAddress$NameServiceAddresses.get()[Ljava/net/InetAddress;+40 java.base@11.0.7
j  java.net.InetAddress.getAllByName0(Ljava/lang/String;Ljava/net/InetAddress;ZZ)[Ljava/net/InetAddress;+207 java.base@11.0.7
j  java.net.InetAddress.getAllByName(Ljava/lang/String;Ljava/net/InetAddress;)[Ljava/net/InetAddress;+384 java.base@11.0.7
j  java.net.InetAddress.getAllByName(Ljava/lang/String;)[Ljava/net/InetAddress;+2 java.base@11.0.7
j  java.net.InetAddress.getByName(Ljava/lang/String;)Ljava/net/InetAddress;+1 java.base@11.0.7
j  java.net.InetSocketAddress.<init>(Ljava/lang/String;I)V+15 java.base@11.0.7
j  sun.net.NetworkClient.doConnect(Ljava/lang/String;I)Ljava/net/Socket;+137 java.base@11.0.7
j  sun.net.www.http.HttpClient.openServer(Ljava/lang/String;I)V+4 java.base@11.0.7
j  sun.net.www.http.HttpClient.openServer()V+114 java.base@11.0.7
j  sun.net.www.protocol.https.HttpsClient.<init>(Ljavax/net/ssl/SSLSocketFactory;Ljava/net/URL;Ljava/net/Proxy;I)V+122 java.base@11.0.7
j  sun.net.www.protocol.https.HttpsClient.New(Ljavax/net/ssl/SSLSocketFactory;Ljava/net/URL;Ljavax/net/ssl/HostnameVerifier;Ljava/net/Proxy;ZILsun/net/www/protocol/http/HttpURLConnection;)Lsun/net/www/http/HttpClient;+397 java.base@11.0.7
j  sun.net.www.protocol.https.AbstractDelegateHttpsURLConnection.getNewHttpClient(Ljava/net/URL;Ljava/net/Proxy;I)Lsun/net/www/http/HttpClient;+13 java.base@11.0.7
j  sun.net.www.protocol.http.HttpURLConnection.plainConnect0()V+357 java.base@11.0.7
j  sun.net.www.protocol.http.HttpURLConnection.plainConnect()V+71 java.base@11.0.7
j  sun.net.www.protocol.https.AbstractDelegateHttpsURLConnection.connect()V+9 java.base@11.0.7
j  sun.net.www.protocol.https.HttpsURLConnectionImpl.connect()V+4 java.base@11.0.7
j  org.springframework.http.client.SimpleBufferingClientHttpRequest.executeInternal(Lorg/springframework/http/HttpHeaders;[B)Lorg/springframework/http/client/ClientHttpResponse;+61
j  org.springframework.http.client.AbstractBufferingClientHttpRequest.executeInternal(Lorg/springframework/http/HttpHeaders;)Lorg/springframework/http/client/ClientHttpResponse;+27
j  org.springframework.http.client.AbstractClientHttpRequest.execute()Lorg/springframework/http/client/ClientHttpResponse;+9
j  org.springframework.web.client.RestTemplate.doExecute(Ljava/net/URI;Lorg/springframework/http/HttpMethod;Lorg/springframework/web/client/RequestCallback;Lorg/springframework/web/client/ResponseExtractor;)Ljava/lang/Object;+37
j  org.springframework.web.client.RestTemplate.execute(Ljava/lang/String;Lorg/springframework/http/HttpMethod;Lorg/springframework/web/client/RequestCallback;Lorg/springframework/web/client/ResponseExtractor;[Ljava/lang/Object;)Ljava/lang/Object;+21
j  org.springframework.web.client.RestTemplate.exchange(Ljava/lang/String;Lorg/springframework/http/HttpMethod;Lorg/springframework/http/HttpEntity;Ljava/lang/Class;[Ljava/lang/Object;)Lorg/springframework/http/ResponseEntity;+26
j  com.microsoft.azure.telemetry.TelemetrySender.executeRequest(Lcom/microsoft/azure/telemetry/TelemetryEventData;)Lorg/springframework/http/ResponseEntity;+33
j  com.microsoft.azure.telemetry.TelemetrySender.sendTelemetryData(Lcom/microsoft/azure/telemetry/TelemetryEventData;)V+25
j  com.microsoft.azure.telemetry.TelemetrySender.send(Ljava/lang/String;Ljava/util/Map;)V+54
j  com.microsoft.azure.keyvault.spring.KeyVaultEnvironmentPostProcessorHelper.sendTelemetry()V+53
j  com.microsoft.azure.keyvault.spring.KeyVaultEnvironmentPostProcessorHelper.<init>(Lorg/springframework/core/env/ConfigurableEnvironment;)V+10
j  com.microsoft.azure.keyvault.spring.KeyVaultEnvironmentPostProcessor.postProcessEnvironment(Lorg/springframework/core/env/ConfigurableEnvironment;Lorg/springframework/boot/SpringApplication;)V+5
j  org.springframework.boot.context.config.ConfigFileApplicationListener.onApplicationEnvironmentPreparedEvent(Lorg/springframework/boot/context/event/ApplicationEnvironmentPreparedEvent;)V+54
j  org.springframework.boot.context.config.ConfigFileApplicationListener.onApplicationEvent(Lorg/springframework/context/ApplicationEvent;)V+12
j  org.springframework.context.event.SimpleApplicationEventMulticaster.doInvokeListener(Lorg/springframework/context/ApplicationListener;Lorg/springframework/context/ApplicationEvent;)V+2
j  org.springframework.context.event.SimpleApplicationEventMulticaster.invokeListener(Lorg/springframework/context/ApplicationListener;Lorg/springframework/context/ApplicationEvent;)V+34
j  org.springframework.context.event.SimpleApplicationEventMulticaster.multicastEvent(Lorg/springframework/context/ApplicationEvent;Lorg/springframework/core/ResolvableType;)V+83
j  org.springframework.context.event.SimpleApplicationEventMulticaster.multicastEvent(Lorg/springframework/context/ApplicationEvent;)V+7
j  org.springframework.boot.context.event.EventPublishingRunListener.environmentPrepared(Lorg/springframework/core/env/ConfigurableEnvironment;)V+20
j  org.springframework.boot.SpringApplicationRunListeners.environmentPrepared(Lorg/springframework/core/env/ConfigurableEnvironment;)V+31
j  org.springframework.boot.SpringApplication.prepareEnvironment(Lorg/springframework/boot/SpringApplicationRunListeners;Lorg/springframework/boot/ApplicationArguments;)Lorg/springframework/core/env/ConfigurableEnvironment;+22
j  org.springframework.boot.SpringApplication.run([Ljava/lang/String;)Lorg/springframework/context/ConfigurableApplicationContext;+54
j  org.springframework.boot.SpringApplication.run([Ljava/lang/Class;[Ljava/lang/String;)Lorg/springframework/context/ConfigurableApplicationContext;+9
j  org.springframework.boot.SpringApplication.run(Ljava/lang/Class;[Ljava/lang/String;)Lorg/springframework/context/ConfigurableApplicationContext;+9
j  com.rabo.loan.management.LoanmanagementApiApplication.main([Ljava/lang/String;)V+3
v  ~StubRoutines::call_stub
j  jdk.internal.reflect.NativeMethodAccessorImpl.invoke0(Ljava/lang/reflect/Method;Ljava/lang/Object;[Ljava/lang/Object;)Ljava/lang/Object;+0 java.base@11.0.7
j  jdk.internal.reflect.NativeMethodAccessorImpl.invoke(Ljava/lang/Object;[Ljava/lang/Object;)Ljava/lang/Object;+100 java.base@11.0.7
j  jdk.internal.reflect.DelegatingMethodAccessorImpl.invoke(Ljava/lang/Object;[Ljava/lang/Object;)Ljava/lang/Object;+6 java.base@11.0.7
j  java.lang.reflect.Method.invoke(Ljava/lang/Object;[Ljava/lang/Object;)Ljava/lang/Object;+59 java.base@11.0.7
j  org.springframework.boot.devtools.restart.RestartLauncher.run()V+42
v  ~StubRoutines::call_stub

siginfo: EXCEPTION_ACCESS_VIOLATION (0xc0000005), reading address 0x0000000800000168


Register to memory mapping:

RIP=0x00007ffff89e399e ntdll.dll
RAX=0x0000000000007530 is an unknown value
RBX=0x0000000800000007 is an unknown value
RCX=0x0000000800000007 is an unknown value
RDX=0x0 is NULL
RSP=0x000000fd544fa330 is pointing into the stack for thread: 0x000002b65b5f6000
RBP=0x0 is NULL
RSI=0x0000000000000001 is an unknown value
RDI=0x0000000000007530 is an unknown value
R8 =0x0000000000000001 is an unknown value
R9 =0x0000000800000007 is an unknown value
R10=0x0000000000000001 is an unknown value
R11=0x0 is NULL
R12=0x0 is NULL
R13=0x000000fd544fb7f0 is pointing into the stack for thread: 0x000002b65b5f6000
R14=0x000000fd544facf8 is pointing into the stack for thread: 0x000002b65b5f6000
R15=0x000000000000001c is an unknown value


Registers:
RAX=0x0000000000007530, RBX=0x0000000800000007, RCX=0x0000000800000007, RDX=0x0000000000000000
RSP=0x000000fd544fa330, RBP=0x0000000000000000, RSI=0x0000000000000001, RDI=0x0000000000007530
R8 =0x0000000000000001, R9 =0x0000000800000007, R10=0x0000000000000001, R11=0x0000000000000000
R12=0x0000000000000000, R13=0x000000fd544fb7f0, R14=0x000000fd544facf8, R15=0x000000000000001c
RIP=0x00007ffff89e399e, EFLAGS=0x0000000000010202

Top of Stack: (sp=0x000000fd544fa330)
0x000000fd544fa330:   000000000000001c 000000fd544facf8
0x000000fd544fa340:   000000fd544fb7f0 0000000000000000
0x000000fd544fa350:   000002b65c21cc50 00007ffff89e3554
0x000000fd544fa360:   0000000000000001 0000000000000000
0x000000fd544fa370:   0000000000000000 0000000000000001
0x000000fd544fa380:   0000000000000000 00007ffff7e507a0
0x000000fd544fa390:   000002b600000000 00007ffff7ee44b4
0x000000fd544fa3a0:   000002b65c217c10 0000000000000001
0x000000fd544fa3b0:   000002b65c21cc50 00007ffff7e27d07
0x000000fd544fa3c0:   000002b65c9f1660 000000fd544fa9c0
0x000000fd544fa3d0:   000002b65c9f1660 000002b65c9f16f0
0x000000fd544fa3e0:   000002b65cb179a8 00007ffff7e26f6f
0x000000fd544fa3f0:   000000000000001c 000000fd544facf8
0x000000fd544fa400:   000000fd544fa9c0 0000000000000001
0x000000fd544fa410:   000002b65c217c10 00007ffff7e39615
0x000000fd544fa420:   000002b600000004 00007fff00000008 

Instructions: (pc=0x00007ffff89e399e)
0x00007ffff89e397e:   07 00 b8 01 00 00 00 48 83 c4 28 c3 cc cc 48 83
0x00007ffff89e398e:   ec 28 45 33 db 45 8b d0 4c 8b c9 48 85 c9 74 3b
0x00007ffff89e399e:   44 38 99 61 01 00 00 75 32 e8 50 00 00 00 85 c0
0x00007ffff89e39ae:   74 29 48 8d 05 39 c9 0c 00 49 39 41 08 75 1c 65 


Stack slot to memory mapping:
stack at sp + 0 slots: 0x000000000000001c is an unknown value
stack at sp + 1 slots: 0x000000fd544facf8 is pointing into the stack for thread: 0x000002b65b5f6000
stack at sp + 2 slots: 0x000000fd544fb7f0 is pointing into the stack for thread: 0x000002b65b5f6000
stack at sp + 3 slots: 0x0 is NULL
stack at sp + 4 slots: 0x000002b65c21cc50 points into unknown readable memory: 69 00 6e 00 5c 00 73 00
stack at sp + 5 slots: 0x00007ffff89e3554 ntdll.dll
stack at sp + 6 slots: 0x0000000000000001 is an unknown value
stack at sp + 7 slots: 0x0 is NULL


---------------  P R O C E S S  ---------------

Threads class SMR info:
_java_thread_list=0x000002b65cb2bf40, length=14, elements={
0x000002b63c6d4800, 0x000002b65b3e9800, 0x000002b65b3fd800, 0x000002b65b44a000,
0x000002b65b44b000, 0x000002b65b44c000, 0x000002b65b454000, 0x000002b65b5f2000,
0x000002b65b5f3000, 0x000002b65b5f3800, 0x000002b65b5f5800, 0x000002b65b5f7000,
0x000002b65b5f4800, 0x000002b65b5f6000
}

Java Threads: ( => current thread )
  0x000002b63c6d4800 JavaThread "main" [_thread_blocked, id=6148, stack(0x000000fd52e00000,0x000000fd52f00000)]
  0x000002b65b3e9800 JavaThread "Reference Handler" daemon [_thread_blocked, id=7520, stack(0x000000fd53500000,0x000000fd53600000)]
  0x000002b65b3fd800 JavaThread "Finalizer" daemon [_thread_blocked, id=3360, stack(0x000000fd53600000,0x000000fd53700000)]
  0x000002b65b44a000 JavaThread "Signal Dispatcher" daemon [_thread_blocked, id=10032, stack(0x000000fd53700000,0x000000fd53800000)]
  0x000002b65b44b000 JavaThread "Attach Listener" daemon [_thread_blocked, id=10160, stack(0x000000fd53800000,0x000000fd53900000)]
  0x000002b65b44c000 JavaThread "C1 CompilerThread0" daemon [_thread_blocked, id=7292, stack(0x000000fd53900000,0x000000fd53a00000)]
  0x000002b65b454000 JavaThread "Sweeper thread" daemon [_thread_blocked, id=10604, stack(0x000000fd53a00000,0x000000fd53b00000)]
  0x000002b65b5f2000 JavaThread "Common-Cleaner" daemon [_thread_blocked, id=4240, stack(0x000000fd53b00000,0x000000fd53c00000)]
  0x000002b65b5f3000 JavaThread "Service Thread" daemon [_thread_blocked, id=2952, stack(0x000000fd53c00000,0x000000fd53d00000)]
  0x000002b65b5f3800 JavaThread "RMI TCP Accept-0" daemon [_thread_in_native, id=12512, stack(0x000000fd53f00000,0x000000fd54000000)]
  0x000002b65b5f5800 JavaThread "RMI TCP Accept-57936" daemon [_thread_in_native, id=13584, stack(0x000000fd54000000,0x000000fd54100000)]
  0x000002b65b5f7000 JavaThread "RMI TCP Accept-0" daemon [_thread_in_native, id=14212, stack(0x000000fd54100000,0x000000fd54200000)]
  0x000002b65b5f4800 JavaThread "Thread-0" [_thread_blocked, id=13056, stack(0x000000fd54300000,0x000000fd54400000)]
=>0x000002b65b5f6000 JavaThread "restartedMain" [_thread_in_native, id=10156, stack(0x000000fd54400000,0x000000fd54500000)]

Other Threads:
  0x000002b65b3e2000 VMThread "VM Thread" [stack: 0x000000fd53400000,0x000000fd53500000] [id=13400]
  0x000002b65c2c1000 WatcherThread [stack: 0x000000fd54200000,0x000000fd54300000] [id=892]
  0x000002b63be0e800 GCTaskThread "GC Thread#0" [stack: 0x000000fd52f00000,0x000000fd53000000] [id=13980]
  0x000002b65c1cd000 GCTaskThread "GC Thread#1" [stack: 0x000000fd53d00000,0x000000fd53e00000] [id=9004]
  0x000002b65c1cd800 GCTaskThread "GC Thread#2" [stack: 0x000000fd53e00000,0x000000fd53f00000] [id=1088]
  0x000002b65c8e3800 GCTaskThread "GC Thread#3" [stack: 0x000000fd54600000,0x000000fd54700000] [id=5428]
  0x000002b63c6dd000 ConcurrentGCThread "G1 Main Marker" [stack: 0x000000fd53000000,0x000000fd53100000] [id=9480]
  0x000002b63be3f800 ConcurrentGCThread "G1 Conc#0" [stack: 0x000000fd53100000,0x000000fd53200000] [id=832]
  0x000002b63bed1000 ConcurrentGCThread "G1 Refine#0" [stack: 0x000000fd53200000,0x000000fd53300000] [id=13524]
  0x000002b63bed2000 ConcurrentGCThread "G1 Young RemSet Sampling" [stack: 0x000000fd53300000,0x000000fd53400000] [id=9224]

Threads with active compile tasks:

VM state:not at safepoint (normal execution)

VM Mutex/Monitor currently owned by a thread: None

Heap address: 0x0000000080000000, size: 2048 MB, Compressed Oops mode: 32-bit
Narrow klass base: 0x0000000000000000, Narrow klass shift: 3
Compressed class space size: 1073741824 Address: 0x0000000100000000

Heap:
 garbage-first heap   total 157696K, used 65268K [0x0000000080000000, 0x0000000100000000)
  region size 1024K, 55 young (56320K), 3 survivors (3072K)
 Metaspace       used 28473K, capacity 29240K, committed 29312K, reserved 1075200K
  class space    used 3355K, capacity 3661K, committed 3712K, reserved 1048576K
Heap Regions: E=young(eden), S=young(survivor), O=old, HS=humongous(starts), HC=humongous(continues), CS=collection set, F=free, A=archive, TAMS=top-at-mark-start (previous, next)
|   0|0x0000000080000000, 0x0000000080100000, 0x0000000080100000|100%|HS|  |TAMS 0x0000000080100000, 0x0000000080000000| Complete 
|   1|0x0000000080100000, 0x0000000080200000, 0x0000000080200000|100%| O|  |TAMS 0x0000000080200000, 0x0000000080100000| Untracked 
|   2|0x0000000080200000, 0x0000000080300000, 0x0000000080300000|100%| O|  |TAMS 0x0000000080300000, 0x0000000080200000| Untracked 
|   3|0x0000000080300000, 0x0000000080400000, 0x0000000080400000|100%| O|  |TAMS 0x0000000080400000, 0x0000000080300000| Untracked 
|   4|0x0000000080400000, 0x0000000080500000, 0x0000000080500000|100%| O|  |TAMS 0x0000000080500000, 0x0000000080400000| Untracked 
|   5|0x0000000080500000, 0x0000000080600000, 0x0000000080600000|100%| O|  |TAMS 0x0000000080600000, 0x0000000080500000| Untracked 
|   6|0x0000000080600000, 0x0000000080700000, 0x0000000080700000|100%| O|  |TAMS 0x0000000080700000, 0x0000000080600000| Untracked 
|   7|0x0000000080700000, 0x0000000080800000, 0x0000000080800000|100%| O|  |TAMS 0x0000000080800000, 0x0000000080700000| Untracked 
|   8|0x0000000080800000, 0x0000000080900000, 0x0000000080900000|100%| O|  |TAMS 0x0000000080900000, 0x0000000080800000| Untracked 
|   9|0x0000000080900000, 0x00000000809ed800, 0x0000000080a00000| 92%| O|  |TAMS 0x00000000809ed800, 0x0000000080900000| Untracked 
|  10|0x0000000080a00000, 0x0000000080a00000, 0x0000000080b00000|  0%| F|  |TAMS 0x0000000080a00000, 0x0000000080a00000| Untracked 
|  11|0x0000000080b00000, 0x0000000080b00000, 0x0000000080c00000|  0%| F|  |TAMS 0x0000000080b00000, 0x0000000080b00000| Untracked 
|  12|0x0000000080c00000, 0x0000000080c00000, 0x0000000080d00000|  0%| F|  |TAMS 0x0000000080c00000, 0x0000000080c00000| Untracked 
|  13|0x0000000080d00000, 0x0000000080d00000, 0x0000000080e00000|  0%| F|  |TAMS 0x0000000080d00000, 0x0000000080d00000| Untracked 
|  14|0x0000000080e00000, 0x0000000080e00000, 0x0000000080f00000|  0%| F|  |TAMS 0x0000000080e00000, 0x0000000080e00000| Untracked 
|  15|0x0000000080f00000, 0x0000000080f00000, 0x0000000081000000|  0%| F|  |TAMS 0x0000000080f00000, 0x0000000080f00000| Untracked 
|  16|0x0000000081000000, 0x0000000081000000, 0x0000000081100000|  0%| F|  |TAMS 0x0000000081000000, 0x0000000081000000| Untracked 
|  17|0x0000000081100000, 0x0000000081100000, 0x0000000081200000|  0%| F|  |TAMS 0x0000000081100000, 0x0000000081100000| Untracked 
|  18|0x0000000081200000, 0x0000000081200000, 0x0000000081300000|  0%| F|  |TAMS 0x0000000081200000, 0x0000000081200000| Untracked 
|  19|0x0000000081300000, 0x0000000081300000, 0x0000000081400000|  0%| F|  |TAMS 0x0000000081300000, 0x0000000081300000| Untracked 
|  20|0x0000000081400000, 0x0000000081400000, 0x0000000081500000|  0%| F|  |TAMS 0x0000000081400000, 0x0000000081400000| Untracked 
|  21|0x0000000081500000, 0x0000000081500000, 0x0000000081600000|  0%| F|  |TAMS 0x0000000081500000, 0x0000000081500000| Untracked 
|  22|0x0000000081600000, 0x0000000081600000, 0x0000000081700000|  0%| F|  |TAMS 0x0000000081600000, 0x0000000081600000| Untracked 
|  23|0x0000000081700000, 0x0000000081700000, 0x0000000081800000|  0%| F|  |TAMS 0x0000000081700000, 0x0000000081700000| Untracked 
|  24|0x0000000081800000, 0x0000000081800000, 0x0000000081900000|  0%| F|  |TAMS 0x0000000081800000, 0x0000000081800000| Untracked 
|  25|0x0000000081900000, 0x0000000081900000, 0x0000000081a00000|  0%| F|  |TAMS 0x0000000081900000, 0x0000000081900000| Untracked 
|  26|0x0000000081a00000, 0x0000000081a00000, 0x0000000081b00000|  0%| F|  |TAMS 0x0000000081a00000, 0x0000000081a00000| Untracked 
|  27|0x0000000081b00000, 0x0000000081b00000, 0x0000000081c00000|  0%| F|  |TAMS 0x0000000081b00000, 0x0000000081b00000| Untracked 
|  28|0x0000000081c00000, 0x0000000081c00000, 0x0000000081d00000|  0%| F|  |TAMS 0x0000000081c00000, 0x0000000081c00000| Untracked 
|  29|0x0000000081d00000, 0x0000000081d00000, 0x0000000081e00000|  0%| F|  |TAMS 0x0000000081d00000, 0x0000000081d00000| Untracked 
|  30|0x0000000081e00000, 0x0000000081e00000, 0x0000000081f00000|  0%| F|  |TAMS 0x0000000081e00000, 0x0000000081e00000| Untracked 
|  31|0x0000000081f00000, 0x0000000081f00000, 0x0000000082000000|  0%| F|  |TAMS 0x0000000081f00000, 0x0000000081f00000| Untracked 
|  32|0x0000000082000000, 0x0000000082000000, 0x0000000082100000|  0%| F|  |TAMS 0x0000000082000000, 0x0000000082000000| Untracked 
|  33|0x0000000082100000, 0x0000000082100000, 0x0000000082200000|  0%| F|  |TAMS 0x0000000082100000, 0x0000000082100000| Untracked 
|  34|0x0000000082200000, 0x0000000082200000, 0x0000000082300000|  0%| F|  |TAMS 0x0000000082200000, 0x0000000082200000| Untracked 
|  35|0x0000000082300000, 0x0000000082300000, 0x0000000082400000|  0%| F|  |TAMS 0x0000000082300000, 0x0000000082300000| Untracked 
|  36|0x0000000082400000, 0x0000000082400000, 0x0000000082500000|  0%| F|  |TAMS 0x0000000082400000, 0x0000000082400000| Untracked 
|  37|0x0000000082500000, 0x0000000082500000, 0x0000000082600000|  0%| F|  |TAMS 0x0000000082500000, 0x0000000082500000| Untracked 
|  38|0x0000000082600000, 0x0000000082600000, 0x0000000082700000|  0%| F|  |TAMS 0x0000000082600000, 0x0000000082600000| Untracked 
|  39|0x0000000082700000, 0x0000000082700000, 0x0000000082800000|  0%| F|  |TAMS 0x0000000082700000, 0x0000000082700000| Untracked 
|  40|0x0000000082800000, 0x0000000082800000, 0x0000000082900000|  0%| F|  |TAMS 0x0000000082800000, 0x0000000082800000| Untracked 
|  41|0x0000000082900000, 0x0000000082900000, 0x0000000082a00000|  0%| F|  |TAMS 0x0000000082900000, 0x0000000082900000| Untracked 
|  42|0x0000000082a00000, 0x0000000082a00000, 0x0000000082b00000|  0%| F|  |TAMS 0x0000000082a00000, 0x0000000082a00000| Untracked 
|  43|0x0000000082b00000, 0x0000000082b00000, 0x0000000082c00000|  0%| F|  |TAMS 0x0000000082b00000, 0x0000000082b00000| Untracked 
|  44|0x0000000082c00000, 0x0000000082c00000, 0x0000000082d00000|  0%| F|  |TAMS 0x0000000082c00000, 0x0000000082c00000| Untracked 
|  45|0x0000000082d00000, 0x0000000082d00000, 0x0000000082e00000|  0%| F|  |TAMS 0x0000000082d00000, 0x0000000082d00000| Untracked 
|  46|0x0000000082e00000, 0x0000000082e00000, 0x0000000082f00000|  0%| F|  |TAMS 0x0000000082e00000, 0x0000000082e00000| Untracked 
|  47|0x0000000082f00000, 0x0000000082f00000, 0x0000000083000000|  0%| F|  |TAMS 0x0000000082f00000, 0x0000000082f00000| Untracked 
|  48|0x0000000083000000, 0x0000000083000000, 0x0000000083100000|  0%| F|  |TAMS 0x0000000083000000, 0x0000000083000000| Untracked 
|  49|0x0000000083100000, 0x0000000083100000, 0x0000000083200000|  0%| F|  |TAMS 0x0000000083100000, 0x0000000083100000| Untracked 
|  50|0x0000000083200000, 0x0000000083200000, 0x0000000083300000|  0%| F|  |TAMS 0x0000000083200000, 0x0000000083200000| Untracked 
|  51|0x0000000083300000, 0x0000000083300000, 0x0000000083400000|  0%| F|  |TAMS 0x0000000083300000, 0x0000000083300000| Untracked 
|  52|0x0000000083400000, 0x0000000083400000, 0x0000000083500000|  0%| F|  |TAMS 0x0000000083400000, 0x0000000083400000| Untracked 
|  53|0x0000000083500000, 0x0000000083500000, 0x0000000083600000|  0%| F|  |TAMS 0x0000000083500000, 0x0000000083500000| Untracked 
|  54|0x0000000083600000, 0x0000000083600000, 0x0000000083700000|  0%| F|  |TAMS 0x0000000083600000, 0x0000000083600000| Untracked 
|  55|0x0000000083700000, 0x0000000083700000, 0x0000000083800000|  0%| F|  |TAMS 0x0000000083700000, 0x0000000083700000| Untracked 
|  56|0x0000000083800000, 0x0000000083800000, 0x0000000083900000|  0%| F|  |TAMS 0x0000000083800000, 0x0000000083800000| Untracked 
|  57|0x0000000083900000, 0x0000000083900000, 0x0000000083a00000|  0%| F|  |TAMS 0x0000000083900000, 0x0000000083900000| Untracked 
|  58|0x0000000083a00000, 0x0000000083a00000, 0x0000000083b00000|  0%| F|  |TAMS 0x0000000083a00000, 0x0000000083a00000| Untracked 
|  59|0x0000000083b00000, 0x0000000083b00000, 0x0000000083c00000|  0%| F|  |TAMS 0x0000000083b00000, 0x0000000083b00000| Untracked 
|  60|0x0000000083c00000, 0x0000000083c00000, 0x0000000083d00000|  0%| F|  |TAMS 0x0000000083c00000, 0x0000000083c00000| Untracked 
|  61|0x0000000083d00000, 0x0000000083d00000, 0x0000000083e00000|  0%| F|  |TAMS 0x0000000083d00000, 0x0000000083d00000| Untracked 
|  62|0x0000000083e00000, 0x0000000083e00000, 0x0000000083f00000|  0%| F|  |TAMS 0x0000000083e00000, 0x0000000083e00000| Untracked 
|  63|0x0000000083f00000, 0x0000000083f00000, 0x0000000084000000|  0%| F|  |TAMS 0x0000000083f00000, 0x0000000083f00000| Untracked 
|  64|0x0000000084000000, 0x0000000084000000, 0x0000000084100000|  0%| F|  |TAMS 0x0000000084000000, 0x0000000084000000| Untracked 
|  65|0x0000000084100000, 0x0000000084100000, 0x0000000084200000|  0%| F|  |TAMS 0x0000000084100000, 0x0000000084100000| Untracked 
|  66|0x0000000084200000, 0x0000000084200000, 0x0000000084300000|  0%| F|  |TAMS 0x0000000084200000, 0x0000000084200000| Untracked 
|  67|0x0000000084300000, 0x0000000084300000, 0x0000000084400000|  0%| F|  |TAMS 0x0000000084300000, 0x0000000084300000| Untracked 
|  68|0x0000000084400000, 0x00000000844cfa58, 0x0000000084500000| 81%| S|CS|TAMS 0x0000000084400000, 0x0000000084400000| Complete 
|  69|0x0000000084500000, 0x0000000084600000, 0x0000000084600000|100%| S|CS|TAMS 0x0000000084500000, 0x0000000084500000| Complete 
|  70|0x0000000084600000, 0x0000000084700000, 0x0000000084700000|100%| S|CS|TAMS 0x0000000084600000, 0x0000000084600000| Complete 
|  71|0x0000000084700000, 0x0000000084700000, 0x0000000084800000|  0%| F|  |TAMS 0x0000000084700000, 0x0000000084700000| Untracked 
|  72|0x0000000084800000, 0x0000000084800000, 0x0000000084900000|  0%| F|  |TAMS 0x0000000084800000, 0x0000000084800000| Untracked 
|  73|0x0000000084900000, 0x0000000084900000, 0x0000000084a00000|  0%| F|  |TAMS 0x0000000084900000, 0x0000000084900000| Untracked 
|  74|0x0000000084a00000, 0x0000000084a00000, 0x0000000084b00000|  0%| F|  |TAMS 0x0000000084a00000, 0x0000000084a00000| Untracked 
|  75|0x0000000084b00000, 0x0000000084b00000, 0x0000000084c00000|  0%| F|  |TAMS 0x0000000084b00000, 0x0000000084b00000| Untracked 
|  76|0x0000000084c00000, 0x0000000084c00000, 0x0000000084d00000|  0%| F|  |TAMS 0x0000000084c00000, 0x0000000084c00000| Untracked 
|  77|0x0000000084d00000, 0x0000000084d00000, 0x0000000084e00000|  0%| F|  |TAMS 0x0000000084d00000, 0x0000000084d00000| Untracked 
|  78|0x0000000084e00000, 0x0000000084e00000, 0x0000000084f00000|  0%| F|  |TAMS 0x0000000084e00000, 0x0000000084e00000| Untracked 
|  79|0x0000000084f00000, 0x0000000084f00000, 0x0000000085000000|  0%| F|  |TAMS 0x0000000084f00000, 0x0000000084f00000| Untracked 
|  80|0x0000000085000000, 0x0000000085000000, 0x0000000085100000|  0%| F|  |TAMS 0x0000000085000000, 0x0000000085000000| Untracked 
|  81|0x0000000085100000, 0x0000000085100000, 0x0000000085200000|  0%| F|  |TAMS 0x0000000085100000, 0x0000000085100000| Untracked 
|  82|0x0000000085200000, 0x0000000085200000, 0x0000000085300000|  0%| F|  |TAMS 0x0000000085200000, 0x0000000085200000| Untracked 
|  83|0x0000000085300000, 0x0000000085300000, 0x0000000085400000|  0%| F|  |TAMS 0x0000000085300000, 0x0000000085300000| Untracked 
|  84|0x0000000085400000, 0x0000000085400000, 0x0000000085500000|  0%| F|  |TAMS 0x0000000085400000, 0x0000000085400000| Untracked 
|  85|0x0000000085500000, 0x0000000085500000, 0x0000000085600000|  0%| F|  |TAMS 0x0000000085500000, 0x0000000085500000| Untracked 
|  86|0x0000000085600000, 0x0000000085600000, 0x0000000085700000|  0%| F|  |TAMS 0x0000000085600000, 0x0000000085600000| Untracked 
|  87|0x0000000085700000, 0x0000000085700000, 0x0000000085800000|  0%| F|  |TAMS 0x0000000085700000, 0x0000000085700000| Untracked 
|  88|0x0000000085800000, 0x0000000085800000, 0x0000000085900000|  0%| F|  |TAMS 0x0000000085800000, 0x0000000085800000| Untracked 
|  89|0x0000000085900000, 0x0000000085900000, 0x0000000085a00000|  0%| F|  |TAMS 0x0000000085900000, 0x0000000085900000| Untracked 
|  90|0x0000000085a00000, 0x0000000085a00000, 0x0000000085b00000|  0%| F|  |TAMS 0x0000000085a00000, 0x0000000085a00000| Untracked 
|  91|0x0000000085b00000, 0x0000000085b00000, 0x0000000085c00000|  0%| F|  |TAMS 0x0000000085b00000, 0x0000000085b00000| Untracked 
|  92|0x0000000085c00000, 0x0000000085c00000, 0x0000000085d00000|  0%| F|  |TAMS 0x0000000085c00000, 0x0000000085c00000| Untracked 
|  93|0x0000000085d00000, 0x0000000085d00000, 0x0000000085e00000|  0%| F|  |TAMS 0x0000000085d00000, 0x0000000085d00000| Untracked 
|  94|0x0000000085e00000, 0x0000000085e00000, 0x0000000085f00000|  0%| F|  |TAMS 0x0000000085e00000, 0x0000000085e00000| Untracked 
|  95|0x0000000085f00000, 0x0000000085f00000, 0x0000000086000000|  0%| F|  |TAMS 0x0000000085f00000, 0x0000000085f00000| Untracked 
|  96|0x0000000086000000, 0x0000000086000000, 0x0000000086100000|  0%| F|  |TAMS 0x0000000086000000, 0x0000000086000000| Untracked 
|  97|0x0000000086100000, 0x0000000086100000, 0x0000000086200000|  0%| F|  |TAMS 0x0000000086100000, 0x0000000086100000| Untracked 
|  98|0x0000000086200000, 0x0000000086200000, 0x0000000086300000|  0%| F|  |TAMS 0x0000000086200000, 0x0000000086200000| Untracked 
|  99|0x0000000086300000, 0x0000000086300000, 0x0000000086400000|  0%| F|  |TAMS 0x0000000086300000, 0x0000000086300000| Untracked 
| 100|0x0000000086400000, 0x0000000086400000, 0x0000000086500000|  0%| F|  |TAMS 0x0000000086400000, 0x0000000086400000| Untracked 
| 101|0x0000000086500000, 0x0000000086500000, 0x0000000086600000|  0%| F|  |TAMS 0x0000000086500000, 0x0000000086500000| Untracked 
| 102|0x0000000086600000, 0x0000000086700000, 0x0000000086700000|100%| E|  |TAMS 0x0000000086600000, 0x0000000086600000| Complete 
| 103|0x0000000086700000, 0x0000000086800000, 0x0000000086800000|100%| E|CS|TAMS 0x0000000086700000, 0x0000000086700000| Complete 
| 104|0x0000000086800000, 0x0000000086900000, 0x0000000086900000|100%| E|CS|TAMS 0x0000000086800000, 0x0000000086800000| Complete 
| 105|0x0000000086900000, 0x0000000086a00000, 0x0000000086a00000|100%| E|CS|TAMS 0x0000000086900000, 0x0000000086900000| Complete 
| 106|0x0000000086a00000, 0x0000000086b00000, 0x0000000086b00000|100%| E|CS|TAMS 0x0000000086a00000, 0x0000000086a00000| Complete 
| 107|0x0000000086b00000, 0x0000000086c00000, 0x0000000086c00000|100%| E|CS|TAMS 0x0000000086b00000, 0x0000000086b00000| Complete 
| 108|0x0000000086c00000, 0x0000000086d00000, 0x0000000086d00000|100%| E|CS|TAMS 0x0000000086c00000, 0x0000000086c00000| Complete 
| 109|0x0000000086d00000, 0x0000000086e00000, 0x0000000086e00000|100%| E|CS|TAMS 0x0000000086d00000, 0x0000000086d00000| Complete 
| 110|0x0000000086e00000, 0x0000000086f00000, 0x0000000086f00000|100%| E|CS|TAMS 0x0000000086e00000, 0x0000000086e00000| Complete 
| 111|0x0000000086f00000, 0x0000000087000000, 0x0000000087000000|100%| E|CS|TAMS 0x0000000086f00000, 0x0000000086f00000| Complete 
| 112|0x0000000087000000, 0x0000000087100000, 0x0000000087100000|100%| E|CS|TAMS 0x0000000087000000, 0x0000000087000000| Complete 
| 113|0x0000000087100000, 0x0000000087200000, 0x0000000087200000|100%| E|CS|TAMS 0x0000000087100000, 0x0000000087100000| Complete 
| 114|0x0000000087200000, 0x0000000087300000, 0x0000000087300000|100%| E|CS|TAMS 0x0000000087200000, 0x0000000087200000| Complete 
| 115|0x0000000087300000, 0x0000000087400000, 0x0000000087400000|100%| E|CS|TAMS 0x0000000087300000, 0x0000000087300000| Complete 
| 116|0x0000000087400000, 0x0000000087500000, 0x0000000087500000|100%| E|CS|TAMS 0x0000000087400000, 0x0000000087400000| Complete 
| 117|0x0000000087500000, 0x0000000087600000, 0x0000000087600000|100%| E|CS|TAMS 0x0000000087500000, 0x0000000087500000| Complete 
| 118|0x0000000087600000, 0x0000000087700000, 0x0000000087700000|100%| E|CS|TAMS 0x0000000087600000, 0x0000000087600000| Complete 
| 119|0x0000000087700000, 0x0000000087800000, 0x0000000087800000|100%| E|CS|TAMS 0x0000000087700000, 0x0000000087700000| Complete 
| 120|0x0000000087800000, 0x0000000087900000, 0x0000000087900000|100%| E|CS|TAMS 0x0000000087800000, 0x0000000087800000| Complete 
| 121|0x0000000087900000, 0x0000000087a00000, 0x0000000087a00000|100%| E|CS|TAMS 0x0000000087900000, 0x0000000087900000| Complete 
| 122|0x0000000087a00000, 0x0000000087b00000, 0x0000000087b00000|100%| E|CS|TAMS 0x0000000087a00000, 0x0000000087a00000| Complete 
| 123|0x0000000087b00000, 0x0000000087c00000, 0x0000000087c00000|100%| E|CS|TAMS 0x0000000087b00000, 0x0000000087b00000| Complete 
| 124|0x0000000087c00000, 0x0000000087d00000, 0x0000000087d00000|100%| E|CS|TAMS 0x0000000087c00000, 0x0000000087c00000| Complete 
| 125|0x0000000087d00000, 0x0000000087e00000, 0x0000000087e00000|100%| E|CS|TAMS 0x0000000087d00000, 0x0000000087d00000| Complete 
| 126|0x0000000087e00000, 0x0000000087f00000, 0x0000000087f00000|100%| E|CS|TAMS 0x0000000087e00000, 0x0000000087e00000| Complete 
| 127|0x0000000087f00000, 0x0000000088000000, 0x0000000088000000|100%| E|CS|TAMS 0x0000000087f00000, 0x0000000087f00000| Complete 
| 128|0x0000000088000000, 0x0000000088100000, 0x0000000088100000|100%| E|CS|TAMS 0x0000000088000000, 0x0000000088000000| Complete 
| 129|0x0000000088100000, 0x0000000088200000, 0x0000000088200000|100%| E|CS|TAMS 0x0000000088100000, 0x0000000088100000| Complete 
| 130|0x0000000088200000, 0x0000000088300000, 0x0000000088300000|100%| E|CS|TAMS 0x0000000088200000, 0x0000000088200000| Complete 
| 131|0x0000000088300000, 0x0000000088400000, 0x0000000088400000|100%| E|CS|TAMS 0x0000000088300000, 0x0000000088300000| Complete 
| 132|0x0000000088400000, 0x0000000088500000, 0x0000000088500000|100%| E|CS|TAMS 0x0000000088400000, 0x0000000088400000| Complete 
| 133|0x0000000088500000, 0x0000000088600000, 0x0000000088600000|100%| E|CS|TAMS 0x0000000088500000, 0x0000000088500000| Complete 
| 134|0x0000000088600000, 0x0000000088700000, 0x0000000088700000|100%| E|CS|TAMS 0x0000000088600000, 0x0000000088600000| Complete 
| 135|0x0000000088700000, 0x0000000088800000, 0x0000000088800000|100%| E|CS|TAMS 0x0000000088700000, 0x0000000088700000| Complete 
| 136|0x0000000088800000, 0x0000000088900000, 0x0000000088900000|100%| E|CS|TAMS 0x0000000088800000, 0x0000000088800000| Complete 
| 137|0x0000000088900000, 0x0000000088a00000, 0x0000000088a00000|100%| E|CS|TAMS 0x0000000088900000, 0x0000000088900000| Complete 
| 138|0x0000000088a00000, 0x0000000088b00000, 0x0000000088b00000|100%| E|CS|TAMS 0x0000000088a00000, 0x0000000088a00000| Complete 
| 139|0x0000000088b00000, 0x0000000088c00000, 0x0000000088c00000|100%| E|CS|TAMS 0x0000000088b00000, 0x0000000088b00000| Complete 
| 140|0x0000000088c00000, 0x0000000088d00000, 0x0000000088d00000|100%| E|CS|TAMS 0x0000000088c00000, 0x0000000088c00000| Complete 
| 141|0x0000000088d00000, 0x0000000088e00000, 0x0000000088e00000|100%| E|CS|TAMS 0x0000000088d00000, 0x0000000088d00000| Complete 
| 142|0x0000000088e00000, 0x0000000088f00000, 0x0000000088f00000|100%| E|CS|TAMS 0x0000000088e00000, 0x0000000088e00000| Complete 
| 143|0x0000000088f00000, 0x0000000089000000, 0x0000000089000000|100%| E|CS|TAMS 0x0000000088f00000, 0x0000000088f00000| Complete 
| 144|0x0000000089000000, 0x0000000089100000, 0x0000000089100000|100%| E|CS|TAMS 0x0000000089000000, 0x0000000089000000| Complete 
| 145|0x0000000089100000, 0x0000000089200000, 0x0000000089200000|100%| E|CS|TAMS 0x0000000089100000, 0x0000000089100000| Complete 
| 146|0x0000000089200000, 0x0000000089300000, 0x0000000089300000|100%| E|CS|TAMS 0x0000000089200000, 0x0000000089200000| Complete 
| 147|0x0000000089300000, 0x0000000089400000, 0x0000000089400000|100%| E|CS|TAMS 0x0000000089300000, 0x0000000089300000| Complete 
| 148|0x0000000089400000, 0x0000000089500000, 0x0000000089500000|100%| E|CS|TAMS 0x0000000089400000, 0x0000000089400000| Complete 
| 149|0x0000000089500000, 0x0000000089600000, 0x0000000089600000|100%| E|CS|TAMS 0x0000000089500000, 0x0000000089500000| Complete 
| 150|0x0000000089600000, 0x0000000089700000, 0x0000000089700000|100%| E|CS|TAMS 0x0000000089600000, 0x0000000089600000| Complete 
| 151|0x0000000089700000, 0x0000000089800000, 0x0000000089800000|100%| E|CS|TAMS 0x0000000089700000, 0x0000000089700000| Complete 
| 152|0x0000000089800000, 0x0000000089900000, 0x0000000089900000|100%| E|CS|TAMS 0x0000000089800000, 0x0000000089800000| Complete 
| 153|0x0000000089900000, 0x0000000089a00000, 0x0000000089a00000|100%| E|CS|TAMS 0x0000000089900000, 0x0000000089900000| Complete 

Card table byte_map: [0x000002b653f20000,0x000002b654320000] _byte_map_base: 0x000002b653b20000

Marking Bits (Prev, Next): (CMBitMap*) 0x000002b63be347a0, (CMBitMap*) 0x000002b63be34768
 Prev Bits: [0x000002b656720000, 0x000002b658720000)
 Next Bits: [0x000002b654720000, 0x000002b656720000)

Polling page: 0x000002b63bde0000

Metaspace:

Usage:
  Non-class:     24.98 MB capacity,    24.53 MB ( 98%) used,   383.03 KB (  1%) free+waste,    78.25 KB ( <1%) overhead. 
      Class:      3.58 MB capacity,     3.28 MB ( 92%) used,   265.95 KB (  7%) free+waste,    39.38 KB (  1%) overhead. 
       Both:     28.55 MB capacity,    27.81 MB ( 97%) used,   648.98 KB (  2%) free+waste,   117.63 KB ( <1%) overhead. 

Virtual space:
  Non-class space:       26.00 MB reserved,      25.00 MB ( 96%) committed 
      Class space:        1.00 GB reserved,       3.63 MB ( <1%) committed 
             Both:        1.03 GB reserved,      28.63 MB (  3%) committed 

Chunk freelists:
   Non-Class:  2.63 KB
       Class:  2.38 KB
        Both:  5.00 KB

CodeHeap 'non-profiled nmethods': size=238912Kb used=3730Kb max_used=3730Kb free=235181Kb
 bounds [0x000002b6450c0000, 0x000002b645470000, 0x000002b653a10000]
CodeHeap 'non-nmethods': size=6848Kb used=1161Kb max_used=1161Kb free=5686Kb
 bounds [0x000002b644a10000, 0x000002b644c80000, 0x000002b6450c0000]
 total_blobs=2893 nmethods=2384 adapters=419
 compilation: enabled
              stopped_count=0, restarted_count=0
 full_count=0

Compilation events (10 events):
Event: 2.550 Thread 0x000002b65b44c000 2379       1       java.lang.ClassLoader::getDefinedPackage (35 bytes)
Event: 2.551 Thread 0x000002b65b44c000 nmethod 2379 0x000002b645461190 code [0x000002b645461360, 0x000002b6454615f0]
Event: 2.573 Thread 0x000002b65b44c000 2381       1       java.security.Provider::implPut (49 bytes)
Event: 2.573 Thread 0x000002b65b44c000 nmethod 2381 0x000002b645461790 code [0x000002b645461960, 0x000002b645461dd0]
Event: 2.574 Thread 0x000002b65b44c000 2382       1       java.security.Provider::parseLegacyPut (443 bytes)
Event: 2.576 Thread 0x000002b65b44c000 nmethod 2382 0x000002b645461f90 code [0x000002b645462380, 0x000002b645463720]
Event: 2.576 Thread 0x000002b65b44c000 2383       1       java.security.Provider$Service::addAlias (36 bytes)
Event: 2.576 Thread 0x000002b65b44c000 nmethod 2383 0x000002b645464190 code [0x000002b645464360, 0x000002b6454645d0]
Event: 2.576 Thread 0x000002b65b44c000 2384       1       java.util.Collections$EmptyMap::isEmpty (2 bytes)
Event: 2.576 Thread 0x000002b65b44c000 nmethod 2384 0x000002b645464690 code [0x000002b645464820, 0x000002b645464938]

GC Heap History (10 events):
Event: 0.643 GC heap before
{Heap before GC invocations=0 (full 0):
 garbage-first heap   total 131072K, used 14336K [0x0000000080000000, 0x0000000100000000)
  region size 1024K, 14 young (14336K), 0 survivors (0K)
 Metaspace       used 8389K, capacity 8575K, committed 8704K, reserved 1056768K
  class space    used 831K, capacity 908K, committed 1024K, reserved 1048576K
}
Event: 0.651 GC heap after
{Heap after GC invocations=1 (full 0):
 garbage-first heap   total 131072K, used 9237K [0x0000000080000000, 0x0000000100000000)
  region size 1024K, 2 young (2048K), 2 survivors (2048K)
 Metaspace       used 8389K, capacity 8575K, committed 8704K, reserved 1056768K
  class space    used 831K, capacity 908K, committed 1024K, reserved 1048576K
}
Event: 0.973 GC heap before
{Heap before GC invocations=1 (full 0):
 garbage-first heap   total 131072K, used 15381K [0x0000000080000000, 0x0000000100000000)
  region size 1024K, 8 young (8192K), 2 survivors (2048K)
 Metaspace       used 12660K, capacity 12973K, committed 13312K, reserved 1060864K
  class space    used 1323K, capacity 1438K, committed 1536K, reserved 1048576K
}
Event: 0.978 GC heap after
{Heap after GC invocations=2 (full 0):
 garbage-first heap   total 131072K, used 10282K [0x0000000080000000, 0x0000000100000000)
  region size 1024K, 1 young (1024K), 1 survivors (1024K)
 Metaspace       used 12660K, capacity 12973K, committed 13312K, reserved 1060864K
  class space    used 1323K, capacity 1438K, committed 1536K, reserved 1048576K
}
Event: 1.272 GC heap before
{Heap before GC invocations=2 (full 0):
 garbage-first heap   total 131072K, used 27690K [0x0000000080000000, 0x0000000100000000)
  region size 1024K, 18 young (18432K), 1 survivors (1024K)
 Metaspace       used 15955K, capacity 16368K, committed 16512K, reserved 1064960K
  class space    used 1680K, capacity 1827K, committed 1920K, reserved 1048576K
}
Event: 1.278 GC heap after
{Heap after GC invocations=3 (full 0):
 garbage-first heap   total 131072K, used 11634K [0x0000000080000000, 0x0000000100000000)
  region size 1024K, 3 young (3072K), 3 survivors (3072K)
 Metaspace       used 15955K, capacity 16368K, committed 16512K, reserved 1064960K
  class space    used 1680K, capacity 1827K, committed 1920K, reserved 1048576K
}
Event: 1.323 GC heap before
{Heap before GC invocations=3 (full 0):
 garbage-first heap   total 131072K, used 38258K [0x0000000080000000, 0x0000000100000000)
  region size 1024K, 30 young (30720K), 3 survivors (3072K)
 Metaspace       used 15974K, capacity 16371K, committed 16512K, reserved 1064960K
  class space    used 1683K, capacity 1828K, committed 1920K, reserved 1048576K
}
Event: 1.327 GC heap after
{Heap after GC invocations=4 (full 0):
 garbage-first heap   total 131072K, used 11814K [0x0000000080000000, 0x0000000100000000)
  region size 1024K, 2 young (2048K), 2 survivors (2048K)
 Metaspace       used 15974K, capacity 16371K, committed 16512K, reserved 1064960K
  class space    used 1683K, capacity 1828K, committed 1920K, reserved 1048576K
}
Event: 1.703 GC heap before
{Heap before GC invocations=4 (full 0):
 garbage-first heap   total 131072K, used 66086K [0x0000000080000000, 0x0000000100000000)
  region size 1024K, 57 young (58368K), 2 survivors (2048K)
 Metaspace       used 20669K, capacity 21211K, committed 21504K, reserved 1069056K
  class space    used 2295K, capacity 2509K, committed 2560K, reserved 1048576K
}
Event: 1.710 GC heap after
{Heap after GC invocations=5 (full 0):
 garbage-first heap   total 157696K, used 13044K [0x0000000080000000, 0x0000000100000000)
  region size 1024K, 3 young (3072K), 3 survivors (3072K)
 Metaspace       used 20669K, capacity 21211K, committed 21504K, reserved 1069056K
  class space    used 2295K, capacity 2509K, committed 2560K, reserved 1048576K
}

Deoptimization events (0 events):
No events

Classes redefined (0 events):
No events

Internal exceptions (10 events):
Event: 1.995 Thread 0x000002b65b5f6000 Exception <a 'java/lang/NoSuchMethodError'{0x00000000873fee50}: java.lang.invoke.DirectMethodHandle$Holder.invokeStatic(Ljava/lang/Object;J)V> (0x00000000873fee50) thrown at [./open/src/hotspot/share/interpreter/linkResolver.cpp, line 772]
Event: 1.995 Thread 0x000002b65b5f6000 Exception <a 'java/lang/NoSuchMethodError'{0x0000000087204540}: java.lang.invoke.DirectMethodHandle$Holder.invokeStatic(Ljava/lang/Object;J)Ljava/lang/Object;> (0x0000000087204540) thrown at [./open/src/hotspot/share/interpreter/linkResolver.cpp, line 772
Event: 2.005 Thread 0x000002b65b5f6000 Exception <a 'java/lang/NoSuchMethodError'{0x00000000872125d8}: java.lang.invoke.DirectMethodHandle$Holder.invokeStaticInit(Ljava/lang/Object;Ljava/lang/Object;JLjava/lang/Object;)Ljava/lang/Object;> (0x00000000872125d8) thrown at [./open/src/hotspot/shar
Event: 2.006 Thread 0x000002b65b5f6000 Exception <a 'java/lang/NoSuchMethodError'{0x00000000872184c0}: java.lang.invoke.DirectMethodHandle$Holder.invokeStatic(Ljava/lang/Object;Ljava/lang/Object;J)Ljava/lang/Object;> (0x00000000872184c0) thrown at [./open/src/hotspot/share/interpreter/linkReso
Event: 2.007 Thread 0x000002b65b5f6000 Exception <a 'java/lang/NoSuchMethodError'{0x000000008721e790}: java.lang.invoke.Invokers$Holder.linkToTargetMethod(Ljava/lang/Object;JLjava/lang/Object;)Ljava/lang/Object;> (0x000000008721e790) thrown at [./open/src/hotspot/share/interpreter/linkResolver
Event: 2.464 Thread 0x000002b65b5f6000 Exception <a 'java/lang/NoSuchMethodError'{0x0000000086de84c0}: java.lang.invoke.DirectMethodHandle$Holder.invokeStaticInit(Ljava/lang/Object;Ljava/lang/Object;Ljava/lang/Object;Ljava/lang/Object;)I> (0x0000000086de84c0) thrown at [./open/src/hotspot/shar
Event: 2.464 Thread 0x000002b65b5f6000 Exception <a 'java/lang/IncompatibleClassChangeError'{0x0000000086df0f00}: Found class java.lang.Object, but interface was expected> (0x0000000086df0f00) thrown at [./open/src/hotspot/share/interpreter/linkResolver.cpp, line 838]
Event: 2.465 Thread 0x000002b65b5f6000 Exception <a 'java/lang/NoSuchMethodError'{0x0000000086df4268}: java.lang.invoke.DirectMethodHandle$Holder.invokeStaticInit(Ljava/lang/Object;Ljava/lang/Object;)V> (0x0000000086df4268) thrown at [./open/src/hotspot/share/interpreter/linkResolver.cpp, line
Event: 2.470 Thread 0x000002b65b5f6000 Exception <a 'sun/nio/fs/WindowsException'{0x0000000086c1f670}> (0x0000000086c1f670) thrown at [./open/src/hotspot/share/prims/jni.cpp, line 611]
Event: 2.553 Thread 0x000002b65b5f6000 Exception <a 'java/lang/NoSuchMethodError'{0x000000008662ae18}: java.lang.invoke.DirectMethodHandle$Holder.invokeSpecialIFC(Ljava/lang/Object;Ljava/lang/Object;Ljava/lang/Object;Ljava/lang/Object;)Ljava/lang/Object;> (0x000000008662ae18) thrown at [./open

Events (10 events):
Event: 2.575 loading class sun/security/ssl/ClientAuthType
Event: 2.575 loading class sun/security/ssl/ClientAuthType done
Event: 2.575 loading class sun/security/ssl/SSLSessionImpl
Event: 2.576 loading class javax/net/ssl/ExtendedSSLSession
Event: 2.576 loading class javax/net/ssl/SSLSession
Event: 2.576 loading class javax/net/ssl/SSLSession done
Event: 2.576 loading class javax/net/ssl/ExtendedSSLSession done
Event: 2.576 loading class sun/security/ssl/SSLSessionImpl done
Event: 2.576 loading class sun/security/ssl/SessionId
Event: 2.576 loading class sun/security/ssl/SessionId done


Dynamic libraries:
0x00007ff60e6a0000 - 0x00007ff60e6e7000 	C:\Program Files\Java\jdk-11.0.7\bin\javaw.exe
0x00007ffff89a0000 - 0x00007ffff8b7b000 	C:\Windows\SYSTEM32\ntdll.dll
0x00007ffff8340000 - 0x00007ffff83ee000 	C:\Windows\System32\KERNEL32.DLL
0x00007ffff5480000 - 0x00007ffff56c9000 	C:\Windows\System32\KERNELBASE.dll
0x00007ffff1b80000 - 0x00007ffff1bfe000 	C:\Windows\SYSTEM32\apphelp.dll
0x00007fffb03d0000 - 0x00007fffb0852000 	C:\Windows\AppPatch\AppPatch64\AcLayers.DLL
0x00007ffff6870000 - 0x00007ffff690d000 	C:\Windows\System32\msvcrt.dll
0x00007ffff5f60000 - 0x00007ffff60aa000 	C:\Windows\System32\USER32.dll
0x00007ffff57e0000 - 0x00007ffff57fe000 	C:\Windows\System32\win32u.dll
0x00007ffff64f0000 - 0x00007ffff6517000 	C:\Windows\System32\GDI32.dll
0x00007ffff5030000 - 0x00007ffff51b9000 	C:\Windows\System32\gdi32full.dll
0x00007ffff53e0000 - 0x00007ffff547a000 	C:\Windows\System32\msvcp_win.dll
0x00007ffff4f30000 - 0x00007ffff5026000 	C:\Windows\System32\ucrtbase.dll
0x00007ffff6760000 - 0x00007ffff67b1000 	C:\Windows\System32\SHLWAPI.dll
0x00007ffff8040000 - 0x00007ffff8339000 	C:\Windows\System32\combase.dll
0x00007ffff7df0000 - 0x00007ffff7f15000 	C:\Windows\System32\RPCRT4.dll
0x00007ffff4ec0000 - 0x00007ffff4f2a000 	C:\Windows\System32\bcryptPrimitives.dll
0x00007fffeebf0000 - 0x00007fffeec79000 	C:\Windows\SYSTEM32\WINSPOOL.DRV
0x00007ffff4d50000 - 0x00007ffff4d75000 	C:\Windows\SYSTEM32\bcrypt.dll
0x000002b639f70000 - 0x000002b639f73000 	C:\Windows\SYSTEM32\sfc.dll
0x00007fffec280000 - 0x00007fffec291000 	C:\Windows\SYSTEM32\sfc_os.DLL
0x00007ffff8000000 - 0x00007ffff802d000 	C:\Windows\System32\IMM32.DLL
0x00007ffff7f20000 - 0x00007ffff7fc1000 	C:\Windows\System32\ADVAPI32.dll
0x00007ffff6490000 - 0x00007ffff64e9000 	C:\Windows\System32\sechost.dll
0x00007ffff2480000 - 0x00007ffff26e7000 	C:\Windows\WinSxS\amd64_microsoft.windows.common-controls_6595b64144ccf1df_6.0.15063.0_none_108e4f62dfe5d999\COMCTL32.dll
0x00007ffff4a90000 - 0x00007ffff4a9a000 	C:\Windows\SYSTEM32\VERSION.dll
0x00007ffff4c80000 - 0x00007ffff4cdd000 	C:\Program Files\Citrix\System32\MfApHook64.dll
0x00007ffff3e30000 - 0x00007ffff3e5b000 	C:\Program Files\Citrix\ICAService\CtxDodHook64.dll
0x00007ffff4ba0000 - 0x00007ffff4bd2000 	C:\Program Files\Citrix\ICAService\picaFullScreenHookX64.dll
0x00007ffff4620000 - 0x00007ffff4656000 	C:\Program Files\Citrix\ICAService\ShellHook64.dll
0x00007ffff6520000 - 0x00007ffff6663000 	C:\Windows\System32\ole32.dll
0x00007ffff69b0000 - 0x00007ffff7de7000 	C:\Windows\System32\SHELL32.dll
0x00007ffff51c0000 - 0x00007ffff5209000 	C:\Windows\System32\cfgmgr32.dll
0x00007ffff67c0000 - 0x00007ffff686a000 	C:\Windows\System32\shcore.dll
0x00007ffff5800000 - 0x00007ffff5ef2000 	C:\Windows\System32\windows.storage.dll
0x00007ffff4e10000 - 0x00007ffff4e21000 	C:\Windows\System32\kernel.appcore.dll
0x00007ffff4e50000 - 0x00007ffff4e9c000 	C:\Windows\System32\powrprof.dll
0x00007ffff4ea0000 - 0x00007ffff4eb5000 	C:\Windows\System32\profapi.dll
0x00007ffff44a0000 - 0x00007ffff461a000 	C:\Program Files\Citrix\ICAService\SCardHook64.dll
0x00007ffff41a0000 - 0x00007ffff41ca000 	C:\Program Files\Citrix\ICAService\cxinjime64.dll
0x00007ffff4150000 - 0x00007ffff419c000 	C:\Program Files\Citrix\ICAService\PicaWtsHook64.dll
0x00007fffdacb0000 - 0x00007fffdacc6000 	C:\Program Files\Java\jdk-11.0.7\bin\vcruntime140.dll
0x00007fffdac00000 - 0x00007fffdacaa000 	C:\Program Files\Java\jdk-11.0.7\bin\msvcp140.dll
0x00007fffc6dd0000 - 0x00007fffc7931000 	C:\Program Files\Java\jdk-11.0.7\bin\server\jvm.dll
0x00007ffff6360000 - 0x00007ffff6368000 	C:\Windows\System32\PSAPI.DLL
0x00007fffe8030000 - 0x00007fffe8039000 	C:\Windows\SYSTEM32\WSOCK32.dll
0x00007fffee9b0000 - 0x00007fffee9d3000 	C:\Windows\SYSTEM32\WINMM.dll
0x00007ffff66f0000 - 0x00007ffff675c000 	C:\Windows\System32\WS2_32.dll
0x00007fffee7a0000 - 0x00007fffee7cb000 	C:\Windows\SYSTEM32\WINMMBASE.dll
0x00007ffff2cb0000 - 0x00007ffff2cc1000 	C:\Program Files\Java\jdk-11.0.7\bin\verify.dll
0x00007ffff3e60000 - 0x00007ffff4009000 	C:\Windows\SYSTEM32\DBGHELP.DLL
0x00007ffff3d70000 - 0x00007ffff3d99000 	C:\Windows\SYSTEM32\dbgcore.DLL
0x00007fffe7840000 - 0x00007fffe7869000 	C:\Program Files\Java\jdk-11.0.7\bin\java.dll
0x00007fffefd20000 - 0x00007fffefd2a000 	C:\Program Files\Java\jdk-11.0.7\bin\jimage.dll
0x00007fffe7820000 - 0x00007fffe7836000 	C:\Program Files\Java\jdk-11.0.7\bin\zip.dll
0x00007fffe7800000 - 0x00007fffe7819000 	C:\Program Files\Java\jdk-11.0.7\bin\net.dll
0x00007fffee530000 - 0x00007fffee607000 	C:\Windows\SYSTEM32\WINHTTP.dll
0x00007ffff3860000 - 0x00007ffff38bc000 	C:\Windows\system32\mswsock.dll
0x00007fffe77e0000 - 0x00007fffe77f3000 	C:\Program Files\Java\jdk-11.0.7\bin\nio.dll
0x00007fffdad70000 - 0x00007fffdad79000 	C:\Program Files\Java\jdk-11.0.7\bin\management.dll
0x00007fffdabb0000 - 0x00007fffdabbc000 	C:\Program Files\Java\jdk-11.0.7\bin\management_ext.dll
0x00007fffed5e0000 - 0x00007fffed5f6000 	C:\Windows\system32\napinsp.dll
0x00007fffed6d0000 - 0x00007fffed6ea000 	C:\Windows\system32\pnrpnsp.dll
0x00007ffff06a0000 - 0x00007ffff06b8000 	C:\Windows\system32\NLAapi.dll
0x00007ffff3650000 - 0x00007ffff36f4000 	C:\Windows\SYSTEM32\DNSAPI.dll
0x00007ffff8030000 - 0x00007ffff8038000 	C:\Windows\System32\NSI.dll
0x00007ffff3610000 - 0x00007ffff3647000 	C:\Windows\SYSTEM32\IPHLPAPI.DLL
0x00007fffed6f0000 - 0x00007fffed6fe000 	C:\Windows\System32\winrnr.dll
0x00007fffeef20000 - 0x00007fffeef2a000 	C:\Windows\System32\rasadhlp.dll
0x00007ffff0050000 - 0x00007ffff00bb000 	C:\Windows\System32\fwpuclnt.dll
0x00007ffff3e10000 - 0x00007ffff3e27000 	C:\Windows\SYSTEM32\CRYPTSP.dll
0x00007ffff34a0000 - 0x00007ffff34d4000 	C:\Windows\system32\rsaenh.dll
0x00007ffff4d10000 - 0x00007ffff4d39000 	C:\Windows\SYSTEM32\USERENV.dll
0x00007ffff3a00000 - 0x00007ffff3a0b000 	C:\Windows\SYSTEM32\CRYPTBASE.dll
0x00007ffff0030000 - 0x00007ffff0046000 	C:\Windows\SYSTEM32\dhcpcsvc6.DLL
0x00007fffeff20000 - 0x00007fffeff3a000 	C:\Windows\SYSTEM32\dhcpcsvc.DLL
0x00007fffe5ef0000 - 0x00007fffe5efe000 	C:\Program Files\Java\jdk-11.0.7\bin\sunmscapi.dll
0x00007ffff5210000 - 0x00007ffff53d9000 	C:\Windows\System32\CRYPT32.dll
0x00007ffff4e30000 - 0x00007ffff4e41000 	C:\Windows\System32\MSASN1.dll
0x00007ffff3ad0000 - 0x00007ffff3af5000 	C:\Windows\SYSTEM32\ncrypt.dll
0x00007ffff3a90000 - 0x00007ffff3ac6000 	C:\Windows\SYSTEM32\NTASN1.dll
0x00007fffdadb0000 - 0x00007fffdadd6000 	C:\Program Files\Java\jdk-11.0.7\bin\sunec.dll

dbghelp: loaded successfully - version: 4.0.5 - missing functions: none
symbol engine: initialized successfully - sym options: 0x614 - pdb path: .;C:\Program Files\Java\jdk-11.0.7\bin;C:\Windows\SYSTEM32;C:\Windows\AppPatch\AppPatch64;C:\Windows\WinSxS\amd64_microsoft.windows.common-controls_6595b64144ccf1df_6.0.15063.0_none_108e4f62dfe5d999;C:\Program Files\Citrix\System32;C:\Program Files\Citrix\ICAService;C:\Program Files\Java\jdk-11.0.7\bin\server

VM Arguments:
jvm_args: -Dcom.sun.management.jmxremote -Dcom.sun.management.jmxremote.port=57936 -Dcom.sun.management.jmxremote.authenticate=false -Dcom.sun.management.jmxremote.ssl=false -Djava.rmi.server.hostname=localhost -Dspring.jmx.enabled=true -Dspring.liveBeansView.mbeanDomain -Dspring.application.admin.enabled=true -Xverify:none -XX:TieredStopAtLevel=1 -Dfile.encoding=Cp1252 
java_command: com.rabo.loan.management.LoanmanagementApiApplication --spring.output.ansi.enabled=always
java_class_path (initial): C:\GitCode\LoanManagementSystem\loanmanagement-api\bin\main;C:\Users\ctsjava107\.gradle\caches\modules-2\files-2.1\de.codecentric\spring-boot-admin-starter-client\2.2.3\e8f0c13b69b3e609a5fa8b682dec42e019ff695f\spring-boot-admin-starter-client-2.2.3.jar;C:\Users\ctsjava107\.gradle\caches\modules-2\files-2.1\de.codecentric\spring-boot-admin-client\2.2.3\b87976199da4a04c115519a88203524c8594458c\spring-boot-admin-client-2.2.3.jar;C:\Users\ctsjava107\.gradle\caches\modules-2\files-2.1\de.codecentric\spring-boot-admin-starter-server\2.2.3\ae4278994f10a8e6d3138033e47c8267303c919f\spring-boot-admin-starter-server-2.2.3.jar;C:\Users\ctsjava107\.gradle\caches\modules-2\files-2.1\de.codecentric\spring-boot-admin-server-ui\2.2.3\4a5b19989818b8a75371d4b4a8a8260c5a66c2ca\spring-boot-admin-server-ui-2.2.3.jar;C:\Users\ctsjava107\.gradle\caches\modules-2\files-2.1\de.codecentric\spring-boot-admin-server-cloud\2.2.3\7af8f65f91e4059cc1f2a4fed765d36d54e49b40\spring-boot-admin-server-cloud-2.2.3.jar;C:\Users\ctsjava107\.gradle\caches\modules-2\files-2.1\de.codecentric\spring-boot-admin-server\2.2.3\f6dc05174000367fa36d82c579785d26ba90fb09\spring-boot-admin-server-2.2.3.jar;C:\Users\ctsjava107\.gradle\caches\modules-2\files-2.1\org.springframework.boot\spring-boot-starter-actuator\2.3.1.RELEASE\d7de3431d77815be239951d39b4ecd3fbe004e75\spring-boot-starter-actuator-2.3.1.RELEASE.jar;C:\Users\ctsjava107\.gradle\caches\modules-2\files-2.1\org.springframework.boot\spring-boot-starter-data-rest\2.3.1.RELEASE\7ef1492ca65cdf498d48dc69384b365f5f4ccf89\spring-boot-starter-data-rest-2.3.1.RELEASE.jar;C:\Users\ctsjava107\.gradle\caches\modules-2\files-2.1\org.springframework.boot\spring-boot-starter-jersey\2.3.1.RELEASE\d81bc99cb532dbc68b5514079ad5f141de79b760\spring-boot-starter-jersey-2.3.1.RELEASE.jar;C:\Users\ctsjava107\.gradle\caches\modules-2\files-2.1\org.springframework.boot\spring-boot-starter-web-services\2.3.1.RELEASE\6461a9d0abd97cf911cae189a481965a4ae05ccc\
Launcher Type: SUN_STANDARD

[Global flags]
     bool BytecodeVerificationLocal                = false                                     {product} {command line}
     bool BytecodeVerificationRemote               = false                                     {product} {command line}
     intx CICompilerCount                          = 3                                         {product} {ergonomic}
     uint ConcGCThreads                            = 1                                         {product} {ergonomic}
     uint G1ConcRefinementThreads                  = 4                                         {product} {ergonomic}
   size_t G1HeapRegionSize                         = 1048576                                   {product} {ergonomic}
    uintx GCDrainStackTargetSize                   = 64                                        {product} {ergonomic}
   size_t InitialHeapSize                          = 134217728                                 {product} {ergonomic}
     bool ManagementServer                         = true                                      {product} {command line}
   size_t MarkStackSize                            = 4194304                                   {product} {ergonomic}
   size_t MaxHeapSize                              = 2147483648                                {product} {ergonomic}
   size_t MaxNewSize                               = 1287651328                                {product} {ergonomic}
   size_t MinHeapDeltaBytes                        = 1048576                                   {product} {ergonomic}
    uintx NonNMethodCodeHeapSize                   = 6973028                                {pd product} {ergonomic}
    uintx NonProfiledCodeHeapSize                  = 244685212                              {pd product} {ergonomic}
    uintx ProfiledCodeHeapSize                     = 0                                      {pd product} {ergonomic}
    uintx ReservedCodeCacheSize                    = 251658240                              {pd product} {ergonomic}
     bool SegmentedCodeCache                       = true                                      {product} {ergonomic}
     intx TieredStopAtLevel                        = 1                                         {product} {command line}
     bool UseCompressedClassPointers               = true                                 {lp64_product} {ergonomic}
     bool UseCompressedOops                        = true                                 {lp64_product} {ergonomic}
     bool UseG1GC                                  = true                                      {product} {ergonomic}
     bool UseLargePagesIndividualAllocation        = false                                  {pd product} {ergonomic}

Logging:
Log output configuration:
 #0: stdout all=warning uptime,level,tags
 #1: stderr all=off uptime,level,tags

Environment Variables:
PATH=C:/Program Files/Java/jdk-11.0.7/bin/server;C:/Program Files/Java/jdk-11.0.7/bin;C:\Program Files (x86)\Microsoft SDKs\Azure\CLI2\wbin;C:\ProgramData\DockerDesktop\version-bin;C:\Program Files\Docker\Docker\Resources\bin;C:\Program Files (x86)\Python38-32\Scripts\;C:\Program Files (x86)\Python38-32\;C:\Windows\system32;C:\Windows;C:\Windows\System32\Wbem;C:\Windows\System32\WindowsPowerShell\v1.0\;C:\Program Files\Citrix\System32\;C:\Program Files\Citrix\ICAService\;C:\Program Files\Citrix\Virtual Desktop Agent\;C:\Program Files\Java\jdk-11.0.7\bin;C:\apache-maven-3.6.3-bin\apache-maven-3.6.3\bin;D:\sonarqube-8.3.1.34397\sonarqube-8.3.1.34397\bin;C:\Program Files\nodejs\;C:\Program Files\Git\cmd;C:\Program Files\Microsoft VS Code\bin;C:\Program Files\Amazon\AWSCLIV2\;D:\java\curl-7.68.0-win64-mingw\curl-7.68.0-win64-mingw\bin;C:\Program Files\Cloud Foundry;C:\Users\ctsjava107\AppData\Roaming\npm\node_modules\@angular\cli\bin;C:\Users\ctsjava107\AppData\Roaming\npm;C:\Users\ctsjava107\AppData\Local\Microsoft\WindowsApps;;D:\spring-tool-suite-3.9.9.RELEASE-e4.12.0-win32-x86_64\sts-bundle\sts-3.9.9.RELEASE;
USERNAME=ctsjava107
OS=Windows_NT
PROCESSOR_IDENTIFIER=Intel64 Family 6 Model 79 Stepping 1, GenuineIntel



---------------  S Y S T E M  ---------------

OS: Windows 10 , 64 bit Build 15063 (10.0.15063.0)

CPU:total 4 (initial active 4) (2 cores per cpu, 1 threads per core) family 6 model 79 stepping 1, cmov, cx8, fxsr, mmx, sse, sse2, sse3, ssse3, sse4.1, sse4.2, popcnt, avx, avx2, aes, clmul, erms, rtm, 3dnowpref, lzcnt, tsc, tscinvbit, bmi1, bmi2, adx, fma

Memory: 4k page, system-wide physical 8191M (769M free)
TotalPageFile size 10433M (AvailPageFile size 1582M)
current process WorkingSet (physical memory assigned to process): 174M, peak: 174M
current process commit charge ("private bytes"): 272M, peak: 272M

vm_info: Java HotSpot(TM) 64-Bit Server VM (11.0.7+8-LTS) for windows-amd64 JRE (11.0.7+8-LTS), built on Mar 12 2020 02:04:32 by "mach5one" with MS VC++ 15.5 (VS2017)

END.
