#
# A fatal error has been detected by the Java Runtime Environment:
#
#  EXCEPTION_ACCESS_VIOLATION (0xc0000005) at pc=0x00007fffc74c3936, pid=13564, tid=5508
#
# JRE version: Java(TM) SE Runtime Environment 18.9 (11.0.7+8) (build 11.0.7+8-LTS)
# Java VM: Java HotSpot(TM) 64-Bit Server VM 18.9 (11.0.7+8-LTS, mixed mode, tiered, compressed oops, g1 gc, windows-amd64)
# Problematic frame:
# V  [jvm.dll+0x6f3936]
#
# No core dump will be written. Minidumps are not enabled by default on client versions of Windows
#
# If you would like to submit a bug report, please visit:
#   https://bugreport.java.com/bugreport/crash.jsp
#

---------------  S U M M A R Y ------------

Command Line: -Dcom.sun.management.jmxremote -Dcom.sun.management.jmxremote.port=53267 -Dcom.sun.management.jmxremote.authenticate=false -Dcom.sun.management.jmxremote.ssl=false -Djava.rmi.server.hostname=localhost -Dspring.jmx.enabled=true -Dspring.liveBeansView.mbeanDomain -Dspring.application.admin.enabled=true -Xverify:none -XX:TieredStopAtLevel=1 -Dfile.encoding=Cp1252 com.rabo.loan.management.LoanmanagementApiApplication --spring.output.ansi.enabled=always

Host: Intel(R) Xeon(R) CPU E5-2696 v4 @ 2.20GHz, 4 cores, 7G,  Windows 10 , 64 bit Build 15063 (10.0.15063.0)
Time: Wed Jul 22 12:53:53 2020 India Standard Time elapsed time: 1 seconds (0d 0h 0m 1s)

---------------  T H R E A D  ---------------

Current thread (0x0000017a6d392800):  WatcherThread [stack: 0x000000716ec00000,0x000000716ed00000] [id=5508]

Stack: [0x000000716ec00000,0x000000716ed00000],  sp=0x000000716ecff5c0,  free space=1021k
Native frames: (J=compiled Java code, j=interpreted, Vv=VM code, C=native code)
V  [jvm.dll+0x6f3936]
V  [jvm.dll+0x73fc7d]
V  [jvm.dll+0x765fe9]
V  [jvm.dll+0x75e875]
V  [jvm.dll+0x660b26]
C  [ucrtbase.dll+0x20369]
C  [KERNEL32.DLL+0x12774]
C  [ntdll.dll+0x70d61]


siginfo: EXCEPTION_ACCESS_VIOLATION (0xc0000005), reading address 0x0000000c0000000b


Register to memory mapping:

RIP=0x00007fffc74c3936 jvm.dll
RAX=0x0000000c0000000b is an unknown value
RBX=0x0 is NULL
RCX=0x0000017a6d3382e0 points into unknown readable memory: e8 4a 6d c7 ff 7f 00 00
RDX=0x0000000000000032 is an unknown value
RSP=0x000000716ecff5c0 points into unknown readable memory: 00 28 39 6d 7a 01 00 00
RBP=0x0000000000000002 is an unknown value
RSI=0x0000017a6d2e7580 points into unknown readable memory: 0b 00 00 00 0c 00 00 00
RDI=0x0000000000000001 is an unknown value
R8 =0x0 is NULL
R9 =0x0000017a55b60b80 is at begin+0 in a stub
StubRoutines::atomic_cmpxchg_long [0x0000017a55b60b80, 0x0000017a55b60b89[ (9 bytes)
R10=0x0 is NULL
R11=0x0000000000000246 is an unknown value
R12=0x0 is NULL
R13=0x0000017a6d392800 points into unknown readable memory: 18 92 6d c7 ff 7f 00 00
R14=0x0000000000000032 is an unknown value
R15=0x0000017a6d2aedf0 points into unknown readable memory: 00 00 00 00 00 00 00 00


Registers:
RAX=0x0000000c0000000b, RBX=0x0000000000000000, RCX=0x0000017a6d3382e0, RDX=0x0000000000000032
RSP=0x000000716ecff5c0, RBP=0x0000000000000002, RSI=0x0000017a6d2e7580, RDI=0x0000000000000001
R8 =0x0000000000000000, R9 =0x0000017a55b60b80, R10=0x0000000000000000, R11=0x0000000000000246
R12=0x0000000000000000, R13=0x0000017a6d392800, R14=0x0000000000000032, R15=0x0000017a6d2aedf0
RIP=0x00007fffc74c3936, EFLAGS=0x0000000000010246

Top of Stack: (sp=0x000000716ecff5c0)
0x000000716ecff5c0:   0000017a6d392800 0000017a6d392800
0x000000716ecff5d0:   000216e57ed2bbb3 00007fffc74042d9
0x000000716ecff5e0:   00007fffc787abc8 00007fffc750fc7d
0x000000716ecff5f0:   0000017a4d7f9980 0000017a4d7f9980
0x000000716ecff600:   0000017a6d2aedf0 431bde82d7b634db
0x000000716ecff610:   0000017a6d2aedf0 000216e57ed2bbb3
0x000000716ecff620:   0000017a4d7f9980 00007fffc7535fe9
0x000000716ecff630:   0000000000000001 0000000000000032
0x000000716ecff640:   0000000000000032 0000000000000002
0x000000716ecff650:   000000716ecff6e0 00007ffff8a19b2b
0x000000716ecff660:   00007ffff89a0000 0000000000000000
0x000000716ecff670:   0000000000000000 000000716d2b8000
0x000000716ecff680:   0000000000000000 00007ffff8a19ae8
0x000000716ecff690:   0000017a6d392800 0000000000000000
0x000000716ecff6a0:   0000000000100000 000000716ecffaf0
0x000000716ecff6b0:   000000716ec00000 00007fffc752e875 

Instructions: (pc=0x00007fffc74c3936)
0x00007fffc74c3916:   cc cc cc cc cc cc cc cc cc cc 48 89 5c 24 10 56
0x00007fffc74c3926:   48 83 ec 20 48 8b 35 67 23 3b 00 33 db 48 8b 06
0x00007fffc74c3936:   39 18 7e 27 48 89 7c 24 30 8b fb 48 8b 40 18 48
0x00007fffc74c3946:   8b 0c 07 48 8b 01 ff 50 08 48 8b 06 48 8d 7f 08 


Stack slot to memory mapping:
stack at sp + 0 slots: 0x0000017a6d392800 points into unknown readable memory: 18 92 6d c7 ff 7f 00 00
stack at sp + 1 slots: 0x0000017a6d392800 points into unknown readable memory: 18 92 6d c7 ff 7f 00 00
stack at sp + 2 slots: 0x000216e57ed2bbb3 is an unknown value
stack at sp + 3 slots: 0x00007fffc74042d9 jvm.dll
stack at sp + 4 slots: 0x00007fffc787abc8 jvm.dll
stack at sp + 5 slots: 0x00007fffc750fc7d jvm.dll
stack at sp + 6 slots: 0x0000017a4d7f9980 points into unknown readable memory: 01 00 00 00 00 00 00 00
stack at sp + 7 slots: 0x0000017a4d7f9980 points into unknown readable memory: 01 00 00 00 00 00 00 00


---------------  P R O C E S S  ---------------

Threads class SMR info:
_java_thread_list=0x0000017a6d3317e0, length=12, elements={
0x0000017a4d7fb000, 0x0000017a6c4ef800, 0x0000017a6c503800, 0x0000017a6c54f000,
0x0000017a6c551000, 0x0000017a6c552000, 0x0000017a6c575000, 0x0000017a69955000,
0x0000017a6c7a0000, 0x0000017a6d303000, 0x0000017a6d310800, 0x0000017a6d337800
}

Java Threads: ( => current thread )
  0x0000017a4d7fb000 JavaThread "main" [_thread_in_Java, id=10308, stack(0x000000716d800000,0x000000716d900000)]
  0x0000017a6c4ef800 JavaThread "Reference Handler" daemon [_thread_blocked, id=8444, stack(0x000000716df00000,0x000000716e000000)]
  0x0000017a6c503800 JavaThread "Finalizer" daemon [_thread_blocked, id=8096, stack(0x000000716e000000,0x000000716e100000)]
  0x0000017a6c54f000 JavaThread "Signal Dispatcher" daemon [_thread_blocked, id=12968, stack(0x000000716e100000,0x000000716e200000)]
  0x0000017a6c551000 JavaThread "Attach Listener" daemon [_thread_blocked, id=668, stack(0x000000716e200000,0x000000716e300000)]
  0x0000017a6c552000 JavaThread "C1 CompilerThread0" daemon [_thread_in_native, id=14320, stack(0x000000716e300000,0x000000716e400000)]
  0x0000017a6c575000 JavaThread "Sweeper thread" daemon [_thread_blocked, id=5020, stack(0x000000716e400000,0x000000716e500000)]
  0x0000017a69955000 JavaThread "Common-Cleaner" daemon [_thread_blocked, id=14316, stack(0x000000716e500000,0x000000716e600000)]
  0x0000017a6c7a0000 JavaThread "Service Thread" daemon [_thread_blocked, id=12240, stack(0x000000716e600000,0x000000716e700000)]
  0x0000017a6d303000 JavaThread "RMI TCP Accept-0" daemon [_thread_in_native, id=10428, stack(0x000000716e900000,0x000000716ea00000)]
  0x0000017a6d310800 JavaThread "RMI TCP Accept-53267" daemon [_thread_in_native, id=6344, stack(0x000000716ea00000,0x000000716eb00000)]
  0x0000017a6d337800 JavaThread "RMI TCP Accept-0" daemon [_thread_in_native, id=1180, stack(0x000000716eb00000,0x000000716ec00000)]

Other Threads:
  0x0000017a6c4e5800 VMThread "VM Thread" [stack: 0x000000716de00000,0x000000716df00000] [id=10784]
=>0x0000017a6d392800 WatcherThread [stack: 0x000000716ec00000,0x000000716ed00000] [id=5508]
  0x0000017a4d80f800 GCTaskThread "GC Thread#0" [stack: 0x000000716d900000,0x000000716da00000] [id=10384]
  0x0000017a6d2c1800 GCTaskThread "GC Thread#1" [stack: 0x000000716e700000,0x000000716e800000] [id=10152]
  0x0000017a6d2c2800 GCTaskThread "GC Thread#2" [stack: 0x000000716e800000,0x000000716e900000] [id=13856]
  0x0000017a69770800 ConcurrentGCThread "G1 Main Marker" [stack: 0x000000716da00000,0x000000716db00000] [id=10196]
  0x0000017a69773800 ConcurrentGCThread "G1 Conc#0" [stack: 0x000000716db00000,0x000000716dc00000] [id=2356]
  0x0000017a697ff000 ConcurrentGCThread "G1 Refine#0" [stack: 0x000000716dc00000,0x000000716dd00000] [id=9256]
  0x0000017a69801800 ConcurrentGCThread "G1 Young RemSet Sampling" [stack: 0x000000716dd00000,0x000000716de00000] [id=1772]

Threads with active compile tasks:
C1 CompilerThread01151       1       sun.util.locale.BaseLocale::<init> (76 bytes)

VM state:not at safepoint (normal execution)

VM Mutex/Monitor currently owned by a thread:  ([mutex/lock_event])
[0x0000017a4d7f7850] CodeCache_lock - owner thread: 0x0000017a6c552000
[0x0000017a4d7f7580] Compile_lock - owner thread: 0x0000017a6c552000
[0x0000017a4d7f7970] MethodData_lock - owner thread: 0x0000017a4d7fb000
[0x0000017a4d7f7c40] MethodCompileQueue_lock - owner thread: 0x0000017a6c552000
[0x0000017a4d7f9980] PeriodicTask_lock - owner thread: 0x0000017a6d392800

Heap address: 0x0000000080000000, size: 2048 MB, Compressed Oops mode: 32-bit
Narrow klass base: 0x0000000000000000, Narrow klass shift: 3
Compressed class space size: 1073741824 Address: 0x0000000100000000

Heap:
 garbage-first heap   total 131072K, used 10503K [0x0000000080000000, 0x0000000100000000)
  region size 1024K, 3 young (3072K), 2 survivors (2048K)
 Metaspace       used 13042K, capacity 13363K, committed 13568K, reserved 1060864K
  class space    used 1365K, capacity 1504K, committed 1536K, reserved 1048576K
Heap Regions: E=young(eden), S=young(survivor), O=old, HS=humongous(starts), HC=humongous(continues), CS=collection set, F=free, A=archive, TAMS=top-at-mark-start (previous, next)
|   0|0x0000000080000000, 0x0000000080100000, 0x0000000080100000|100%|HS|  |TAMS 0x0000000080000000, 0x0000000080000000| Complete 
|   1|0x0000000080100000, 0x0000000080200000, 0x0000000080200000|100%| O|  |TAMS 0x0000000080100000, 0x0000000080100000| Untracked 
|   2|0x0000000080200000, 0x0000000080300000, 0x0000000080300000|100%| O|  |TAMS 0x0000000080200000, 0x0000000080200000| Untracked 
|   3|0x0000000080300000, 0x0000000080400000, 0x0000000080400000|100%| O|  |TAMS 0x0000000080300000, 0x0000000080300000| Untracked 
|   4|0x0000000080400000, 0x0000000080500000, 0x0000000080500000|100%| O|  |TAMS 0x0000000080400000, 0x0000000080400000| Untracked 
|   5|0x0000000080500000, 0x0000000080600000, 0x0000000080600000|100%| O|  |TAMS 0x0000000080500000, 0x0000000080500000| Untracked 
|   6|0x0000000080600000, 0x0000000080700000, 0x0000000080700000|100%| O|  |TAMS 0x0000000080600000, 0x0000000080600000| Untracked 
|   7|0x0000000080700000, 0x0000000080800000, 0x0000000080800000|100%| O|  |TAMS 0x0000000080700000, 0x0000000080700000| Untracked 
|   8|0x0000000080800000, 0x0000000080900000, 0x0000000080900000|100%| O|  |TAMS 0x0000000080800000, 0x0000000080800000| Untracked 
|   9|0x0000000080900000, 0x0000000080900000, 0x0000000080a00000|  0%| F|  |TAMS 0x0000000080900000, 0x0000000080900000| Untracked 
|  10|0x0000000080a00000, 0x0000000080a00000, 0x0000000080b00000|  0%| F|  |TAMS 0x0000000080a00000, 0x0000000080a00000| Untracked 
|  11|0x0000000080b00000, 0x0000000080b00000, 0x0000000080c00000|  0%| F|  |TAMS 0x0000000080b00000, 0x0000000080b00000| Untracked 
|  12|0x0000000080c00000, 0x0000000080c00000, 0x0000000080d00000|  0%| F|  |TAMS 0x0000000080c00000, 0x0000000080c00000| Untracked 
|  13|0x0000000080d00000, 0x0000000080d00000, 0x0000000080e00000|  0%| F|  |TAMS 0x0000000080d00000, 0x0000000080d00000| Untracked 
|  14|0x0000000080e00000, 0x0000000080e00000, 0x0000000080f00000|  0%| F|  |TAMS 0x0000000080e00000, 0x0000000080e00000| Untracked 
|  15|0x0000000080f00000, 0x0000000080f00000, 0x0000000081000000|  0%| F|  |TAMS 0x0000000080f00000, 0x0000000080f00000| Untracked 
|  16|0x0000000081000000, 0x0000000081000000, 0x0000000081100000|  0%| F|  |TAMS 0x0000000081000000, 0x0000000081000000| Untracked 
|  17|0x0000000081100000, 0x0000000081100000, 0x0000000081200000|  0%| F|  |TAMS 0x0000000081100000, 0x0000000081100000| Untracked 
|  18|0x0000000081200000, 0x0000000081200000, 0x0000000081300000|  0%| F|  |TAMS 0x0000000081200000, 0x0000000081200000| Untracked 
|  19|0x0000000081300000, 0x0000000081300000, 0x0000000081400000|  0%| F|  |TAMS 0x0000000081300000, 0x0000000081300000| Untracked 
|  20|0x0000000081400000, 0x0000000081400000, 0x0000000081500000|  0%| F|  |TAMS 0x0000000081400000, 0x0000000081400000| Untracked 
|  21|0x0000000081500000, 0x0000000081500000, 0x0000000081600000|  0%| F|  |TAMS 0x0000000081500000, 0x0000000081500000| Untracked 
|  22|0x0000000081600000, 0x0000000081600000, 0x0000000081700000|  0%| F|  |TAMS 0x0000000081600000, 0x0000000081600000| Untracked 
|  23|0x0000000081700000, 0x0000000081700000, 0x0000000081800000|  0%| F|  |TAMS 0x0000000081700000, 0x0000000081700000| Untracked 
|  24|0x0000000081800000, 0x0000000081800000, 0x0000000081900000|  0%| F|  |TAMS 0x0000000081800000, 0x0000000081800000| Untracked 
|  25|0x0000000081900000, 0x0000000081900000, 0x0000000081a00000|  0%| F|  |TAMS 0x0000000081900000, 0x0000000081900000| Untracked 
|  26|0x0000000081a00000, 0x0000000081a00000, 0x0000000081b00000|  0%| F|  |TAMS 0x0000000081a00000, 0x0000000081a00000| Untracked 
|  27|0x0000000081b00000, 0x0000000081b00000, 0x0000000081c00000|  0%| F|  |TAMS 0x0000000081b00000, 0x0000000081b00000| Untracked 
|  28|0x0000000081c00000, 0x0000000081c00000, 0x0000000081d00000|  0%| F|  |TAMS 0x0000000081c00000, 0x0000000081c00000| Untracked 
|  29|0x0000000081d00000, 0x0000000081d00000, 0x0000000081e00000|  0%| F|  |TAMS 0x0000000081d00000, 0x0000000081d00000| Untracked 
|  30|0x0000000081e00000, 0x0000000081e00000, 0x0000000081f00000|  0%| F|  |TAMS 0x0000000081e00000, 0x0000000081e00000| Untracked 
|  31|0x0000000081f00000, 0x0000000081f00000, 0x0000000082000000|  0%| F|  |TAMS 0x0000000081f00000, 0x0000000081f00000| Untracked 
|  32|0x0000000082000000, 0x0000000082000000, 0x0000000082100000|  0%| F|  |TAMS 0x0000000082000000, 0x0000000082000000| Untracked 
|  33|0x0000000082100000, 0x0000000082100000, 0x0000000082200000|  0%| F|  |TAMS 0x0000000082100000, 0x0000000082100000| Untracked 
|  34|0x0000000082200000, 0x0000000082200000, 0x0000000082300000|  0%| F|  |TAMS 0x0000000082200000, 0x0000000082200000| Untracked 
|  35|0x0000000082300000, 0x0000000082300000, 0x0000000082400000|  0%| F|  |TAMS 0x0000000082300000, 0x0000000082300000| Untracked 
|  36|0x0000000082400000, 0x0000000082400000, 0x0000000082500000|  0%| F|  |TAMS 0x0000000082400000, 0x0000000082400000| Untracked 
|  37|0x0000000082500000, 0x0000000082500000, 0x0000000082600000|  0%| F|  |TAMS 0x0000000082500000, 0x0000000082500000| Untracked 
|  38|0x0000000082600000, 0x0000000082600000, 0x0000000082700000|  0%| F|  |TAMS 0x0000000082600000, 0x0000000082600000| Untracked 
|  39|0x0000000082700000, 0x0000000082700000, 0x0000000082800000|  0%| F|  |TAMS 0x0000000082700000, 0x0000000082700000| Untracked 
|  40|0x0000000082800000, 0x0000000082800000, 0x0000000082900000|  0%| F|  |TAMS 0x0000000082800000, 0x0000000082800000| Untracked 
|  41|0x0000000082900000, 0x0000000082900000, 0x0000000082a00000|  0%| F|  |TAMS 0x0000000082900000, 0x0000000082900000| Untracked 
|  42|0x0000000082a00000, 0x0000000082a00000, 0x0000000082b00000|  0%| F|  |TAMS 0x0000000082a00000, 0x0000000082a00000| Untracked 
|  43|0x0000000082b00000, 0x0000000082b00000, 0x0000000082c00000|  0%| F|  |TAMS 0x0000000082b00000, 0x0000000082b00000| Untracked 
|  44|0x0000000082c00000, 0x0000000082c00000, 0x0000000082d00000|  0%| F|  |TAMS 0x0000000082c00000, 0x0000000082c00000| Untracked 
|  45|0x0000000082d00000, 0x0000000082d00000, 0x0000000082e00000|  0%| F|  |TAMS 0x0000000082d00000, 0x0000000082d00000| Untracked 
|  46|0x0000000082e00000, 0x0000000082e00000, 0x0000000082f00000|  0%| F|  |TAMS 0x0000000082e00000, 0x0000000082e00000| Untracked 
|  47|0x0000000082f00000, 0x0000000082f00000, 0x0000000083000000|  0%| F|  |TAMS 0x0000000082f00000, 0x0000000082f00000| Untracked 
|  48|0x0000000083000000, 0x0000000083000000, 0x0000000083100000|  0%| F|  |TAMS 0x0000000083000000, 0x0000000083000000| Untracked 
|  49|0x0000000083100000, 0x0000000083100000, 0x0000000083200000|  0%| F|  |TAMS 0x0000000083100000, 0x0000000083100000| Untracked 
|  50|0x0000000083200000, 0x0000000083200000, 0x0000000083300000|  0%| F|  |TAMS 0x0000000083200000, 0x0000000083200000| Untracked 
|  51|0x0000000083300000, 0x0000000083300000, 0x0000000083400000|  0%| F|  |TAMS 0x0000000083300000, 0x0000000083300000| Untracked 
|  52|0x0000000083400000, 0x0000000083400000, 0x0000000083500000|  0%| F|  |TAMS 0x0000000083400000, 0x0000000083400000| Untracked 
|  53|0x0000000083500000, 0x0000000083500000, 0x0000000083600000|  0%| F|  |TAMS 0x0000000083500000, 0x0000000083500000| Untracked 
|  54|0x0000000083600000, 0x0000000083600000, 0x0000000083700000|  0%| F|  |TAMS 0x0000000083600000, 0x0000000083600000| Untracked 
|  55|0x0000000083700000, 0x0000000083700000, 0x0000000083800000|  0%| F|  |TAMS 0x0000000083700000, 0x0000000083700000| Untracked 
|  56|0x0000000083800000, 0x0000000083800000, 0x0000000083900000|  0%| F|  |TAMS 0x0000000083800000, 0x0000000083800000| Untracked 
|  57|0x0000000083900000, 0x0000000083900000, 0x0000000083a00000|  0%| F|  |TAMS 0x0000000083900000, 0x0000000083900000| Untracked 
|  58|0x0000000083a00000, 0x0000000083a00000, 0x0000000083b00000|  0%| F|  |TAMS 0x0000000083a00000, 0x0000000083a00000| Untracked 
|  59|0x0000000083b00000, 0x0000000083b00000, 0x0000000083c00000|  0%| F|  |TAMS 0x0000000083b00000, 0x0000000083b00000| Untracked 
|  60|0x0000000083c00000, 0x0000000083c00000, 0x0000000083d00000|  0%| F|  |TAMS 0x0000000083c00000, 0x0000000083c00000| Untracked 
|  61|0x0000000083d00000, 0x0000000083d00000, 0x0000000083e00000|  0%| F|  |TAMS 0x0000000083d00000, 0x0000000083d00000| Untracked 
|  62|0x0000000083e00000, 0x0000000083e00000, 0x0000000083f00000|  0%| F|  |TAMS 0x0000000083e00000, 0x0000000083e00000| Untracked 
|  63|0x0000000083f00000, 0x0000000083f00000, 0x0000000084000000|  0%| F|  |TAMS 0x0000000083f00000, 0x0000000083f00000| Untracked 
|  64|0x0000000084000000, 0x0000000084000000, 0x0000000084100000|  0%| F|  |TAMS 0x0000000084000000, 0x0000000084000000| Untracked 
|  65|0x0000000084100000, 0x0000000084100000, 0x0000000084200000|  0%| F|  |TAMS 0x0000000084100000, 0x0000000084100000| Untracked 
|  66|0x0000000084200000, 0x0000000084200000, 0x0000000084300000|  0%| F|  |TAMS 0x0000000084200000, 0x0000000084200000| Untracked 
|  67|0x0000000084300000, 0x0000000084300000, 0x0000000084400000|  0%| F|  |TAMS 0x0000000084300000, 0x0000000084300000| Untracked 
|  68|0x0000000084400000, 0x0000000084400000, 0x0000000084500000|  0%| F|  |TAMS 0x0000000084400000, 0x0000000084400000| Untracked 
|  69|0x0000000084500000, 0x0000000084500000, 0x0000000084600000|  0%| F|  |TAMS 0x0000000084500000, 0x0000000084500000| Untracked 
|  70|0x0000000084600000, 0x0000000084600000, 0x0000000084700000|  0%| F|  |TAMS 0x0000000084600000, 0x0000000084600000| Untracked 
|  71|0x0000000084700000, 0x0000000084700000, 0x0000000084800000|  0%| F|  |TAMS 0x0000000084700000, 0x0000000084700000| Untracked 
|  72|0x0000000084800000, 0x0000000084800000, 0x0000000084900000|  0%| F|  |TAMS 0x0000000084800000, 0x0000000084800000| Untracked 
|  73|0x0000000084900000, 0x0000000084900000, 0x0000000084a00000|  0%| F|  |TAMS 0x0000000084900000, 0x0000000084900000| Untracked 
|  74|0x0000000084a00000, 0x0000000084a00000, 0x0000000084b00000|  0%| F|  |TAMS 0x0000000084a00000, 0x0000000084a00000| Untracked 
|  75|0x0000000084b00000, 0x0000000084b00000, 0x0000000084c00000|  0%| F|  |TAMS 0x0000000084b00000, 0x0000000084b00000| Untracked 
|  76|0x0000000084c00000, 0x0000000084c00000, 0x0000000084d00000|  0%| F|  |TAMS 0x0000000084c00000, 0x0000000084c00000| Untracked 
|  77|0x0000000084d00000, 0x0000000084d00000, 0x0000000084e00000|  0%| F|  |TAMS 0x0000000084d00000, 0x0000000084d00000| Untracked 
|  78|0x0000000084e00000, 0x0000000084e00000, 0x0000000084f00000|  0%| F|  |TAMS 0x0000000084e00000, 0x0000000084e00000| Untracked 
|  79|0x0000000084f00000, 0x0000000084f00000, 0x0000000085000000|  0%| F|  |TAMS 0x0000000084f00000, 0x0000000084f00000| Untracked 
|  80|0x0000000085000000, 0x0000000085000000, 0x0000000085100000|  0%| F|  |TAMS 0x0000000085000000, 0x0000000085000000| Untracked 
|  81|0x0000000085100000, 0x0000000085100000, 0x0000000085200000|  0%| F|  |TAMS 0x0000000085100000, 0x0000000085100000| Untracked 
|  82|0x0000000085200000, 0x0000000085200000, 0x0000000085300000|  0%| F|  |TAMS 0x0000000085200000, 0x0000000085200000| Untracked 
|  83|0x0000000085300000, 0x0000000085300000, 0x0000000085400000|  0%| F|  |TAMS 0x0000000085300000, 0x0000000085300000| Untracked 
|  84|0x0000000085400000, 0x0000000085400000, 0x0000000085500000|  0%| F|  |TAMS 0x0000000085400000, 0x0000000085400000| Untracked 
|  85|0x0000000085500000, 0x0000000085500000, 0x0000000085600000|  0%| F|  |TAMS 0x0000000085500000, 0x0000000085500000| Untracked 
|  86|0x0000000085600000, 0x0000000085600000, 0x0000000085700000|  0%| F|  |TAMS 0x0000000085600000, 0x0000000085600000| Untracked 
|  87|0x0000000085700000, 0x0000000085700000, 0x0000000085800000|  0%| F|  |TAMS 0x0000000085700000, 0x0000000085700000| Untracked 
|  88|0x0000000085800000, 0x0000000085800000, 0x0000000085900000|  0%| F|  |TAMS 0x0000000085800000, 0x0000000085800000| Untracked 
|  89|0x0000000085900000, 0x0000000085900000, 0x0000000085a00000|  0%| F|  |TAMS 0x0000000085900000, 0x0000000085900000| Untracked 
|  90|0x0000000085a00000, 0x0000000085a00000, 0x0000000085b00000|  0%| F|  |TAMS 0x0000000085a00000, 0x0000000085a00000| Untracked 
|  91|0x0000000085b00000, 0x0000000085b00000, 0x0000000085c00000|  0%| F|  |TAMS 0x0000000085b00000, 0x0000000085b00000| Untracked 
|  92|0x0000000085c00000, 0x0000000085c00000, 0x0000000085d00000|  0%| F|  |TAMS 0x0000000085c00000, 0x0000000085c00000| Untracked 
|  93|0x0000000085d00000, 0x0000000085d00000, 0x0000000085e00000|  0%| F|  |TAMS 0x0000000085d00000, 0x0000000085d00000| Untracked 
|  94|0x0000000085e00000, 0x0000000085e00000, 0x0000000085f00000|  0%| F|  |TAMS 0x0000000085e00000, 0x0000000085e00000| Untracked 
|  95|0x0000000085f00000, 0x0000000085f00000, 0x0000000086000000|  0%| F|  |TAMS 0x0000000085f00000, 0x0000000085f00000| Untracked 
|  96|0x0000000086000000, 0x0000000086000000, 0x0000000086100000|  0%| F|  |TAMS 0x0000000086000000, 0x0000000086000000| Untracked 
|  97|0x0000000086100000, 0x0000000086100000, 0x0000000086200000|  0%| F|  |TAMS 0x0000000086100000, 0x0000000086100000| Untracked 
|  98|0x0000000086200000, 0x0000000086200000, 0x0000000086300000|  0%| F|  |TAMS 0x0000000086200000, 0x0000000086200000| Untracked 
|  99|0x0000000086300000, 0x0000000086300000, 0x0000000086400000|  0%| F|  |TAMS 0x0000000086300000, 0x0000000086300000| Untracked 
| 100|0x0000000086400000, 0x0000000086400000, 0x0000000086500000|  0%| F|  |TAMS 0x0000000086400000, 0x0000000086400000| Untracked 
| 101|0x0000000086500000, 0x0000000086500000, 0x0000000086600000|  0%| F|  |TAMS 0x0000000086500000, 0x0000000086500000| Untracked 
| 102|0x0000000086600000, 0x0000000086600000, 0x0000000086700000|  0%| F|  |TAMS 0x0000000086600000, 0x0000000086600000| Untracked 
| 103|0x0000000086700000, 0x0000000086700000, 0x0000000086800000|  0%| F|  |TAMS 0x0000000086700000, 0x0000000086700000| Untracked 
| 104|0x0000000086800000, 0x0000000086800000, 0x0000000086900000|  0%| F|  |TAMS 0x0000000086800000, 0x0000000086800000| Untracked 
| 105|0x0000000086900000, 0x0000000086900000, 0x0000000086a00000|  0%| F|  |TAMS 0x0000000086900000, 0x0000000086900000| Untracked 
| 106|0x0000000086a00000, 0x0000000086a00000, 0x0000000086b00000|  0%| F|  |TAMS 0x0000000086a00000, 0x0000000086a00000| Untracked 
| 107|0x0000000086b00000, 0x0000000086b00000, 0x0000000086c00000|  0%| F|  |TAMS 0x0000000086b00000, 0x0000000086b00000| Untracked 
| 108|0x0000000086c00000, 0x0000000086c00000, 0x0000000086d00000|  0%| F|  |TAMS 0x0000000086c00000, 0x0000000086c00000| Untracked 
| 109|0x0000000086d00000, 0x0000000086d00000, 0x0000000086e00000|  0%| F|  |TAMS 0x0000000086d00000, 0x0000000086d00000| Untracked 
| 110|0x0000000086e00000, 0x0000000086e00000, 0x0000000086f00000|  0%| F|  |TAMS 0x0000000086e00000, 0x0000000086e00000| Untracked 
| 111|0x0000000086f00000, 0x0000000086f00000, 0x0000000087000000|  0%| F|  |TAMS 0x0000000086f00000, 0x0000000086f00000| Untracked 
| 112|0x0000000087000000, 0x0000000087000000, 0x0000000087100000|  0%| F|  |TAMS 0x0000000087000000, 0x0000000087000000| Untracked 
| 113|0x0000000087100000, 0x0000000087100000, 0x0000000087200000|  0%| F|  |TAMS 0x0000000087100000, 0x0000000087100000| Untracked 
| 114|0x0000000087200000, 0x0000000087200000, 0x0000000087300000|  0%| F|  |TAMS 0x0000000087200000, 0x0000000087200000| Untracked 
| 115|0x0000000087300000, 0x0000000087300000, 0x0000000087400000|  0%| F|  |TAMS 0x0000000087300000, 0x0000000087300000| Untracked 
| 116|0x0000000087400000, 0x0000000087400000, 0x0000000087500000|  0%| F|  |TAMS 0x0000000087400000, 0x0000000087400000| Untracked 
| 117|0x0000000087500000, 0x0000000087500000, 0x0000000087600000|  0%| F|  |TAMS 0x0000000087500000, 0x0000000087500000| Untracked 
| 118|0x0000000087600000, 0x0000000087600000, 0x0000000087700000|  0%| F|  |TAMS 0x0000000087600000, 0x0000000087600000| Untracked 
| 119|0x0000000087700000, 0x0000000087741c28, 0x0000000087800000| 25%| S|CS|TAMS 0x0000000087700000, 0x0000000087700000| Complete 
| 120|0x0000000087800000, 0x0000000087900000, 0x0000000087900000|100%| S|CS|TAMS 0x0000000087800000, 0x0000000087800000| Complete 
| 121|0x0000000087900000, 0x0000000087900000, 0x0000000087a00000|  0%| F|  |TAMS 0x0000000087900000, 0x0000000087900000| Untracked 
| 122|0x0000000087a00000, 0x0000000087a00000, 0x0000000087b00000|  0%| F|  |TAMS 0x0000000087a00000, 0x0000000087a00000| Untracked 
| 123|0x0000000087b00000, 0x0000000087b00000, 0x0000000087c00000|  0%| F|  |TAMS 0x0000000087b00000, 0x0000000087b00000| Untracked 
| 124|0x0000000087c00000, 0x0000000087c00000, 0x0000000087d00000|  0%| F|  |TAMS 0x0000000087c00000, 0x0000000087c00000| Untracked 
| 125|0x0000000087d00000, 0x0000000087d00000, 0x0000000087e00000|  0%| F|  |TAMS 0x0000000087d00000, 0x0000000087d00000| Untracked 
| 126|0x0000000087e00000, 0x0000000087e00000, 0x0000000087f00000|  0%| F|  |TAMS 0x0000000087e00000, 0x0000000087e00000| Untracked 
| 127|0x0000000087f00000, 0x0000000087fca048, 0x0000000088000000| 78%| E|  |TAMS 0x0000000087f00000, 0x0000000087f00000| Complete 

Card table byte_map: [0x0000017a64f60000,0x0000017a65360000] _byte_map_base: 0x0000017a64b60000

Marking Bits (Prev, Next): (CMBitMap*) 0x0000017a697679e8, (CMBitMap*) 0x0000017a69767a20
 Prev Bits: [0x0000017a65760000, 0x0000017a67760000)
 Next Bits: [0x0000017a67760000, 0x0000017a69760000)

Polling page: 0x0000017a4cf30000

Metaspace:

Usage:
  Non-class:     11.58 MB capacity,    11.41 MB ( 99%) used,   143.69 KB (  1%) free+waste,    30.56 KB ( <1%) overhead. 
      Class:      1.47 MB capacity,     1.33 MB ( 91%) used,   122.27 KB (  8%) free+waste,    15.19 KB (  1%) overhead. 
       Both:     13.05 MB capacity,    12.75 MB ( 98%) used,   265.96 KB (  2%) free+waste,    45.75 KB ( <1%) overhead. 

Virtual space:
  Non-class space:       12.00 MB reserved,      11.75 MB ( 98%) committed 
      Class space:        1.00 GB reserved,       1.50 MB ( <1%) committed 
             Both:        1.01 GB reserved,      13.25 MB (  1%) committed 

Chunk freelists:
   Non-Class:  5.63 KB
       Class:  0 bytes
        Both:  5.63 KB

CodeHeap 'non-profiled nmethods': size=238912Kb used=1627Kb max_used=1627Kb free=237284Kb
 bounds [0x0000017a56210000, 0x0000017a56480000, 0x0000017a64b60000]
CodeHeap 'non-nmethods': size=6848Kb used=1100Kb max_used=1100Kb free=5747Kb
 bounds [0x0000017a55b60000, 0x0000017a55dd0000, 0x0000017a56210000]
 total_blobs=1587 nmethods=1166 adapters=332
 compilation: enabled
              stopped_count=0, restarted_count=0
 full_count=0

Compilation events (10 events):
Event: 1.038 Thread 0x0000017a6c552000 1075       1       java.lang.String::copyValueOf (11 bytes)
Event: 1.038 Thread 0x0000017a6c552000 nmethod 1075 0x0000017a5637f190 code [0x0000017a5637f340, 0x0000017a5637f540]
Event: 1.038 Thread 0x0000017a6c552000 1078       1       java.net.URI::match (56 bytes)
Event: 1.039 Thread 0x0000017a6c552000 nmethod 1078 0x0000017a5637f690 code [0x0000017a5637f820, 0x0000017a5637f9f8]
Event: 1.039 Thread 0x0000017a6c552000 1076       1       java.lang.String::indexOf (65 bytes)
Event: 1.039 Thread 0x0000017a6c552000 nmethod 1076 0x0000017a5637fa90 code [0x0000017a5637fc60, 0x0000017a5637ff30]
Event: 1.039 Thread 0x0000017a6c552000 1077       1       java.lang.StringLatin1::indexOf (25 bytes)
Event: 1.039 Thread 0x0000017a6c552000 nmethod 1077 0x0000017a56380110 code [0x0000017a563802c0, 0x0000017a56380430]
Event: 1.039 Thread 0x0000017a6c552000 1079       1       java.lang.Class::forName (47 bytes)
Event: 1.040 Thread 0x0000017a6c552000 nmethod 1079 0x0000017a56380510 code [0x0000017a563806e0, 0x0000017a56380910]

GC Heap History (2 events):
Event: 0.742 GC heap before
{Heap before GC invocations=0 (full 0):
 garbage-first heap   total 131072K, used 14336K [0x0000000080000000, 0x0000000100000000)
  region size 1024K, 14 young (14336K), 0 survivors (0K)
 Metaspace       used 8457K, capacity 8601K, committed 8960K, reserved 1056768K
  class space    used 845K, capacity 916K, committed 1024K, reserved 1048576K
}
Event: 0.750 GC heap after
{Heap after GC invocations=1 (full 0):
 garbage-first heap   total 131072K, used 9165K [0x0000000080000000, 0x0000000100000000)
  region size 1024K, 2 young (2048K), 2 survivors (2048K)
 Metaspace       used 8457K, capacity 8601K, committed 8960K, reserved 1056768K
  class space    used 845K, capacity 916K, committed 1024K, reserved 1048576K
}

Deoptimization events (0 events):
No events

Classes redefined (0 events):
No events

Internal exceptions (10 events):
Event: 0.851 Thread 0x0000017a4d7fb000 Exception <a 'java/lang/NoSuchMethodError'{0x0000000087e98a40}: java.lang.invoke.DirectMethodHandle$Holder.invokeStaticInit(Ljava/lang/Object;IIII)Ljava/lang/Object;> (0x0000000087e98a40) thrown at [./open/src/hotspot/share/interpreter/linkResolver.cpp, l
Event: 0.903 Thread 0x0000017a4d7fb000 Exception <a 'java/lang/NoSuchMethodError'{0x0000000087ece7c8}: java.lang.invoke.DirectMethodHandle$Holder.invokeStatic(Ljava/lang/Object;Ljava/lang/Object;IIII)Ljava/lang/Object;> (0x0000000087ece7c8) thrown at [./open/src/hotspot/share/interpreter/linkR
Event: 0.903 Thread 0x0000017a4d7fb000 Exception <a 'java/lang/NoSuchMethodError'{0x0000000087ed1b10}: java.lang.invoke.DirectMethodHandle$Holder.invokeStaticInit(Ljava/lang/Object;Ljava/lang/Object;IIII)Ljava/lang/Object;> (0x0000000087ed1b10) thrown at [./open/src/hotspot/share/interpreter/l
Event: 0.916 Thread 0x0000017a4d7fb000 Exception <a 'java/lang/ClassNotFoundException'{0x0000000087eef3a8}: javax/management/remote/rmi/RMIServerImpl_Skel> (0x0000000087eef3a8) thrown at [./open/src/hotspot/share/classfile/systemDictionary.cpp, line 228]
Event: 0.971 Thread 0x0000017a4d7fb000 Exception <a 'java/lang/ClassNotFoundException'{0x0000000087da7258}: jdk/internal/agent/resources/spi/agentProvider> (0x0000000087da7258) thrown at [./open/src/hotspot/share/classfile/systemDictionary.cpp, line 228]
Event: 0.980 Thread 0x0000017a4d7fb000 Exception <a 'java/lang/NoSuchMethodError'{0x0000000087dfd050}: java.lang.invoke.DirectMethodHandle$Holder.invokeStatic(Ljava/lang/Object;Ljava/lang/Object;Ljava/lang/Object;Ljava/lang/Object;Ljava/lang/Object;Ljava/lang/Object;Ljava/lang/Object;Ljava/lan
Event: 0.982 Thread 0x0000017a4d7fb000 Exception <a 'java/lang/NoSuchMethodError'{0x0000000087c09ea8}: java.lang.invoke.DirectMethodHandle$Holder.invokeStatic(Ljava/lang/Object;Ljava/lang/Object;Ljava/lang/Object;Ljava/lang/Object;Ljava/lang/Object;Ljava/lang/Object;Ljava/lang/Object;Ljava/lan
Event: 0.984 Thread 0x0000017a4d7fb000 Exception <a 'java/lang/NoSuchMethodError'{0x0000000087c23b30}: java.lang.invoke.DelegatingMethodHandle$Holder.reinvoke_L(Ljava/lang/Object;ILjava/lang/Object;)Ljava/lang/Object;> (0x0000000087c23b30) thrown at [./open/src/hotspot/share/interpreter/linkRe
Event: 1.035 Thread 0x0000017a4d7fb000 Exception <a 'java/lang/ClassNotFoundException'{0x0000000087a8b878}: javax/smartcardio/CardPermission> (0x0000000087a8b878) thrown at [./open/src/hotspot/share/classfile/systemDictionary.cpp, line 228]
Event: 1.038 Thread 0x0000017a4d7fb000 Exception <a 'java/io/FileNotFoundException'{0x0000000087a99bc8}> (0x0000000087a99bc8) thrown at [./open/src/hotspot/share/prims/jni.cpp, line 611]

Events (10 events):
Event: 1.039 loading class sun/net/www/URLConnection
Event: 1.039 loading class java/net/URLConnection
Event: 1.040 loading class java/net/URLConnection done
Event: 1.040 loading class sun/net/www/URLConnection done
Event: 1.040 loading class sun/net/www/protocol/file/FileURLConnection done
Event: 1.040 loading class sun/net/www/MessageHeader
Event: 1.040 loading class sun/net/www/MessageHeader done
Event: 1.040 loading class java/io/FilePermissionCollection
Event: 1.040 loading class java/io/FilePermissionCollection done
Event: 1.040 loading class java/io/FilePermissionCollection$1


Dynamic libraries:
0x00007ff7f9350000 - 0x00007ff7f9397000 	C:\Program Files\Java\jdk-11.0.7\bin\javaw.exe
0x00007ffff89a0000 - 0x00007ffff8b7b000 	C:\Windows\SYSTEM32\ntdll.dll
0x00007ffff8340000 - 0x00007ffff83ee000 	C:\Windows\System32\KERNEL32.DLL
0x00007ffff5480000 - 0x00007ffff56c9000 	C:\Windows\System32\KERNELBASE.dll
0x00007ffff7f20000 - 0x00007ffff7fc1000 	C:\Windows\System32\ADVAPI32.dll
0x00007ffff6870000 - 0x00007ffff690d000 	C:\Windows\System32\msvcrt.dll
0x00007ffff6490000 - 0x00007ffff64e9000 	C:\Windows\System32\sechost.dll
0x00007ffff7df0000 - 0x00007ffff7f15000 	C:\Windows\System32\RPCRT4.dll
0x00007ffff5f60000 - 0x00007ffff60aa000 	C:\Windows\System32\USER32.dll
0x00007ffff57e0000 - 0x00007ffff57fe000 	C:\Windows\System32\win32u.dll
0x00007ffff64f0000 - 0x00007ffff6517000 	C:\Windows\System32\GDI32.dll
0x00007ffff5030000 - 0x00007ffff51b9000 	C:\Windows\System32\gdi32full.dll
0x00007ffff53e0000 - 0x00007ffff547a000 	C:\Windows\System32\msvcp_win.dll
0x00007ffff4f30000 - 0x00007ffff5026000 	C:\Windows\System32\ucrtbase.dll
0x00007ffff2480000 - 0x00007ffff26e7000 	C:\Windows\WinSxS\amd64_microsoft.windows.common-controls_6595b64144ccf1df_6.0.15063.0_none_108e4f62dfe5d999\COMCTL32.dll
0x00007ffff4a90000 - 0x00007ffff4a9a000 	C:\Windows\SYSTEM32\VERSION.dll
0x00007ffff8040000 - 0x00007ffff8339000 	C:\Windows\System32\combase.dll
0x00007ffff4ec0000 - 0x00007ffff4f2a000 	C:\Windows\System32\bcryptPrimitives.dll
0x00007ffff8000000 - 0x00007ffff802d000 	C:\Windows\System32\IMM32.DLL
0x00007ffff4c80000 - 0x00007ffff4cdd000 	C:\Program Files\Citrix\System32\MfApHook64.dll
0x00007ffff3e30000 - 0x00007ffff3e5b000 	C:\Program Files\Citrix\ICAService\CtxDodHook64.dll
0x00007ffff4ba0000 - 0x00007ffff4bd2000 	C:\Program Files\Citrix\ICAService\picaFullScreenHookX64.dll
0x00007ffff4620000 - 0x00007ffff4656000 	C:\Program Files\Citrix\ICAService\ShellHook64.dll
0x00007ffff6520000 - 0x00007ffff6663000 	C:\Windows\System32\ole32.dll
0x00007ffff69b0000 - 0x00007ffff7de7000 	C:\Windows\System32\SHELL32.dll
0x00007ffff51c0000 - 0x00007ffff5209000 	C:\Windows\System32\cfgmgr32.dll
0x00007ffff67c0000 - 0x00007ffff686a000 	C:\Windows\System32\shcore.dll
0x00007ffff5800000 - 0x00007ffff5ef2000 	C:\Windows\System32\windows.storage.dll
0x00007ffff6760000 - 0x00007ffff67b1000 	C:\Windows\System32\shlwapi.dll
0x00007ffff4e10000 - 0x00007ffff4e21000 	C:\Windows\System32\kernel.appcore.dll
0x00007ffff4e50000 - 0x00007ffff4e9c000 	C:\Windows\System32\powrprof.dll
0x00007ffff4ea0000 - 0x00007ffff4eb5000 	C:\Windows\System32\profapi.dll
0x00007ffff44a0000 - 0x00007ffff461a000 	C:\Program Files\Citrix\ICAService\SCardHook64.dll
0x00007ffff41a0000 - 0x00007ffff41ca000 	C:\Program Files\Citrix\ICAService\cxinjime64.dll
0x00007ffff4150000 - 0x00007ffff419c000 	C:\Program Files\Citrix\ICAService\PicaWtsHook64.dll
0x00007fffdacb0000 - 0x00007fffdacc6000 	C:\Program Files\Java\jdk-11.0.7\bin\vcruntime140.dll
0x00007fffdac00000 - 0x00007fffdacaa000 	C:\Program Files\Java\jdk-11.0.7\bin\msvcp140.dll
0x00007fffc6dd0000 - 0x00007fffc7931000 	C:\Program Files\Java\jdk-11.0.7\bin\server\jvm.dll
0x00007ffff6360000 - 0x00007ffff6368000 	C:\Windows\System32\PSAPI.DLL
0x00007fffe8030000 - 0x00007fffe8039000 	C:\Windows\SYSTEM32\WSOCK32.dll
0x00007fffee9b0000 - 0x00007fffee9d3000 	C:\Windows\SYSTEM32\WINMM.dll
0x00007ffff66f0000 - 0x00007ffff675c000 	C:\Windows\System32\WS2_32.dll
0x00007fffee7a0000 - 0x00007fffee7cb000 	C:\Windows\SYSTEM32\WINMMBASE.dll
0x00007ffff2cb0000 - 0x00007ffff2cc1000 	C:\Program Files\Java\jdk-11.0.7\bin\verify.dll
0x00007ffff3e60000 - 0x00007ffff4009000 	C:\Windows\SYSTEM32\DBGHELP.DLL
0x00007ffff3d70000 - 0x00007ffff3d99000 	C:\Windows\SYSTEM32\dbgcore.DLL
0x00007fffe7840000 - 0x00007fffe7869000 	C:\Program Files\Java\jdk-11.0.7\bin\java.dll
0x00007fffefd20000 - 0x00007fffefd2a000 	C:\Program Files\Java\jdk-11.0.7\bin\jimage.dll
0x00007fffe7820000 - 0x00007fffe7836000 	C:\Program Files\Java\jdk-11.0.7\bin\zip.dll
0x00007fffe7800000 - 0x00007fffe7819000 	C:\Program Files\Java\jdk-11.0.7\bin\net.dll
0x00007fffee530000 - 0x00007fffee607000 	C:\Windows\SYSTEM32\WINHTTP.dll
0x00007ffff3860000 - 0x00007ffff38bc000 	C:\Windows\system32\mswsock.dll
0x00007fffe77e0000 - 0x00007fffe77f3000 	C:\Program Files\Java\jdk-11.0.7\bin\nio.dll
0x00007fffdad70000 - 0x00007fffdad79000 	C:\Program Files\Java\jdk-11.0.7\bin\management.dll
0x00007fffdabb0000 - 0x00007fffdabbc000 	C:\Program Files\Java\jdk-11.0.7\bin\management_ext.dll
0x00007fffed5e0000 - 0x00007fffed5f6000 	C:\Windows\system32\napinsp.dll
0x00007fffed6d0000 - 0x00007fffed6ea000 	C:\Windows\system32\pnrpnsp.dll
0x00007ffff06a0000 - 0x00007ffff06b8000 	C:\Windows\system32\NLAapi.dll
0x00007ffff3650000 - 0x00007ffff36f4000 	C:\Windows\SYSTEM32\DNSAPI.dll
0x00007ffff8030000 - 0x00007ffff8038000 	C:\Windows\System32\NSI.dll
0x00007ffff3610000 - 0x00007ffff3647000 	C:\Windows\SYSTEM32\IPHLPAPI.DLL
0x00007fffed6f0000 - 0x00007fffed6fe000 	C:\Windows\System32\winrnr.dll
0x00007fffeef20000 - 0x00007fffeef2a000 	C:\Windows\System32\rasadhlp.dll
0x00007ffff0050000 - 0x00007ffff00bb000 	C:\Windows\System32\fwpuclnt.dll
0x00007ffff4d50000 - 0x00007ffff4d75000 	C:\Windows\SYSTEM32\bcrypt.dll
0x00007ffff3e10000 - 0x00007ffff3e27000 	C:\Windows\SYSTEM32\CRYPTSP.dll
0x00007ffff34a0000 - 0x00007ffff34d4000 	C:\Windows\system32\rsaenh.dll
0x00007ffff4d10000 - 0x00007ffff4d39000 	C:\Windows\SYSTEM32\USERENV.dll
0x00007ffff3a00000 - 0x00007ffff3a0b000 	C:\Windows\SYSTEM32\CRYPTBASE.dll
0x00007ffff0030000 - 0x00007ffff0046000 	C:\Windows\SYSTEM32\dhcpcsvc6.DLL
0x00007fffeff20000 - 0x00007fffeff3a000 	C:\Windows\SYSTEM32\dhcpcsvc.DLL

dbghelp: loaded successfully - version: 4.0.5 - missing functions: none
symbol engine: initialized successfully - sym options: 0x614 - pdb path: .;C:\Program Files\Java\jdk-11.0.7\bin;C:\Windows\SYSTEM32;C:\Windows\WinSxS\amd64_microsoft.windows.common-controls_6595b64144ccf1df_6.0.15063.0_none_108e4f62dfe5d999;C:\Program Files\Citrix\System32;C:\Program Files\Citrix\ICAService;C:\Program Files\Java\jdk-11.0.7\bin\server

VM Arguments:
jvm_args: -Dcom.sun.management.jmxremote -Dcom.sun.management.jmxremote.port=53267 -Dcom.sun.management.jmxremote.authenticate=false -Dcom.sun.management.jmxremote.ssl=false -Djava.rmi.server.hostname=localhost -Dspring.jmx.enabled=true -Dspring.liveBeansView.mbeanDomain -Dspring.application.admin.enabled=true -Xverify:none -XX:TieredStopAtLevel=1 -Dfile.encoding=Cp1252 
java_command: com.rabo.loan.management.LoanmanagementApiApplication --spring.output.ansi.enabled=always
java_class_path (initial): C:\GitCode\LoanManagementSystem\loanmanagement-api\bin\main;C:\Users\ctsjava107\.gradle\caches\modules-2\files-2.1\de.codecentric\spring-boot-admin-starter-client\2.2.3\e8f0c13b69b3e609a5fa8b682dec42e019ff695f\spring-boot-admin-starter-client-2.2.3.jar;C:\Users\ctsjava107\.gradle\caches\modules-2\files-2.1\de.codecentric\spring-boot-admin-client\2.2.3\b87976199da4a04c115519a88203524c8594458c\spring-boot-admin-client-2.2.3.jar;C:\Users\ctsjava107\.gradle\caches\modules-2\files-2.1\de.codecentric\spring-boot-admin-starter-server\2.2.3\ae4278994f10a8e6d3138033e47c8267303c919f\spring-boot-admin-starter-server-2.2.3.jar;C:\Users\ctsjava107\.gradle\caches\modules-2\files-2.1\de.codecentric\spring-boot-admin-server-ui\2.2.3\4a5b19989818b8a75371d4b4a8a8260c5a66c2ca\spring-boot-admin-server-ui-2.2.3.jar;C:\Users\ctsjava107\.gradle\caches\modules-2\files-2.1\de.codecentric\spring-boot-admin-server-cloud\2.2.3\7af8f65f91e4059cc1f2a4fed765d36d54e49b40\spring-boot-admin-server-cloud-2.2.3.jar;C:\Users\ctsjava107\.gradle\caches\modules-2\files-2.1\de.codecentric\spring-boot-admin-server\2.2.3\f6dc05174000367fa36d82c579785d26ba90fb09\spring-boot-admin-server-2.2.3.jar;C:\Users\ctsjava107\.gradle\caches\modules-2\files-2.1\org.springframework.boot\spring-boot-starter-actuator\2.3.1.RELEASE\d7de3431d77815be239951d39b4ecd3fbe004e75\spring-boot-starter-actuator-2.3.1.RELEASE.jar;C:\Users\ctsjava107\.gradle\caches\modules-2\files-2.1\org.springframework.boot\spring-boot-starter-data-rest\2.3.1.RELEASE\7ef1492ca65cdf498d48dc69384b365f5f4ccf89\spring-boot-starter-data-rest-2.3.1.RELEASE.jar;C:\Users\ctsjava107\.gradle\caches\modules-2\files-2.1\org.springframework.boot\spring-boot-starter-jersey\2.3.1.RELEASE\d81bc99cb532dbc68b5514079ad5f141de79b760\spring-boot-starter-jersey-2.3.1.RELEASE.jar;C:\Users\ctsjava107\.gradle\caches\modules-2\files-2.1\org.springframework.boot\spring-boot-starter-web-services\2.3.1.RELEASE\6461a9d0abd97cf911cae189a481965a4ae05ccc\
Launcher Type: SUN_STANDARD

[Global flags]
     bool BytecodeVerificationLocal                = false                                     {product} {command line}
     bool BytecodeVerificationRemote               = false                                     {product} {command line}
     intx CICompilerCount                          = 3                                         {product} {ergonomic}
     uint ConcGCThreads                            = 1                                         {product} {ergonomic}
     uint G1ConcRefinementThreads                  = 4                                         {product} {ergonomic}
   size_t G1HeapRegionSize                         = 1048576                                   {product} {ergonomic}
    uintx GCDrainStackTargetSize                   = 64                                        {product} {ergonomic}
   size_t InitialHeapSize                          = 134217728                                 {product} {ergonomic}
     bool ManagementServer                         = true                                      {product} {command line}
   size_t MarkStackSize                            = 4194304                                   {product} {ergonomic}
   size_t MaxHeapSize                              = 2147483648                                {product} {ergonomic}
   size_t MaxNewSize                               = 1287651328                                {product} {ergonomic}
   size_t MinHeapDeltaBytes                        = 1048576                                   {product} {ergonomic}
    uintx NonNMethodCodeHeapSize                   = 6973028                                {pd product} {ergonomic}
    uintx NonProfiledCodeHeapSize                  = 244685212                              {pd product} {ergonomic}
    uintx ProfiledCodeHeapSize                     = 0                                      {pd product} {ergonomic}
    uintx ReservedCodeCacheSize                    = 251658240                              {pd product} {ergonomic}
     bool SegmentedCodeCache                       = true                                      {product} {ergonomic}
     intx TieredStopAtLevel                        = 1                                         {product} {command line}
     bool UseCompressedClassPointers               = true                                 {lp64_product} {ergonomic}
     bool UseCompressedOops                        = true                                 {lp64_product} {ergonomic}
     bool UseG1GC                                  = true                                      {product} {ergonomic}
     bool UseLargePagesIndividualAllocation        = false                                  {pd product} {ergonomic}

Logging:
Log output configuration:
 #0: stdout all=warning uptime,level,tags
 #1: stderr all=off uptime,level,tags

Environment Variables:
PATH=C:/Program Files/Java/jdk-11.0.7/bin/server;C:/Program Files/Java/jdk-11.0.7/bin;C:\Program Files (x86)\Microsoft SDKs\Azure\CLI2\wbin;C:\ProgramData\DockerDesktop\version-bin;C:\Program Files\Docker\Docker\Resources\bin;C:\Program Files (x86)\Python38-32\Scripts\;C:\Program Files (x86)\Python38-32\;C:\Windows\system32;C:\Windows;C:\Windows\System32\Wbem;C:\Windows\System32\WindowsPowerShell\v1.0\;C:\Program Files\Citrix\System32\;C:\Program Files\Citrix\ICAService\;C:\Program Files\Citrix\Virtual Desktop Agent\;C:\Program Files\Java\jdk-11.0.7\bin;C:\apache-maven-3.6.3-bin\apache-maven-3.6.3\bin;D:\sonarqube-8.3.1.34397\sonarqube-8.3.1.34397\bin;C:\Program Files\nodejs\;C:\Program Files\Git\cmd;C:\Program Files\Microsoft VS Code\bin;C:\Program Files\Amazon\AWSCLIV2\;D:\java\curl-7.68.0-win64-mingw\curl-7.68.0-win64-mingw\bin;C:\Program Files\Cloud Foundry;C:\Users\ctsjava107\AppData\Roaming\npm\node_modules\@angular\cli\bin;C:\Users\ctsjava107\AppData\Roaming\npm;C:\Users\ctsjava107\AppData\Local\Microsoft\WindowsApps;;D:\spring-tool-suite-3.9.9.RELEASE-e4.12.0-win32-x86_64\sts-bundle\sts-3.9.9.RELEASE;
USERNAME=ctsjava107
OS=Windows_NT
PROCESSOR_IDENTIFIER=Intel64 Family 6 Model 79 Stepping 1, GenuineIntel



---------------  S Y S T E M  ---------------

OS: Windows 10 , 64 bit Build 15063 (10.0.15063.0)

CPU:total 4 (initial active 4) (2 cores per cpu, 1 threads per core) family 6 model 79 stepping 1, cmov, cx8, fxsr, mmx, sse, sse2, sse3, ssse3, sse4.1, sse4.2, popcnt, avx, avx2, aes, clmul, erms, rtm, 3dnowpref, lzcnt, tsc, tscinvbit, bmi1, bmi2, adx, fma

Memory: 4k page, system-wide physical 8191M (2256M free)
TotalPageFile size 11883M (AvailPageFile size 3128M)
current process WorkingSet (physical memory assigned to process): 75M, peak: 75M
current process commit charge ("private bytes"): 214M, peak: 214M

vm_info: Java HotSpot(TM) 64-Bit Server VM (11.0.7+8-LTS) for windows-amd64 JRE (11.0.7+8-LTS), built on Mar 12 2020 02:04:32 by "mach5one" with MS VC++ 15.5 (VS2017)

END.
