#
# A fatal error has been detected by the Java Runtime Environment:
#
#  EXCEPTION_ACCESS_VIOLATION (0xc0000005) at pc=0x00007ffff89d0ee3, pid=1116, tid=13780
#
# JRE version: Java(TM) SE Runtime Environment 18.9 (11.0.7+8) (build 11.0.7+8-LTS)
# Java VM: Java HotSpot(TM) 64-Bit Server VM 18.9 (11.0.7+8-LTS, mixed mode, tiered, compressed oops, g1 gc, windows-amd64)
# Problematic frame:
# C  [ntdll.dll+0x30ee3]
#
# No core dump will be written. Minidumps are not enabled by default on client versions of Windows
#
# If you would like to submit a bug report, please visit:
#   https://bugreport.java.com/bugreport/crash.jsp
#

---------------  S U M M A R Y ------------

Command Line: -Dcom.sun.management.jmxremote -Dcom.sun.management.jmxremote.port=53418 -Dcom.sun.management.jmxremote.authenticate=false -Dcom.sun.management.jmxremote.ssl=false -Djava.rmi.server.hostname=localhost -Dspring.jmx.enabled=true -Dspring.liveBeansView.mbeanDomain -Dspring.application.admin.enabled=true -Xverify:none -XX:TieredStopAtLevel=1 -Dfile.encoding=Cp1252 com.rabo.loan.management.LoanmanagementApiApplication --spring.output.ansi.enabled=always

Host: Intel(R) Xeon(R) CPU E5-2696 v4 @ 2.20GHz, 4 cores, 7G,  Windows 10 , 64 bit Build 15063 (10.0.15063.0)
Time: Wed Jul 22 13:12:09 2020 India Standard Time elapsed time: 1 seconds (0d 0h 0m 1s)

---------------  T H R E A D  ---------------

Current thread (0x0000023c4104e000):  GCTaskThread "GC Thread#3" [stack: 0x0000003e21a00000,0x0000003e21b00000] [id=13780]

Stack: [0x0000003e21a00000,0x0000003e21b00000],  sp=0x0000003e21aff460,  free space=1021k
Native frames: (J=compiled Java code, j=interpreted, Vv=VM code, C=native code)
C  [ntdll.dll+0x30ee3]
C  [ucrtbase.dll+0xc97b]
V  [jvm.dll+0x36bb89]
V  [jvm.dll+0x6c93b4]
V  [jvm.dll+0x7d4c20]
V  [jvm.dll+0x75e875]
V  [jvm.dll+0x660b26]
C  [ucrtbase.dll+0x20369]
C  [KERNEL32.DLL+0x12774]
C  [ntdll.dll+0x70d61]


siginfo: EXCEPTION_ACCESS_VIOLATION (0xc0000005), reading address 0x000000080000000f


Register to memory mapping:

RIP=0x00007ffff89d0ee3 ntdll.dll
RAX=0x0000023c40937ca0 points into unknown readable memory: 07 00 00 00 08 00 00 00
RBX=0x0000023c41220460 points into unknown readable memory: c8 eb 46 3f 3c 02 00 00
RCX=0x0000000000000280 is an unknown value
RDX=0x800e375dbccf1f9f is an unknown value
RSP=0x0000003e21aff460 points into unknown readable memory: 00 00 00 00 00 00 00 00
RBP=0x0000023c40937f30 points into unknown readable memory: 10 9e 9c 3f 3c 02 00 00
RSI=0x0 is NULL
RDI=0x0000023c1e7a0000 points into unknown readable memory: 00 00 00 00 00 00 00 00
R8 =0x0000023c40937f30 points into unknown readable memory: 10 9e 9c 3f 3c 02 00 00
R9 =0x0000003e21aff560 points into unknown readable memory: 00 e0 04 41 3c 02 00 00
R10=0x00007fffc76891c8 jvm.dll
R11=0x0000003e21aff4b0 points into unknown readable memory: b0 94 9c 40 3c 02 00 00
R12=0x0 is NULL
R13=0x0 is NULL
R14=0x0000023c40937f20 points into unknown readable memory: 00 00 00 00 00 00 00 00
R15=0x0000000800000007 is an unknown value


Registers:
RAX=0x0000023c40937ca0, RBX=0x0000023c41220460, RCX=0x0000000000000280, RDX=0x800e375dbccf1f9f
RSP=0x0000003e21aff460, RBP=0x0000023c40937f30, RSI=0x0000000000000000, RDI=0x0000023c1e7a0000
R8 =0x0000023c40937f30, R9 =0x0000003e21aff560, R10=0x00007fffc76891c8, R11=0x0000003e21aff4b0
R12=0x0000000000000000, R13=0x0000000000000000, R14=0x0000023c40937f20, R15=0x0000000800000007
RIP=0x00007ffff89d0ee3, EFLAGS=0x0000000000010202

Top of Stack: (sp=0x0000003e21aff460)
0x0000003e21aff460:   0000000000000000 0000023c299cf160
0x0000003e21aff470:   0000023c29293ed0 0000023c409c94a0
0x0000003e21aff480:   0000023c409c94b0 00007fffc6ffc0b4
0x0000003e21aff490:   0000000000000000 0000000000000000
0x0000003e21aff4a0:   0000000000000000 0000003e208ff1c0
0x0000003e21aff4b0:   0000023c409c94b0 00007fffc74038c1
0x0000003e21aff4c0:   0000023c29293ee0 0000023c409c94a0
0x0000003e21aff4d0:   0000023c40d660a0 0000000000000000
0x0000003e21aff4e0:   00007fffc76d1e30 0000003e208ff1c0
0x0000003e21aff4f0:   0000000000000000 0000000000000000
0x0000003e21aff500:   00007fffc74970a0 00000000000075a3
0x0000003e21aff510:   0000003e21aff680 00007ffff4f3c97b
0x0000003e21aff520:   0000023c41220460 0000000000000001
0x0000003e21aff530:   0000023c291c9080 0000003e21aff680
0x0000003e21aff540:   00000000000075a3 00007fffc713bb89
0x0000003e21aff550:   0000003e21aff680 0000023c00000000 

Instructions: (pc=0x00007ffff89d0ee3)
0x00007ffff89d0ec3:   0f 85 f8 83 08 00 48 c1 e9 0c 49 8b c6 48 2b c1
0x00007ffff89d0ed3:   4c 8b 38 4d 85 ff 0f 84 e2 83 08 00 41 0f 0d 0f
0x00007ffff89d0ee3:   4d 8b 57 08 41 8b 46 0c c1 e8 08 44 0f b7 e8 49
0x00007ffff89d0ef3:   8b 07 4c 89 54 24 40 48 8b 08 41 8b 42 18 41 33 


Stack slot to memory mapping:
stack at sp + 0 slots: 0x0 is NULL
stack at sp + 1 slots: 0x0000023c299cf160 is at entry_point+0 in (nmethod*)0x0000023c299cef90
stack at sp + 2 slots: 0x0000023c29293ed0 is at code_begin+2384 in 
[CodeBlob (0x0000023c29293510)]
Framesize: 0
BufferBlob (0x0000023c29293510) used for vtable chunks
stack at sp + 3 slots: 0x0000023c409c94a0 points into unknown readable memory: 00 00 00 00 00 00 00 00
stack at sp + 4 slots: 0x0000023c409c94b0 points into unknown readable memory: 6a 61 76 61 2e 69 6f 2e
stack at sp + 5 slots: 0x00007fffc6ffc0b4 jvm.dll
stack at sp + 6 slots: 0x0 is NULL
stack at sp + 7 slots: 0x0 is NULL


---------------  P R O C E S S  ---------------

Threads class SMR info:
_java_thread_list=0x0000023c40e01c30, length=15, elements={
0x0000023c20e3b000, 0x0000023c3fb49800, 0x0000023c3fb52800, 0x0000023c3fba0800,
0x0000023c3fba2800, 0x0000023c3fba7800, 0x0000023c3fbb3000, 0x0000023c3cf99000,
0x0000023c3fdf6800, 0x0000023c40973800, 0x0000023c4097f800, 0x0000023c409fc800,
0x0000023c40df5800, 0x0000023c40df6800, 0x0000023c40e11000
}

Java Threads: ( => current thread )
  0x0000023c20e3b000 JavaThread "main" [_thread_blocked, id=7728, stack(0x0000003e20200000,0x0000003e20300000)]
  0x0000023c3fb49800 JavaThread "Reference Handler" daemon [_thread_blocked, id=4880, stack(0x0000003e20900000,0x0000003e20a00000)]
  0x0000023c3fb52800 JavaThread "Finalizer" daemon [_thread_blocked, id=13120, stack(0x0000003e20a00000,0x0000003e20b00000)]
  0x0000023c3fba0800 JavaThread "Signal Dispatcher" daemon [_thread_blocked, id=552, stack(0x0000003e20b00000,0x0000003e20c00000)]
  0x0000023c3fba2800 JavaThread "Attach Listener" daemon [_thread_blocked, id=10772, stack(0x0000003e20c00000,0x0000003e20d00000)]
  0x0000023c3fba7800 JavaThread "C1 CompilerThread0" daemon [_thread_blocked, id=14172, stack(0x0000003e20d00000,0x0000003e20e00000)]
  0x0000023c3fbb3000 JavaThread "Sweeper thread" daemon [_thread_blocked, id=9228, stack(0x0000003e20e00000,0x0000003e20f00000)]
  0x0000023c3cf99000 JavaThread "Common-Cleaner" daemon [_thread_blocked, id=8412, stack(0x0000003e20f00000,0x0000003e21000000)]
  0x0000023c3fdf6800 JavaThread "Service Thread" daemon [_thread_blocked, id=812, stack(0x0000003e21000000,0x0000003e21100000)]
  0x0000023c40973800 JavaThread "RMI TCP Accept-0" daemon [_thread_in_native, id=13416, stack(0x0000003e21300000,0x0000003e21400000)]
  0x0000023c4097f800 JavaThread "RMI TCP Accept-53418" daemon [_thread_in_native, id=5808, stack(0x0000003e21400000,0x0000003e21500000)]
  0x0000023c409fc800 JavaThread "RMI TCP Accept-0" daemon [_thread_in_native, id=6360, stack(0x0000003e21500000,0x0000003e21600000)]
  0x0000023c40df5800 JavaThread "Thread-0" [_thread_blocked, id=9292, stack(0x0000003e21700000,0x0000003e21800000)]
  0x0000023c40df6800 JavaThread "restartedMain" [_thread_blocked, id=5536, stack(0x0000003e21800000,0x0000003e21900000)]
  0x0000023c40e11000 JavaThread "background-preinit" [_thread_blocked, id=10292, stack(0x0000003e21900000,0x0000003e21a00000)]

Other Threads:
  0x0000023c3fb3a000 VMThread "VM Thread" [stack: 0x0000003e20800000,0x0000003e20900000] [id=3164]
  0x0000023c409fd800 WatcherThread [stack: 0x0000003e21600000,0x0000003e21700000] [id=7508]
  0x0000023c20e4f000 GCTaskThread "GC Thread#0" [stack: 0x0000003e20300000,0x0000003e20400000] [id=8276]
  0x0000023c40915000 GCTaskThread "GC Thread#1" [stack: 0x0000003e21100000,0x0000003e21200000] [id=484]
  0x0000023c40916000 GCTaskThread "GC Thread#2" [stack: 0x0000003e21200000,0x0000003e21300000] [id=13196]
=>0x0000023c4104e000 GCTaskThread "GC Thread#3" [stack: 0x0000003e21a00000,0x0000003e21b00000] [id=13780]
  0x0000023c3cdb7800 ConcurrentGCThread "G1 Main Marker" [stack: 0x0000003e20400000,0x0000003e20500000] [id=12956]
  0x0000023c3cdb9000 ConcurrentGCThread "G1 Conc#0" [stack: 0x0000003e20500000,0x0000003e20600000] [id=84]
  0x0000023c3ce48800 ConcurrentGCThread "G1 Refine#0" [stack: 0x0000003e20600000,0x0000003e20700000] [id=11400]
  0x0000023c3ce49800 ConcurrentGCThread "G1 Young RemSet Sampling" [stack: 0x0000003e20700000,0x0000003e20800000] [id=3280]

Threads with active compile tasks:

VM state:at safepoint (normal execution)

VM Mutex/Monitor currently owned by a thread:  ([mutex/lock_event])
[0x0000023c20e387e0] Safepoint_lock - owner thread: 0x0000023c3fb3a000
[0x0000023c20e37940] Threads_lock - owner thread: 0x0000023c3fb3a000

Heap address: 0x0000000080000000, size: 2048 MB, Compressed Oops mode: 32-bit
Narrow klass base: 0x0000000000000000, Narrow klass shift: 3
Compressed class space size: 1073741824 Address: 0x0000000100000000

Heap:
 garbage-first heap   total 157696K, used 46663K [0x0000000080000000, 0x0000000100000000)
  region size 1024K, 37 young (37888K), 3 survivors (3072K)
 Metaspace       used 24454K, capacity 25119K, committed 25216K, reserved 1071104K
  class space    used 2865K, capacity 3138K, committed 3200K, reserved 1048576K
Heap Regions: E=young(eden), S=young(survivor), O=old, HS=humongous(starts), HC=humongous(continues), CS=collection set, F=free, A=archive, TAMS=top-at-mark-start (previous, next)
|   0|0x0000000080000000, 0x0000000080100000, 0x0000000080100000|100%|HS|  |TAMS 0x0000000080100000, 0x0000000080000000| Complete 
|   1|0x0000000080100000, 0x0000000080200000, 0x0000000080200000|100%| O|  |TAMS 0x0000000080200000, 0x0000000080100000| Untracked 
|   2|0x0000000080200000, 0x0000000080300000, 0x0000000080300000|100%| O|  |TAMS 0x0000000080300000, 0x0000000080200000| Untracked 
|   3|0x0000000080300000, 0x0000000080400000, 0x0000000080400000|100%| O|  |TAMS 0x0000000080400000, 0x0000000080300000| Untracked 
|   4|0x0000000080400000, 0x0000000080500000, 0x0000000080500000|100%| O|  |TAMS 0x0000000080500000, 0x0000000080400000| Untracked 
|   5|0x0000000080500000, 0x0000000080600000, 0x0000000080600000|100%| O|  |TAMS 0x0000000080600000, 0x0000000080500000| Untracked 
|   6|0x0000000080600000, 0x0000000080700000, 0x0000000080700000|100%| O|  |TAMS 0x0000000080700000, 0x0000000080600000| Untracked 
|   7|0x0000000080700000, 0x0000000080800000, 0x0000000080800000|100%| O|  |TAMS 0x0000000080800000, 0x0000000080700000| Untracked 
|   8|0x0000000080800000, 0x0000000080900000, 0x0000000080900000|100%| O|  |TAMS 0x0000000080900000, 0x0000000080800000| Untracked 
|   9|0x0000000080900000, 0x00000000809d1e00, 0x0000000080a00000| 81%| O|  |TAMS 0x00000000809d1e00, 0x0000000080900000| Untracked 
|  10|0x0000000080a00000, 0x0000000080a00000, 0x0000000080b00000|  0%| F|  |TAMS 0x0000000080a00000, 0x0000000080a00000| Untracked 
|  11|0x0000000080b00000, 0x0000000080b00000, 0x0000000080c00000|  0%| F|  |TAMS 0x0000000080b00000, 0x0000000080b00000| Untracked 
|  12|0x0000000080c00000, 0x0000000080c00000, 0x0000000080d00000|  0%| F|  |TAMS 0x0000000080c00000, 0x0000000080c00000| Untracked 
|  13|0x0000000080d00000, 0x0000000080d00000, 0x0000000080e00000|  0%| F|  |TAMS 0x0000000080d00000, 0x0000000080d00000| Untracked 
|  14|0x0000000080e00000, 0x0000000080e00000, 0x0000000080f00000|  0%| F|  |TAMS 0x0000000080e00000, 0x0000000080e00000| Untracked 
|  15|0x0000000080f00000, 0x0000000080f00000, 0x0000000081000000|  0%| F|  |TAMS 0x0000000080f00000, 0x0000000080f00000| Untracked 
|  16|0x0000000081000000, 0x0000000081000000, 0x0000000081100000|  0%| F|  |TAMS 0x0000000081000000, 0x0000000081000000| Untracked 
|  17|0x0000000081100000, 0x0000000081100000, 0x0000000081200000|  0%| F|  |TAMS 0x0000000081100000, 0x0000000081100000| Untracked 
|  18|0x0000000081200000, 0x0000000081200000, 0x0000000081300000|  0%| F|  |TAMS 0x0000000081200000, 0x0000000081200000| Untracked 
|  19|0x0000000081300000, 0x0000000081300000, 0x0000000081400000|  0%| F|  |TAMS 0x0000000081300000, 0x0000000081300000| Untracked 
|  20|0x0000000081400000, 0x0000000081400000, 0x0000000081500000|  0%| F|  |TAMS 0x0000000081400000, 0x0000000081400000| Untracked 
|  21|0x0000000081500000, 0x0000000081500000, 0x0000000081600000|  0%| F|  |TAMS 0x0000000081500000, 0x0000000081500000| Untracked 
|  22|0x0000000081600000, 0x0000000081600000, 0x0000000081700000|  0%| F|  |TAMS 0x0000000081600000, 0x0000000081600000| Untracked 
|  23|0x0000000081700000, 0x0000000081700000, 0x0000000081800000|  0%| F|  |TAMS 0x0000000081700000, 0x0000000081700000| Untracked 
|  24|0x0000000081800000, 0x0000000081800000, 0x0000000081900000|  0%| F|  |TAMS 0x0000000081800000, 0x0000000081800000| Untracked 
|  25|0x0000000081900000, 0x0000000081900000, 0x0000000081a00000|  0%| F|  |TAMS 0x0000000081900000, 0x0000000081900000| Untracked 
|  26|0x0000000081a00000, 0x0000000081a00000, 0x0000000081b00000|  0%| F|  |TAMS 0x0000000081a00000, 0x0000000081a00000| Untracked 
|  27|0x0000000081b00000, 0x0000000081b00000, 0x0000000081c00000|  0%| F|  |TAMS 0x0000000081b00000, 0x0000000081b00000| Untracked 
|  28|0x0000000081c00000, 0x0000000081c00000, 0x0000000081d00000|  0%| F|  |TAMS 0x0000000081c00000, 0x0000000081c00000| Untracked 
|  29|0x0000000081d00000, 0x0000000081d00000, 0x0000000081e00000|  0%| F|  |TAMS 0x0000000081d00000, 0x0000000081d00000| Untracked 
|  30|0x0000000081e00000, 0x0000000081e00000, 0x0000000081f00000|  0%| F|  |TAMS 0x0000000081e00000, 0x0000000081e00000| Untracked 
|  31|0x0000000081f00000, 0x0000000081f00000, 0x0000000082000000|  0%| F|  |TAMS 0x0000000081f00000, 0x0000000081f00000| Untracked 
|  32|0x0000000082000000, 0x0000000082000000, 0x0000000082100000|  0%| F|  |TAMS 0x0000000082000000, 0x0000000082000000| Untracked 
|  33|0x0000000082100000, 0x0000000082100000, 0x0000000082200000|  0%| F|  |TAMS 0x0000000082100000, 0x0000000082100000| Untracked 
|  34|0x0000000082200000, 0x0000000082200000, 0x0000000082300000|  0%| F|  |TAMS 0x0000000082200000, 0x0000000082200000| Untracked 
|  35|0x0000000082300000, 0x0000000082300000, 0x0000000082400000|  0%| F|  |TAMS 0x0000000082300000, 0x0000000082300000| Untracked 
|  36|0x0000000082400000, 0x0000000082400000, 0x0000000082500000|  0%| F|  |TAMS 0x0000000082400000, 0x0000000082400000| Untracked 
|  37|0x0000000082500000, 0x0000000082500000, 0x0000000082600000|  0%| F|  |TAMS 0x0000000082500000, 0x0000000082500000| Untracked 
|  38|0x0000000082600000, 0x0000000082600000, 0x0000000082700000|  0%| F|  |TAMS 0x0000000082600000, 0x0000000082600000| Untracked 
|  39|0x0000000082700000, 0x0000000082700000, 0x0000000082800000|  0%| F|  |TAMS 0x0000000082700000, 0x0000000082700000| Untracked 
|  40|0x0000000082800000, 0x0000000082800000, 0x0000000082900000|  0%| F|  |TAMS 0x0000000082800000, 0x0000000082800000| Untracked 
|  41|0x0000000082900000, 0x0000000082900000, 0x0000000082a00000|  0%| F|  |TAMS 0x0000000082900000, 0x0000000082900000| Untracked 
|  42|0x0000000082a00000, 0x0000000082a00000, 0x0000000082b00000|  0%| F|  |TAMS 0x0000000082a00000, 0x0000000082a00000| Untracked 
|  43|0x0000000082b00000, 0x0000000082b00000, 0x0000000082c00000|  0%| F|  |TAMS 0x0000000082b00000, 0x0000000082b00000| Untracked 
|  44|0x0000000082c00000, 0x0000000082c00000, 0x0000000082d00000|  0%| F|  |TAMS 0x0000000082c00000, 0x0000000082c00000| Untracked 
|  45|0x0000000082d00000, 0x0000000082d00000, 0x0000000082e00000|  0%| F|  |TAMS 0x0000000082d00000, 0x0000000082d00000| Untracked 
|  46|0x0000000082e00000, 0x0000000082e00000, 0x0000000082f00000|  0%| F|  |TAMS 0x0000000082e00000, 0x0000000082e00000| Untracked 
|  47|0x0000000082f00000, 0x0000000082f00000, 0x0000000083000000|  0%| F|  |TAMS 0x0000000082f00000, 0x0000000082f00000| Untracked 
|  48|0x0000000083000000, 0x0000000083000000, 0x0000000083100000|  0%| F|  |TAMS 0x0000000083000000, 0x0000000083000000| Untracked 
|  49|0x0000000083100000, 0x0000000083100000, 0x0000000083200000|  0%| F|  |TAMS 0x0000000083100000, 0x0000000083100000| Untracked 
|  50|0x0000000083200000, 0x0000000083200000, 0x0000000083300000|  0%| F|  |TAMS 0x0000000083200000, 0x0000000083200000| Untracked 
|  51|0x0000000083300000, 0x0000000083300000, 0x0000000083400000|  0%| F|  |TAMS 0x0000000083300000, 0x0000000083300000| Untracked 
|  52|0x0000000083400000, 0x0000000083400000, 0x0000000083500000|  0%| F|  |TAMS 0x0000000083400000, 0x0000000083400000| Untracked 
|  53|0x0000000083500000, 0x0000000083500000, 0x0000000083600000|  0%| F|  |TAMS 0x0000000083500000, 0x0000000083500000| Untracked 
|  54|0x0000000083600000, 0x0000000083600000, 0x0000000083700000|  0%| F|  |TAMS 0x0000000083600000, 0x0000000083600000| Untracked 
|  55|0x0000000083700000, 0x0000000083700000, 0x0000000083800000|  0%| F|  |TAMS 0x0000000083700000, 0x0000000083700000| Untracked 
|  56|0x0000000083800000, 0x0000000083800000, 0x0000000083900000|  0%| F|  |TAMS 0x0000000083800000, 0x0000000083800000| Untracked 
|  57|0x0000000083900000, 0x0000000083900000, 0x0000000083a00000|  0%| F|  |TAMS 0x0000000083900000, 0x0000000083900000| Untracked 
|  58|0x0000000083a00000, 0x0000000083a00000, 0x0000000083b00000|  0%| F|  |TAMS 0x0000000083a00000, 0x0000000083a00000| Untracked 
|  59|0x0000000083b00000, 0x0000000083b00000, 0x0000000083c00000|  0%| F|  |TAMS 0x0000000083b00000, 0x0000000083b00000| Untracked 
|  60|0x0000000083c00000, 0x0000000083c00000, 0x0000000083d00000|  0%| F|  |TAMS 0x0000000083c00000, 0x0000000083c00000| Untracked 
|  61|0x0000000083d00000, 0x0000000083d00000, 0x0000000083e00000|  0%| F|  |TAMS 0x0000000083d00000, 0x0000000083d00000| Untracked 
|  62|0x0000000083e00000, 0x0000000083e00000, 0x0000000083f00000|  0%| F|  |TAMS 0x0000000083e00000, 0x0000000083e00000| Untracked 
|  63|0x0000000083f00000, 0x0000000083f00000, 0x0000000084000000|  0%| F|  |TAMS 0x0000000083f00000, 0x0000000083f00000| Untracked 
|  64|0x0000000084000000, 0x0000000084000000, 0x0000000084100000|  0%| F|  |TAMS 0x0000000084000000, 0x0000000084000000| Untracked 
|  65|0x0000000084100000, 0x0000000084100000, 0x0000000084200000|  0%| F|  |TAMS 0x0000000084100000, 0x0000000084100000| Untracked 
|  66|0x0000000084200000, 0x0000000084200000, 0x0000000084300000|  0%| F|  |TAMS 0x0000000084200000, 0x0000000084200000| Untracked 
|  67|0x0000000084300000, 0x0000000084300000, 0x0000000084400000|  0%| F|  |TAMS 0x0000000084300000, 0x0000000084300000| Untracked 
|  68|0x0000000084400000, 0x0000000084400000, 0x0000000084500000|  0%| F|  |TAMS 0x0000000084400000, 0x0000000084400000| Untracked 
|  69|0x0000000084500000, 0x0000000084500000, 0x0000000084600000|  0%| F|  |TAMS 0x0000000084500000, 0x0000000084500000| Untracked 
|  70|0x0000000084600000, 0x00000000846c0190, 0x0000000084700000| 75%| S|CS|TAMS 0x0000000084600000, 0x0000000084600000| Complete 
|  71|0x0000000084700000, 0x0000000084800000, 0x0000000084800000|100%| S|CS|TAMS 0x0000000084700000, 0x0000000084700000| Complete 
|  72|0x0000000084800000, 0x0000000084900000, 0x0000000084900000|100%| S|CS|TAMS 0x0000000084800000, 0x0000000084800000| Complete 
|  73|0x0000000084900000, 0x0000000084900000, 0x0000000084a00000|  0%| F|  |TAMS 0x0000000084900000, 0x0000000084900000| Untracked 
|  74|0x0000000084a00000, 0x0000000084a00000, 0x0000000084b00000|  0%| F|  |TAMS 0x0000000084a00000, 0x0000000084a00000| Untracked 
|  75|0x0000000084b00000, 0x0000000084b00000, 0x0000000084c00000|  0%| F|  |TAMS 0x0000000084b00000, 0x0000000084b00000| Untracked 
|  76|0x0000000084c00000, 0x0000000084c00000, 0x0000000084d00000|  0%| F|  |TAMS 0x0000000084c00000, 0x0000000084c00000| Untracked 
|  77|0x0000000084d00000, 0x0000000084d00000, 0x0000000084e00000|  0%| F|  |TAMS 0x0000000084d00000, 0x0000000084d00000| Untracked 
|  78|0x0000000084e00000, 0x0000000084e00000, 0x0000000084f00000|  0%| F|  |TAMS 0x0000000084e00000, 0x0000000084e00000| Untracked 
|  79|0x0000000084f00000, 0x0000000084f00000, 0x0000000085000000|  0%| F|  |TAMS 0x0000000084f00000, 0x0000000084f00000| Untracked 
|  80|0x0000000085000000, 0x0000000085000000, 0x0000000085100000|  0%| F|  |TAMS 0x0000000085000000, 0x0000000085000000| Untracked 
|  81|0x0000000085100000, 0x0000000085100000, 0x0000000085200000|  0%| F|  |TAMS 0x0000000085100000, 0x0000000085100000| Untracked 
|  82|0x0000000085200000, 0x0000000085200000, 0x0000000085300000|  0%| F|  |TAMS 0x0000000085200000, 0x0000000085200000| Untracked 
|  83|0x0000000085300000, 0x0000000085300000, 0x0000000085400000|  0%| F|  |TAMS 0x0000000085300000, 0x0000000085300000| Untracked 
|  84|0x0000000085400000, 0x0000000085400000, 0x0000000085500000|  0%| F|  |TAMS 0x0000000085400000, 0x0000000085400000| Untracked 
|  85|0x0000000085500000, 0x0000000085500000, 0x0000000085600000|  0%| F|  |TAMS 0x0000000085500000, 0x0000000085500000| Untracked 
|  86|0x0000000085600000, 0x0000000085600000, 0x0000000085700000|  0%| F|  |TAMS 0x0000000085600000, 0x0000000085600000| Untracked 
|  87|0x0000000085700000, 0x0000000085700000, 0x0000000085800000|  0%| F|  |TAMS 0x0000000085700000, 0x0000000085700000| Untracked 
|  88|0x0000000085800000, 0x0000000085800000, 0x0000000085900000|  0%| F|  |TAMS 0x0000000085800000, 0x0000000085800000| Untracked 
|  89|0x0000000085900000, 0x0000000085900000, 0x0000000085a00000|  0%| F|  |TAMS 0x0000000085900000, 0x0000000085900000| Untracked 
|  90|0x0000000085a00000, 0x0000000085a00000, 0x0000000085b00000|  0%| F|  |TAMS 0x0000000085a00000, 0x0000000085a00000| Untracked 
|  91|0x0000000085b00000, 0x0000000085b00000, 0x0000000085c00000|  0%| F|  |TAMS 0x0000000085b00000, 0x0000000085b00000| Untracked 
|  92|0x0000000085c00000, 0x0000000085c00000, 0x0000000085d00000|  0%| F|  |TAMS 0x0000000085c00000, 0x0000000085c00000| Untracked 
|  93|0x0000000085d00000, 0x0000000085d00000, 0x0000000085e00000|  0%| F|  |TAMS 0x0000000085d00000, 0x0000000085d00000| Untracked 
|  94|0x0000000085e00000, 0x0000000085e00000, 0x0000000085f00000|  0%| F|  |TAMS 0x0000000085e00000, 0x0000000085e00000| Untracked 
|  95|0x0000000085f00000, 0x0000000085f00000, 0x0000000086000000|  0%| F|  |TAMS 0x0000000085f00000, 0x0000000085f00000| Untracked 
|  96|0x0000000086000000, 0x0000000086000000, 0x0000000086100000|  0%| F|  |TAMS 0x0000000086000000, 0x0000000086000000| Untracked 
|  97|0x0000000086100000, 0x0000000086100000, 0x0000000086200000|  0%| F|  |TAMS 0x0000000086100000, 0x0000000086100000| Untracked 
|  98|0x0000000086200000, 0x0000000086200000, 0x0000000086300000|  0%| F|  |TAMS 0x0000000086200000, 0x0000000086200000| Untracked 
|  99|0x0000000086300000, 0x0000000086300000, 0x0000000086400000|  0%| F|  |TAMS 0x0000000086300000, 0x0000000086300000| Untracked 
| 100|0x0000000086400000, 0x0000000086400000, 0x0000000086500000|  0%| F|  |TAMS 0x0000000086400000, 0x0000000086400000| Untracked 
| 101|0x0000000086500000, 0x0000000086500000, 0x0000000086600000|  0%| F|  |TAMS 0x0000000086500000, 0x0000000086500000| Untracked 
| 102|0x0000000086600000, 0x0000000086600000, 0x0000000086700000|  0%| F|  |TAMS 0x0000000086600000, 0x0000000086600000| Untracked 
| 103|0x0000000086700000, 0x0000000086700000, 0x0000000086800000|  0%| F|  |TAMS 0x0000000086700000, 0x0000000086700000| Untracked 
| 104|0x0000000086800000, 0x0000000086800000, 0x0000000086900000|  0%| F|  |TAMS 0x0000000086800000, 0x0000000086800000| Untracked 
| 105|0x0000000086900000, 0x0000000086900000, 0x0000000086a00000|  0%| F|  |TAMS 0x0000000086900000, 0x0000000086900000| Untracked 
| 106|0x0000000086a00000, 0x0000000086a00000, 0x0000000086b00000|  0%| F|  |TAMS 0x0000000086a00000, 0x0000000086a00000| Untracked 
| 107|0x0000000086b00000, 0x0000000086b00000, 0x0000000086c00000|  0%| F|  |TAMS 0x0000000086b00000, 0x0000000086b00000| Untracked 
| 108|0x0000000086c00000, 0x0000000086c00000, 0x0000000086d00000|  0%| F|  |TAMS 0x0000000086c00000, 0x0000000086c00000| Untracked 
| 109|0x0000000086d00000, 0x0000000086d00000, 0x0000000086e00000|  0%| F|  |TAMS 0x0000000086d00000, 0x0000000086d00000| Untracked 
| 110|0x0000000086e00000, 0x0000000086e00000, 0x0000000086f00000|  0%| F|  |TAMS 0x0000000086e00000, 0x0000000086e00000| Untracked 
| 111|0x0000000086f00000, 0x0000000086f00000, 0x0000000087000000|  0%| F|  |TAMS 0x0000000086f00000, 0x0000000086f00000| Untracked 
| 112|0x0000000087000000, 0x0000000087000000, 0x0000000087100000|  0%| F|  |TAMS 0x0000000087000000, 0x0000000087000000| Untracked 
| 113|0x0000000087100000, 0x0000000087100000, 0x0000000087200000|  0%| F|  |TAMS 0x0000000087100000, 0x0000000087100000| Untracked 
| 114|0x0000000087200000, 0x0000000087200000, 0x0000000087300000|  0%| F|  |TAMS 0x0000000087200000, 0x0000000087200000| Untracked 
| 115|0x0000000087300000, 0x0000000087300000, 0x0000000087400000|  0%| F|  |TAMS 0x0000000087300000, 0x0000000087300000| Untracked 
| 116|0x0000000087400000, 0x0000000087400000, 0x0000000087500000|  0%| F|  |TAMS 0x0000000087400000, 0x0000000087400000| Untracked 
| 117|0x0000000087500000, 0x0000000087500000, 0x0000000087600000|  0%| F|  |TAMS 0x0000000087500000, 0x0000000087500000| Untracked 
| 118|0x0000000087600000, 0x0000000087600000, 0x0000000087700000|  0%| F|  |TAMS 0x0000000087600000, 0x0000000087600000| Untracked 
| 119|0x0000000087700000, 0x0000000087700000, 0x0000000087800000|  0%| F|  |TAMS 0x0000000087700000, 0x0000000087700000| Untracked 
| 120|0x0000000087800000, 0x0000000087900000, 0x0000000087900000|100%| E|  |TAMS 0x0000000087800000, 0x0000000087800000| Complete 
| 121|0x0000000087900000, 0x0000000087a00000, 0x0000000087a00000|100%| E|CS|TAMS 0x0000000087900000, 0x0000000087900000| Complete 
| 122|0x0000000087a00000, 0x0000000087b00000, 0x0000000087b00000|100%| E|CS|TAMS 0x0000000087a00000, 0x0000000087a00000| Complete 
| 123|0x0000000087b00000, 0x0000000087c00000, 0x0000000087c00000|100%| E|CS|TAMS 0x0000000087b00000, 0x0000000087b00000| Complete 
| 124|0x0000000087c00000, 0x0000000087d00000, 0x0000000087d00000|100%| E|CS|TAMS 0x0000000087c00000, 0x0000000087c00000| Complete 
| 125|0x0000000087d00000, 0x0000000087e00000, 0x0000000087e00000|100%| E|CS|TAMS 0x0000000087d00000, 0x0000000087d00000| Complete 
| 126|0x0000000087e00000, 0x0000000087f00000, 0x0000000087f00000|100%| E|CS|TAMS 0x0000000087e00000, 0x0000000087e00000| Complete 
| 127|0x0000000087f00000, 0x0000000088000000, 0x0000000088000000|100%| E|CS|TAMS 0x0000000087f00000, 0x0000000087f00000| Complete 
| 128|0x0000000088000000, 0x0000000088100000, 0x0000000088100000|100%| E|CS|TAMS 0x0000000088000000, 0x0000000088000000| Complete 
| 129|0x0000000088100000, 0x0000000088200000, 0x0000000088200000|100%| E|CS|TAMS 0x0000000088100000, 0x0000000088100000| Complete 
| 130|0x0000000088200000, 0x0000000088300000, 0x0000000088300000|100%| E|CS|TAMS 0x0000000088200000, 0x0000000088200000| Complete 
| 131|0x0000000088300000, 0x0000000088400000, 0x0000000088400000|100%| E|CS|TAMS 0x0000000088300000, 0x0000000088300000| Complete 
| 132|0x0000000088400000, 0x0000000088500000, 0x0000000088500000|100%| E|CS|TAMS 0x0000000088400000, 0x0000000088400000| Complete 
| 133|0x0000000088500000, 0x0000000088600000, 0x0000000088600000|100%| E|CS|TAMS 0x0000000088500000, 0x0000000088500000| Complete 
| 134|0x0000000088600000, 0x0000000088700000, 0x0000000088700000|100%| E|CS|TAMS 0x0000000088600000, 0x0000000088600000| Complete 
| 135|0x0000000088700000, 0x0000000088800000, 0x0000000088800000|100%| E|CS|TAMS 0x0000000088700000, 0x0000000088700000| Complete 
| 136|0x0000000088800000, 0x0000000088900000, 0x0000000088900000|100%| E|CS|TAMS 0x0000000088800000, 0x0000000088800000| Complete 
| 137|0x0000000088900000, 0x0000000088a00000, 0x0000000088a00000|100%| E|CS|TAMS 0x0000000088900000, 0x0000000088900000| Complete 
| 138|0x0000000088a00000, 0x0000000088b00000, 0x0000000088b00000|100%| E|CS|TAMS 0x0000000088a00000, 0x0000000088a00000| Complete 
| 139|0x0000000088b00000, 0x0000000088c00000, 0x0000000088c00000|100%| E|CS|TAMS 0x0000000088b00000, 0x0000000088b00000| Complete 
| 140|0x0000000088c00000, 0x0000000088d00000, 0x0000000088d00000|100%| E|CS|TAMS 0x0000000088c00000, 0x0000000088c00000| Complete 
| 141|0x0000000088d00000, 0x0000000088e00000, 0x0000000088e00000|100%| E|CS|TAMS 0x0000000088d00000, 0x0000000088d00000| Complete 
| 142|0x0000000088e00000, 0x0000000088f00000, 0x0000000088f00000|100%| E|CS|TAMS 0x0000000088e00000, 0x0000000088e00000| Complete 
| 143|0x0000000088f00000, 0x0000000089000000, 0x0000000089000000|100%| E|CS|TAMS 0x0000000088f00000, 0x0000000088f00000| Complete 
| 144|0x0000000089000000, 0x0000000089100000, 0x0000000089100000|100%| E|CS|TAMS 0x0000000089000000, 0x0000000089000000| Complete 
| 145|0x0000000089100000, 0x0000000089200000, 0x0000000089200000|100%| E|CS|TAMS 0x0000000089100000, 0x0000000089100000| Complete 
| 146|0x0000000089200000, 0x0000000089300000, 0x0000000089300000|100%| E|CS|TAMS 0x0000000089200000, 0x0000000089200000| Complete 
| 147|0x0000000089300000, 0x0000000089400000, 0x0000000089400000|100%| E|CS|TAMS 0x0000000089300000, 0x0000000089300000| Complete 
| 148|0x0000000089400000, 0x0000000089500000, 0x0000000089500000|100%| E|CS|TAMS 0x0000000089400000, 0x0000000089400000| Complete 
| 149|0x0000000089500000, 0x0000000089600000, 0x0000000089600000|100%| E|CS|TAMS 0x0000000089500000, 0x0000000089500000| Complete 
| 150|0x0000000089600000, 0x0000000089700000, 0x0000000089700000|100%| E|CS|TAMS 0x0000000089600000, 0x0000000089600000| Complete 
| 151|0x0000000089700000, 0x0000000089800000, 0x0000000089800000|100%| E|CS|TAMS 0x0000000089700000, 0x0000000089700000| Complete 
| 152|0x0000000089800000, 0x0000000089900000, 0x0000000089900000|100%| E|CS|TAMS 0x0000000089800000, 0x0000000089800000| Complete 
| 153|0x0000000089900000, 0x0000000089a00000, 0x0000000089a00000|100%| E|CS|TAMS 0x0000000089900000, 0x0000000089900000| Complete 

Card table byte_map: [0x0000023c385a0000,0x0000023c389a0000] _byte_map_base: 0x0000023c381a0000

Marking Bits (Prev, Next): (CMBitMap*) 0x0000023c3cdaf240, (CMBitMap*) 0x0000023c3cdaf208
 Prev Bits: [0x0000023c3ada0000, 0x0000023c3cda0000)
 Next Bits: [0x0000023c38da0000, 0x0000023c3ada0000)

Polling page: 0x0000023c20570000

Metaspace:

Usage:
  Non-class:     21.47 MB capacity,    21.08 MB ( 98%) used,   325.03 KB (  1%) free+waste,    66.94 KB ( <1%) overhead. 
      Class:      3.06 MB capacity,     2.80 MB ( 91%) used,   238.99 KB (  8%) free+waste,    33.88 KB (  1%) overhead. 
       Both:     24.53 MB capacity,    23.88 MB ( 97%) used,   564.02 KB (  2%) free+waste,   100.81 KB ( <1%) overhead. 

Virtual space:
  Non-class space:       22.00 MB reserved,      21.50 MB ( 98%) committed 
      Class space:        1.00 GB reserved,       3.13 MB ( <1%) committed 
             Both:        1.02 GB reserved,      24.63 MB (  2%) committed 

Chunk freelists:
   Non-Class:  4.38 KB
       Class:  3.75 KB
        Both:  8.13 KB

CodeHeap 'non-profiled nmethods': size=238912Kb used=3186Kb max_used=3186Kb free=235725Kb
 bounds [0x0000023c29850000, 0x0000023c29b70000, 0x0000023c381a0000]
CodeHeap 'non-nmethods': size=6848Kb used=1145Kb max_used=1145Kb free=5702Kb
 bounds [0x0000023c291a0000, 0x0000023c29410000, 0x0000023c29850000]
 total_blobs=2589 nmethods=2106 adapters=393
 compilation: enabled
              stopped_count=0, restarted_count=0
 full_count=0

Compilation events (10 events):
Event: 1.924 Thread 0x0000023c3fba7800 2101       1       jdk.internal.reflect.ReflectionFactory::newConstructorAccessor (154 bytes)
Event: 1.925 Thread 0x0000023c3fba7800 nmethod 2101 0x0000023c29b6ab90 code [0x0000023c29b6ae00, 0x0000023c29b6b720]
Event: 1.925 Thread 0x0000023c3fba7800 2103       1       org.joda.time.format.DateTimeFormatterBuilder$NumberFormatter::estimateParsedLength (5 bytes)
Event: 1.925 Thread 0x0000023c3fba7800 nmethod 2103 0x0000023c29b6bb90 code [0x0000023c29b6bd20, 0x0000023c29b6be38]
Event: 1.925 Thread 0x0000023c3fba7800 2104       1       org.joda.time.format.DateTimeFormatterBuilder$PaddedNumber::estimatePrintedLength (5 bytes)
Event: 1.925 Thread 0x0000023c3fba7800 nmethod 2104 0x0000023c29b6be90 code [0x0000023c29b6c020, 0x0000023c29b6c138]
Event: 1.925 Thread 0x0000023c3fba7800 2105       1       java.lang.Enum::hashCode (5 bytes)
Event: 1.925 Thread 0x0000023c3fba7800 nmethod 2105 0x0000023c29b6c190 code [0x0000023c29b6c340, 0x0000023c29b6c470]
Event: 1.929 Thread 0x0000023c3fba7800 2106       1       sun.reflect.annotation.AnnotatedTypeFactory::isArray (35 bytes)
Event: 1.929 Thread 0x0000023c3fba7800 nmethod 2106 0x0000023c29b6c510 code [0x0000023c29b6c6c0, 0x0000023c29b6c8f0]

GC Heap History (10 events):
Event: 0.611 GC heap before
{Heap before GC invocations=0 (full 0):
 garbage-first heap   total 131072K, used 14336K [0x0000000080000000, 0x0000000100000000)
  region size 1024K, 14 young (14336K), 0 survivors (0K)
 Metaspace       used 8394K, capacity 8587K, committed 8704K, reserved 1056768K
  class space    used 835K, capacity 912K, committed 1024K, reserved 1048576K
}
Event: 0.618 GC heap after
{Heap after GC invocations=1 (full 0):
 garbage-first heap   total 131072K, used 9083K [0x0000000080000000, 0x0000000100000000)
  region size 1024K, 2 young (2048K), 2 survivors (2048K)
 Metaspace       used 8394K, capacity 8587K, committed 8704K, reserved 1056768K
  class space    used 835K, capacity 912K, committed 1024K, reserved 1048576K
}
Event: 0.928 GC heap before
{Heap before GC invocations=1 (full 0):
 garbage-first heap   total 131072K, used 15227K [0x0000000080000000, 0x0000000100000000)
  region size 1024K, 8 young (8192K), 2 survivors (2048K)
 Metaspace       used 12658K, capacity 12973K, committed 13312K, reserved 1060864K
  class space    used 1324K, capacity 1438K, committed 1536K, reserved 1048576K
}
Event: 0.933 GC heap after
{Heap after GC invocations=2 (full 0):
 garbage-first heap   total 131072K, used 10135K [0x0000000080000000, 0x0000000100000000)
  region size 1024K, 1 young (1024K), 1 survivors (1024K)
 Metaspace       used 12658K, capacity 12973K, committed 13312K, reserved 1060864K
  class space    used 1324K, capacity 1438K, committed 1536K, reserved 1048576K
}
Event: 1.235 GC heap before
{Heap before GC invocations=2 (full 0):
 garbage-first heap   total 131072K, used 28567K [0x0000000080000000, 0x0000000100000000)
  region size 1024K, 19 young (19456K), 1 survivors (1024K)
 Metaspace       used 15948K, capacity 16369K, committed 16512K, reserved 1064960K
  class space    used 1680K, capacity 1827K, committed 1920K, reserved 1048576K
}
Event: 1.239 GC heap after
{Heap after GC invocations=3 (full 0):
 garbage-first heap   total 131072K, used 11370K [0x0000000080000000, 0x0000000100000000)
  region size 1024K, 3 young (3072K), 3 survivors (3072K)
 Metaspace       used 15948K, capacity 16369K, committed 16512K, reserved 1064960K
  class space    used 1680K, capacity 1827K, committed 1920K, reserved 1048576K
}
Event: 1.277 GC heap before
{Heap before GC invocations=3 (full 0):
 garbage-first heap   total 131072K, used 39018K [0x0000000080000000, 0x0000000100000000)
  region size 1024K, 31 young (31744K), 3 survivors (3072K)
 Metaspace       used 15966K, capacity 16372K, committed 16512K, reserved 1064960K
  class space    used 1683K, capacity 1828K, committed 1920K, reserved 1048576K
}
Event: 1.281 GC heap after
{Heap after GC invocations=4 (full 0):
 garbage-first heap   total 131072K, used 11656K [0x0000000080000000, 0x0000000100000000)
  region size 1024K, 2 young (2048K), 2 survivors (2048K)
 Metaspace       used 15966K, capacity 16372K, committed 16512K, reserved 1064960K
  class space    used 1683K, capacity 1828K, committed 1920K, reserved 1048576K
}
Event: 1.681 GC heap before
{Heap before GC invocations=4 (full 0):
 garbage-first heap   total 131072K, used 63880K [0x0000000080000000, 0x0000000100000000)
  region size 1024K, 55 young (56320K), 2 survivors (2048K)
 Metaspace       used 20682K, capacity 21145K, committed 21248K, reserved 1069056K
  class space    used 2306K, capacity 2508K, committed 2560K, reserved 1048576K
}
Event: 1.692 GC heap after
{Heap after GC invocations=5 (full 0):
 garbage-first heap   total 157696K, used 12871K [0x0000000080000000, 0x0000000100000000)
  region size 1024K, 3 young (3072K), 3 survivors (3072K)
 Metaspace       used 20682K, capacity 21145K, committed 21248K, reserved 1069056K
  class space    used 2306K, capacity 2508K, committed 2560K, reserved 1048576K
}

Deoptimization events (0 events):
No events

Classes redefined (0 events):
No events

Internal exceptions (10 events):
Event: 1.700 Thread 0x0000023c40df6800 Exception <a 'java/lang/NoSuchMethodError'{0x00000000899cc930}: java.lang.invoke.DirectMethodHandle$Holder.invokeSpecial(Ljava/lang/Object;Ljava/lang/Object;Ljava/lang/Object;Ljava/lang/Object;Ljava/lang/Object;)V> (0x00000000899cc930) thrown at [./open/s
Event: 1.710 Thread 0x0000023c40df6800 Exception <a 'java/lang/NoSuchMethodError'{0x00000000898a7628}: java.lang.invoke.DirectMethodHandle$Holder.invokeStaticInit(Ljava/lang/Object;Ljava/lang/Object;Ljava/lang/Object;Ljava/lang/Object;Ljava/lang/Object;)Ljava/lang/Object;> (0x00000000898a7628)
Event: 1.719 Thread 0x0000023c40df6800 Exception <a 'java/lang/NoSuchMethodError'{0x0000000089793d98}: java.lang.invoke.DirectMethodHandle$Holder.invokeSpecial(Ljava/lang/Object;Ljava/lang/Object;IILjava/lang/Object;Ljava/lang/Object;Ljava/lang/Object;)Ljava/lang/Object;> (0x0000000089793d98) 
Event: 1.719 Thread 0x0000023c40df6800 Exception <a 'java/lang/NoSuchMethodError'{0x0000000089797320}: java.lang.invoke.DelegatingMethodHandle$Holder.reinvoke_L(Ljava/lang/Object;IILjava/lang/Object;Ljava/lang/Object;Ljava/lang/Object;)Ljava/lang/Object;> (0x0000000089797320) thrown at [./open
Event: 1.720 Thread 0x0000023c40df6800 Exception <a 'java/lang/NoSuchMethodError'{0x000000008979b4a8}: java.lang.invoke.DirectMethodHandle$Holder.invokeStatic(Ljava/lang/Object;Ljava/lang/Object;Ljava/lang/Object;Ljava/lang/Object;I)Ljava/lang/Object;> (0x000000008979b4a8) thrown at [./open/sr
Event: 1.884 Thread 0x0000023c40df6800 Exception <a 'java/lang/NoSuchMethodError'{0x00000000880ace80}: java.lang.invoke.DirectMethodHandle$Holder.invokeSpecial(Ljava/lang/Object;Ljava/lang/Object;)J> (0x00000000880ace80) thrown at [./open/src/hotspot/share/interpreter/linkResolver.cpp, line 77
Event: 1.888 Thread 0x0000023c40df6800 Exception <a 'java/lang/NoSuchMethodError'{0x00000000880e7c08}: java.lang.invoke.DirectMethodHandle$Holder.invokeStatic(Ljava/lang/Object;Ljava/lang/Object;)J> (0x00000000880e7c08) thrown at [./open/src/hotspot/share/interpreter/linkResolver.cpp, line 772
Event: 1.889 Thread 0x0000023c40df6800 Exception <a 'java/lang/NoSuchMethodError'{0x00000000880eaa30}: java.lang.invoke.DirectMethodHandle$Holder.invokeStaticInit(Ljava/lang/Object;Ljava/lang/Object;)J> (0x00000000880eaa30) thrown at [./open/src/hotspot/share/interpreter/linkResolver.cpp, line
Event: 1.892 Thread 0x0000023c40df6800 Exception <a 'java/lang/NoSuchMethodError'{0x0000000087e1c838}: java.lang.invoke.DirectMethodHandle$Holder.invokeInterface(Ljava/lang/Object;Ljava/lang/Object;)J> (0x0000000087e1c838) thrown at [./open/src/hotspot/share/interpreter/linkResolver.cpp, line 
Event: 1.893 Thread 0x0000023c40df6800 Exception <a 'java/lang/IncompatibleClassChangeError'{0x0000000087e1f5d0}: Found class java.lang.Object, but interface was expected> (0x0000000087e1f5d0) thrown at [./open/src/hotspot/share/interpreter/linkResolver.cpp, line 838]

Events (10 events):
Event: 1.937 loading class org/joda/time/format/PeriodFormatter done
Event: 1.938 loading class java/lang/UnsupportedOperationException
Event: 1.938 loading class java/lang/UnsupportedOperationException done
Event: 1.939 loading class com/fasterxml/jackson/datatype/joda/deser/DateTimeZoneDeserializer
Event: 1.939 loading class com/fasterxml/jackson/datatype/joda/deser/DateTimeZoneDeserializer done
Event: 1.939 loading class com/fasterxml/jackson/datatype/joda/deser/DurationDeserializer
Event: 1.939 loading class com/fasterxml/jackson/datatype/joda/deser/DurationDeserializer done
Event: 1.940 loading class com/fasterxml/jackson/datatype/joda/deser/InstantDeserializer
Event: 1.940 loading class com/fasterxml/jackson/datatype/joda/deser/InstantDeserializer done
Event: 1.940 Executing VM operation: RevokeBias


Dynamic libraries:
0x00007ff7f9350000 - 0x00007ff7f9397000 	C:\Program Files\Java\jdk-11.0.7\bin\javaw.exe
0x00007ffff89a0000 - 0x00007ffff8b7b000 	C:\Windows\SYSTEM32\ntdll.dll
0x00007ffff8340000 - 0x00007ffff83ee000 	C:\Windows\System32\KERNEL32.DLL
0x00007ffff5480000 - 0x00007ffff56c9000 	C:\Windows\System32\KERNELBASE.dll
0x00007ffff7f20000 - 0x00007ffff7fc1000 	C:\Windows\System32\ADVAPI32.dll
0x00007ffff6870000 - 0x00007ffff690d000 	C:\Windows\System32\msvcrt.dll
0x00007ffff6490000 - 0x00007ffff64e9000 	C:\Windows\System32\sechost.dll
0x00007ffff7df0000 - 0x00007ffff7f15000 	C:\Windows\System32\RPCRT4.dll
0x00007ffff5f60000 - 0x00007ffff60aa000 	C:\Windows\System32\USER32.dll
0x00007ffff57e0000 - 0x00007ffff57fe000 	C:\Windows\System32\win32u.dll
0x00007ffff64f0000 - 0x00007ffff6517000 	C:\Windows\System32\GDI32.dll
0x00007ffff5030000 - 0x00007ffff51b9000 	C:\Windows\System32\gdi32full.dll
0x00007ffff53e0000 - 0x00007ffff547a000 	C:\Windows\System32\msvcp_win.dll
0x00007ffff4f30000 - 0x00007ffff5026000 	C:\Windows\System32\ucrtbase.dll
0x00007ffff2480000 - 0x00007ffff26e7000 	C:\Windows\WinSxS\amd64_microsoft.windows.common-controls_6595b64144ccf1df_6.0.15063.0_none_108e4f62dfe5d999\COMCTL32.dll
0x00007ffff4a90000 - 0x00007ffff4a9a000 	C:\Windows\SYSTEM32\VERSION.dll
0x00007ffff8040000 - 0x00007ffff8339000 	C:\Windows\System32\combase.dll
0x00007ffff4ec0000 - 0x00007ffff4f2a000 	C:\Windows\System32\bcryptPrimitives.dll
0x00007ffff8000000 - 0x00007ffff802d000 	C:\Windows\System32\IMM32.DLL
0x00007ffff4c80000 - 0x00007ffff4cdd000 	C:\Program Files\Citrix\System32\MfApHook64.dll
0x00007ffff3e30000 - 0x00007ffff3e5b000 	C:\Program Files\Citrix\ICAService\CtxDodHook64.dll
0x00007ffff4ba0000 - 0x00007ffff4bd2000 	C:\Program Files\Citrix\ICAService\picaFullScreenHookX64.dll
0x00007ffff4620000 - 0x00007ffff4656000 	C:\Program Files\Citrix\ICAService\ShellHook64.dll
0x00007ffff6520000 - 0x00007ffff6663000 	C:\Windows\System32\ole32.dll
0x00007ffff69b0000 - 0x00007ffff7de7000 	C:\Windows\System32\SHELL32.dll
0x00007ffff51c0000 - 0x00007ffff5209000 	C:\Windows\System32\cfgmgr32.dll
0x00007ffff67c0000 - 0x00007ffff686a000 	C:\Windows\System32\shcore.dll
0x00007ffff5800000 - 0x00007ffff5ef2000 	C:\Windows\System32\windows.storage.dll
0x00007ffff6760000 - 0x00007ffff67b1000 	C:\Windows\System32\shlwapi.dll
0x00007ffff4e10000 - 0x00007ffff4e21000 	C:\Windows\System32\kernel.appcore.dll
0x00007ffff4e50000 - 0x00007ffff4e9c000 	C:\Windows\System32\powrprof.dll
0x00007ffff4ea0000 - 0x00007ffff4eb5000 	C:\Windows\System32\profapi.dll
0x00007ffff44a0000 - 0x00007ffff461a000 	C:\Program Files\Citrix\ICAService\SCardHook64.dll
0x00007ffff41a0000 - 0x00007ffff41ca000 	C:\Program Files\Citrix\ICAService\cxinjime64.dll
0x00007ffff4150000 - 0x00007ffff419c000 	C:\Program Files\Citrix\ICAService\PicaWtsHook64.dll
0x00007fffdacb0000 - 0x00007fffdacc6000 	C:\Program Files\Java\jdk-11.0.7\bin\vcruntime140.dll
0x00007fffdac00000 - 0x00007fffdacaa000 	C:\Program Files\Java\jdk-11.0.7\bin\msvcp140.dll
0x00007fffc6dd0000 - 0x00007fffc7931000 	C:\Program Files\Java\jdk-11.0.7\bin\server\jvm.dll
0x00007ffff6360000 - 0x00007ffff6368000 	C:\Windows\System32\PSAPI.DLL
0x00007fffee9b0000 - 0x00007fffee9d3000 	C:\Windows\SYSTEM32\WINMM.dll
0x00007fffe8030000 - 0x00007fffe8039000 	C:\Windows\SYSTEM32\WSOCK32.dll
0x00007ffff66f0000 - 0x00007ffff675c000 	C:\Windows\System32\WS2_32.dll
0x00007fffee7a0000 - 0x00007fffee7cb000 	C:\Windows\SYSTEM32\winmmbase.dll
0x00007ffff2cb0000 - 0x00007ffff2cc1000 	C:\Program Files\Java\jdk-11.0.7\bin\verify.dll
0x00007ffff3e60000 - 0x00007ffff4009000 	C:\Windows\SYSTEM32\DBGHELP.DLL
0x00007ffff3d70000 - 0x00007ffff3d99000 	C:\Windows\SYSTEM32\dbgcore.DLL
0x00007fffe7840000 - 0x00007fffe7869000 	C:\Program Files\Java\jdk-11.0.7\bin\java.dll
0x00007fffefd20000 - 0x00007fffefd2a000 	C:\Program Files\Java\jdk-11.0.7\bin\jimage.dll
0x00007fffe7820000 - 0x00007fffe7836000 	C:\Program Files\Java\jdk-11.0.7\bin\zip.dll
0x00007fffe7800000 - 0x00007fffe7819000 	C:\Program Files\Java\jdk-11.0.7\bin\net.dll
0x00007fffee530000 - 0x00007fffee607000 	C:\Windows\SYSTEM32\WINHTTP.dll
0x00007ffff3860000 - 0x00007ffff38bc000 	C:\Windows\system32\mswsock.dll
0x00007fffe77e0000 - 0x00007fffe77f3000 	C:\Program Files\Java\jdk-11.0.7\bin\nio.dll
0x00007fffdad70000 - 0x00007fffdad79000 	C:\Program Files\Java\jdk-11.0.7\bin\management.dll
0x00007fffdabb0000 - 0x00007fffdabbc000 	C:\Program Files\Java\jdk-11.0.7\bin\management_ext.dll
0x00007fffed5e0000 - 0x00007fffed5f6000 	C:\Windows\system32\napinsp.dll
0x00007fffed6d0000 - 0x00007fffed6ea000 	C:\Windows\system32\pnrpnsp.dll
0x00007ffff06a0000 - 0x00007ffff06b8000 	C:\Windows\system32\NLAapi.dll
0x00007ffff3650000 - 0x00007ffff36f4000 	C:\Windows\SYSTEM32\DNSAPI.dll
0x00007ffff8030000 - 0x00007ffff8038000 	C:\Windows\System32\NSI.dll
0x00007ffff3610000 - 0x00007ffff3647000 	C:\Windows\SYSTEM32\IPHLPAPI.DLL
0x00007fffed6f0000 - 0x00007fffed6fe000 	C:\Windows\System32\winrnr.dll
0x00007fffeef20000 - 0x00007fffeef2a000 	C:\Windows\System32\rasadhlp.dll
0x00007ffff0050000 - 0x00007ffff00bb000 	C:\Windows\System32\fwpuclnt.dll
0x00007ffff4d50000 - 0x00007ffff4d75000 	C:\Windows\SYSTEM32\bcrypt.dll
0x00007ffff3e10000 - 0x00007ffff3e27000 	C:\Windows\SYSTEM32\CRYPTSP.dll
0x00007ffff34a0000 - 0x00007ffff34d4000 	C:\Windows\system32\rsaenh.dll
0x00007ffff4d10000 - 0x00007ffff4d39000 	C:\Windows\SYSTEM32\USERENV.dll
0x00007ffff3a00000 - 0x00007ffff3a0b000 	C:\Windows\SYSTEM32\CRYPTBASE.dll
0x00007ffff0030000 - 0x00007ffff0046000 	C:\Windows\SYSTEM32\dhcpcsvc6.DLL
0x00007fffeff20000 - 0x00007fffeff3a000 	C:\Windows\SYSTEM32\dhcpcsvc.DLL

dbghelp: loaded successfully - version: 4.0.5 - missing functions: none
symbol engine: initialized successfully - sym options: 0x614 - pdb path: .;C:\Program Files\Java\jdk-11.0.7\bin;C:\Windows\SYSTEM32;C:\Windows\WinSxS\amd64_microsoft.windows.common-controls_6595b64144ccf1df_6.0.15063.0_none_108e4f62dfe5d999;C:\Program Files\Citrix\System32;C:\Program Files\Citrix\ICAService;C:\Program Files\Java\jdk-11.0.7\bin\server

VM Arguments:
jvm_args: -Dcom.sun.management.jmxremote -Dcom.sun.management.jmxremote.port=53418 -Dcom.sun.management.jmxremote.authenticate=false -Dcom.sun.management.jmxremote.ssl=false -Djava.rmi.server.hostname=localhost -Dspring.jmx.enabled=true -Dspring.liveBeansView.mbeanDomain -Dspring.application.admin.enabled=true -Xverify:none -XX:TieredStopAtLevel=1 -Dfile.encoding=Cp1252 
java_command: com.rabo.loan.management.LoanmanagementApiApplication --spring.output.ansi.enabled=always
java_class_path (initial): C:\GitCode\LoanManagementSystem\loanmanagement-api\bin\main;C:\Users\ctsjava107\.gradle\caches\modules-2\files-2.1\de.codecentric\spring-boot-admin-starter-client\2.2.3\e8f0c13b69b3e609a5fa8b682dec42e019ff695f\spring-boot-admin-starter-client-2.2.3.jar;C:\Users\ctsjava107\.gradle\caches\modules-2\files-2.1\de.codecentric\spring-boot-admin-client\2.2.3\b87976199da4a04c115519a88203524c8594458c\spring-boot-admin-client-2.2.3.jar;C:\Users\ctsjava107\.gradle\caches\modules-2\files-2.1\de.codecentric\spring-boot-admin-starter-server\2.2.3\ae4278994f10a8e6d3138033e47c8267303c919f\spring-boot-admin-starter-server-2.2.3.jar;C:\Users\ctsjava107\.gradle\caches\modules-2\files-2.1\de.codecentric\spring-boot-admin-server-ui\2.2.3\4a5b19989818b8a75371d4b4a8a8260c5a66c2ca\spring-boot-admin-server-ui-2.2.3.jar;C:\Users\ctsjava107\.gradle\caches\modules-2\files-2.1\de.codecentric\spring-boot-admin-server-cloud\2.2.3\7af8f65f91e4059cc1f2a4fed765d36d54e49b40\spring-boot-admin-server-cloud-2.2.3.jar;C:\Users\ctsjava107\.gradle\caches\modules-2\files-2.1\de.codecentric\spring-boot-admin-server\2.2.3\f6dc05174000367fa36d82c579785d26ba90fb09\spring-boot-admin-server-2.2.3.jar;C:\Users\ctsjava107\.gradle\caches\modules-2\files-2.1\org.springframework.boot\spring-boot-starter-actuator\2.3.1.RELEASE\d7de3431d77815be239951d39b4ecd3fbe004e75\spring-boot-starter-actuator-2.3.1.RELEASE.jar;C:\Users\ctsjava107\.gradle\caches\modules-2\files-2.1\org.springframework.boot\spring-boot-starter-data-rest\2.3.1.RELEASE\7ef1492ca65cdf498d48dc69384b365f5f4ccf89\spring-boot-starter-data-rest-2.3.1.RELEASE.jar;C:\Users\ctsjava107\.gradle\caches\modules-2\files-2.1\org.springframework.boot\spring-boot-starter-jersey\2.3.1.RELEASE\d81bc99cb532dbc68b5514079ad5f141de79b760\spring-boot-starter-jersey-2.3.1.RELEASE.jar;C:\Users\ctsjava107\.gradle\caches\modules-2\files-2.1\org.springframework.boot\spring-boot-starter-web-services\2.3.1.RELEASE\6461a9d0abd97cf911cae189a481965a4ae05ccc\
Launcher Type: SUN_STANDARD

[Global flags]
     bool BytecodeVerificationLocal                = false                                     {product} {command line}
     bool BytecodeVerificationRemote               = false                                     {product} {command line}
     intx CICompilerCount                          = 3                                         {product} {ergonomic}
     uint ConcGCThreads                            = 1                                         {product} {ergonomic}
     uint G1ConcRefinementThreads                  = 4                                         {product} {ergonomic}
   size_t G1HeapRegionSize                         = 1048576                                   {product} {ergonomic}
    uintx GCDrainStackTargetSize                   = 64                                        {product} {ergonomic}
   size_t InitialHeapSize                          = 134217728                                 {product} {ergonomic}
     bool ManagementServer                         = true                                      {product} {command line}
   size_t MarkStackSize                            = 4194304                                   {product} {ergonomic}
   size_t MaxHeapSize                              = 2147483648                                {product} {ergonomic}
   size_t MaxNewSize                               = 1287651328                                {product} {ergonomic}
   size_t MinHeapDeltaBytes                        = 1048576                                   {product} {ergonomic}
    uintx NonNMethodCodeHeapSize                   = 6973028                                {pd product} {ergonomic}
    uintx NonProfiledCodeHeapSize                  = 244685212                              {pd product} {ergonomic}
    uintx ProfiledCodeHeapSize                     = 0                                      {pd product} {ergonomic}
    uintx ReservedCodeCacheSize                    = 251658240                              {pd product} {ergonomic}
     bool SegmentedCodeCache                       = true                                      {product} {ergonomic}
     intx TieredStopAtLevel                        = 1                                         {product} {command line}
     bool UseCompressedClassPointers               = true                                 {lp64_product} {ergonomic}
     bool UseCompressedOops                        = true                                 {lp64_product} {ergonomic}
     bool UseG1GC                                  = true                                      {product} {ergonomic}
     bool UseLargePagesIndividualAllocation        = false                                  {pd product} {ergonomic}

Logging:
Log output configuration:
 #0: stdout all=warning uptime,level,tags
 #1: stderr all=off uptime,level,tags

Environment Variables:
PATH=C:/Program Files/Java/jdk-11.0.7/bin/server;C:/Program Files/Java/jdk-11.0.7/bin;C:\Program Files (x86)\Microsoft SDKs\Azure\CLI2\wbin;C:\ProgramData\DockerDesktop\version-bin;C:\Program Files\Docker\Docker\Resources\bin;C:\Program Files (x86)\Python38-32\Scripts\;C:\Program Files (x86)\Python38-32\;C:\Windows\system32;C:\Windows;C:\Windows\System32\Wbem;C:\Windows\System32\WindowsPowerShell\v1.0\;C:\Program Files\Citrix\System32\;C:\Program Files\Citrix\ICAService\;C:\Program Files\Citrix\Virtual Desktop Agent\;C:\Program Files\Java\jdk-11.0.7\bin;C:\apache-maven-3.6.3-bin\apache-maven-3.6.3\bin;D:\sonarqube-8.3.1.34397\sonarqube-8.3.1.34397\bin;C:\Program Files\nodejs\;C:\Program Files\Git\cmd;C:\Program Files\Microsoft VS Code\bin;C:\Program Files\Amazon\AWSCLIV2\;D:\java\curl-7.68.0-win64-mingw\curl-7.68.0-win64-mingw\bin;C:\Program Files\Cloud Foundry;C:\Users\ctsjava107\AppData\Roaming\npm\node_modules\@angular\cli\bin;C:\Users\ctsjava107\AppData\Roaming\npm;C:\Users\ctsjava107\AppData\Local\Microsoft\WindowsApps;;D:\spring-tool-suite-3.9.9.RELEASE-e4.12.0-win32-x86_64\sts-bundle\sts-3.9.9.RELEASE;
USERNAME=ctsjava107
OS=Windows_NT
PROCESSOR_IDENTIFIER=Intel64 Family 6 Model 79 Stepping 1, GenuineIntel



---------------  S Y S T E M  ---------------

OS: Windows 10 , 64 bit Build 15063 (10.0.15063.0)

CPU:total 4 (initial active 4) (2 cores per cpu, 1 threads per core) family 6 model 79 stepping 1, cmov, cx8, fxsr, mmx, sse, sse2, sse3, ssse3, sse4.1, sse4.2, popcnt, avx, avx2, aes, clmul, erms, rtm, 3dnowpref, lzcnt, tsc, tscinvbit, bmi1, bmi2, adx, fma

Memory: 4k page, system-wide physical 8191M (2056M free)
TotalPageFile size 11883M (AvailPageFile size 2974M)
current process WorkingSet (physical memory assigned to process): 164M, peak: 164M
current process commit charge ("private bytes"): 262M, peak: 262M

vm_info: Java HotSpot(TM) 64-Bit Server VM (11.0.7+8-LTS) for windows-amd64 JRE (11.0.7+8-LTS), built on Mar 12 2020 02:04:32 by "mach5one" with MS VC++ 15.5 (VS2017)

END.
