#
# A fatal error has been detected by the Java Runtime Environment:
#
#  EXCEPTION_ACCESS_VIOLATION (0xc0000005) at pc=0x00007fffc745a4ed, pid=2684, tid=692
#
# JRE version: Java(TM) SE Runtime Environment 18.9 (11.0.7+8) (build 11.0.7+8-LTS)
# Java VM: Java HotSpot(TM) 64-Bit Server VM 18.9 (11.0.7+8-LTS, mixed mode, tiered, compressed oops, g1 gc, windows-amd64)
# Problematic frame:
# V  [jvm.dll+0x68a4ed]
#
# No core dump will be written. Minidumps are not enabled by default on client versions of Windows
#
# If you would like to submit a bug report, please visit:
#   https://bugreport.java.com/bugreport/crash.jsp
#

---------------  S U M M A R Y ------------

Command Line: -Dcom.sun.management.jmxremote -Dcom.sun.management.jmxremote.port=56916 -Dcom.sun.management.jmxremote.authenticate=false -Dcom.sun.management.jmxremote.ssl=false -Djava.rmi.server.hostname=localhost -Dspring.jmx.enabled=true -Dspring.liveBeansView.mbeanDomain -Dspring.application.admin.enabled=true -Xverify:none -XX:TieredStopAtLevel=1 -Dfile.encoding=Cp1252 com.rabo.loan.management.LoanmanagementApiApplication --spring.output.ansi.enabled=always

Host: Intel(R) Xeon(R) CPU E5-2696 v4 @ 2.20GHz, 4 cores, 7G,  Windows 10 , 64 bit Build 15063 (10.0.15063.0)
Time: Mon Jul 20 18:56:25 2020 India Standard Time elapsed time: 9 seconds (0d 0h 0m 9s)

---------------  T H R E A D  ---------------

Current thread (0x000001ff70044000):  VMThread "VM Thread" [stack: 0x00000028b4700000,0x00000028b4800000] [id=692]

Stack: [0x00000028b4700000,0x00000028b4800000],  sp=0x00000028b47ff460,  free space=1021k
Native frames: (J=compiled Java code, j=interpreted, Vv=VM code, C=native code)
V  [jvm.dll+0x68a4ed]
V  [jvm.dll+0x68ab5a]
V  [jvm.dll+0x375509]
V  [jvm.dll+0x7a974a]
V  [jvm.dll+0x7a9d5c]
V  [jvm.dll+0x7a80e7]
V  [jvm.dll+0x7a8910]
V  [jvm.dll+0x7a8c17]
V  [jvm.dll+0x75e875]
V  [jvm.dll+0x660b26]
C  [ucrtbase.dll+0x20369]
C  [KERNEL32.DLL+0x12774]
C  [ntdll.dll+0x70d61]


siginfo: EXCEPTION_ACCESS_VIOLATION (0xc0000005), reading address 0x000000080000000f


Register to memory mapping:

RIP=0x00007fffc745a4ed jvm.dll
RAX=0x0000000000000001 is an unknown value
RBX=0x0000000800000007 is an unknown value
RCX=0x000001ff6e101140 points into unknown readable memory: c0 0c 10 6e ff 01 00 00
RDX=0x0 is NULL
RSP=0x00000028b47ff460 points into unknown readable memory: cd 00 00 00 00 00 00 00
RBP=0x0 is NULL
RSI=0x0 is NULL
RDI=0x000001ff10269b30 points into unknown readable memory: 07 00 00 00 08 00 00 00
R8 =0x0000000000000003 is an unknown value
R9 =0x0000000000000003 is an unknown value
R10=0x000001ff7072f500 points into unknown readable memory: 00 e9 31 6e ff 01 00 00
R11=0x00000028b47ff2e0 points into unknown readable memory: 00 00 00 00 00 00 00 00
R12=0x000001ff70044000 points into unknown readable memory: 98 76 6f c7 ff 7f 00 00
R13=0x000001ff7002f008 points into unknown readable memory: 00 40 04 70 ff 01 00 00
R14=0x0000000000000003 is an unknown value
R15=0x000000000000001f is an unknown value


Registers:
RAX=0x0000000000000001, RBX=0x0000000800000007, RCX=0x000001ff6e101140, RDX=0x0000000000000000
RSP=0x00000028b47ff460, RBP=0x0000000000000000, RSI=0x0000000000000000, RDI=0x000001ff10269b30
R8 =0x0000000000000003, R9 =0x0000000000000003, R10=0x000001ff7072f500, R11=0x00000028b47ff2e0
R12=0x000001ff70044000, R13=0x000001ff7002f008, R14=0x0000000000000003, R15=0x000000000000001f
RIP=0x00007fffc745a4ed, EFLAGS=0x0000000000010202

Top of Stack: (sp=0x00000028b47ff460)
0x00000028b47ff460:   00000000000000cd 00007fff00000000
0x00000028b47ff470:   000001ff00000000 0000000000000000
0x00000028b47ff480:   0000000000000003 00007fffc745ab5a
0x00000028b47ff490:   000001ff70044000 000000000000000d
0x00000028b47ff4a0:   0000000000000000 00000028b47ff5b0
0x00000028b47ff4b0:   0000000000000003 00007fffc7145509
0x00000028b47ff4c0:   00000028b47ff530 0000000000000000
0x00000028b47ff4d0:   0000000000000003 0000000000000000
0x00000028b47ff4e0:   0000000000000003 00007fffc757974a
0x00000028b47ff4f0:   000001ff70044000 0000000000000000
0x00000028b47ff500:   0000000000000000 000001ff14abb150
0x00000028b47ff510:   0000000000000000 0000000000000100
0x00000028b47ff520:   00000028b41ff300 0000000000000000
0x00000028b47ff530:   0000000000000000 000001ff70044000
0x00000028b47ff540:   000001ff14abb150 000001ff70000100
0x00000028b47ff550:   0000000000000000 0000000000000000 

Instructions: (pc=0x00007fffc745a4ed)
0x00007fffc745a4cd:   8b ce e8 0c f4 a2 ff 48 8b 3d a5 a5 41 00 48 8b
0x00007fffc745a4dd:   74 24 40 48 85 ff 74 39 48 8b 1f 48 85 db 74 29
0x00007fffc745a4ed:   48 83 7b 08 01 75 1a 48 8b 53 18 89 2b 48 85 d2
0x00007fffc745a4fd:   74 0f 39 6b 04 48 8b cb e8 a6 69 cd ff 48 89 6b 


Stack slot to memory mapping:
stack at sp + 0 slots: 0x00000000000000cd is an unknown value
stack at sp + 1 slots: 0x00007fff00000000 is an unknown value
stack at sp + 2 slots: 0x000001ff00000000 points into unknown readable memory: 04 00 00 00 00 00 00 00
stack at sp + 3 slots: 0x0 is NULL
stack at sp + 4 slots: 0x0000000000000003 is an unknown value
stack at sp + 5 slots: 0x00007fffc745ab5a jvm.dll
stack at sp + 6 slots: 0x000001ff70044000 points into unknown readable memory: 98 76 6f c7 ff 7f 00 00
stack at sp + 7 slots: 0x000000000000000d is an unknown value

VM_Operation (0x00000028b41ff300): Exit, mode: safepoint, requested by thread 0x000001ff70736800


---------------  P R O C E S S  ---------------

Threads class SMR info:
_java_thread_list=0x000001ff14abb150, length=13, elements={
0x000001ff70736800, 0x000001ff70049000, 0x000001ff70052000, 0x000001ff7fcac000,
0x000001ff7fcad000, 0x000001ff7fcb7000, 0x000001ff7000a000, 0x000001ff7fed2800,
0x000001ff10286800, 0x000001ff10282800, 0x000001ff10283000, 0x000001ff10d06800,
0x000001ff10427800
}

Java Threads: ( => current thread )
  0x000001ff70736800 JavaThread "main" [_thread_blocked, id=14320, stack(0x00000028b4100000,0x00000028b4200000)]
  0x000001ff70049000 JavaThread "Reference Handler" daemon [_thread_blocked, id=11336, stack(0x00000028b4800000,0x00000028b4900000)]
  0x000001ff70052000 JavaThread "Finalizer" daemon [_thread_blocked, id=12752, stack(0x00000028b4900000,0x00000028b4a00000)]
  0x000001ff7fcac000 JavaThread "Attach Listener" daemon [_thread_blocked, id=14268, stack(0x00000028b4b00000,0x00000028b4c00000)]
  0x000001ff7fcad000 JavaThread "C1 CompilerThread0" daemon [_thread_blocked, id=3640, stack(0x00000028b4c00000,0x00000028b4d00000)]
  0x000001ff7fcb7000 JavaThread "Sweeper thread" daemon [_thread_blocked, id=13696, stack(0x00000028b4d00000,0x00000028b4e00000)]
  0x000001ff7000a000 JavaThread "Common-Cleaner" daemon [_thread_blocked, id=14224, stack(0x00000028b4e00000,0x00000028b4f00000)]
  0x000001ff7fed2800 JavaThread "Service Thread" daemon [_thread_blocked, id=11780, stack(0x00000028b4f00000,0x00000028b5000000)]
  0x000001ff10286800 JavaThread "RMI TCP Accept-0" daemon [_thread_in_native, id=872, stack(0x00000028b5200000,0x00000028b5300000)]
  0x000001ff10282800 JavaThread "RMI TCP Accept-56916" daemon [_thread_in_native, id=13596, stack(0x00000028b5300000,0x00000028b5400000)]
  0x000001ff10283000 JavaThread "RMI TCP Accept-0" daemon [_thread_in_native, id=4604, stack(0x00000028b5400000,0x00000028b5500000)]
  0x000001ff10d06800 JavaThread "Keep-Alive-Timer" daemon [_thread_blocked, id=3200, stack(0x00000028b5b00000,0x00000028b5c00000)]
  0x000001ff10427800 JavaThread "mysql-cj-abandoned-connection-cleanup" daemon [_thread_blocked, id=2732, stack(0x00000028d4900000,0x00000028d4a00000)]

Other Threads:
=>0x000001ff70044000 VMThread "VM Thread" [stack: 0x00000028b4700000,0x00000028b4800000] [id=692]
  0x000001ff6fe6b800 GCTaskThread "GC Thread#0" [stack: 0x00000028b4200000,0x00000028b4300000] [id=4444]
  0x000001ff1024c000 GCTaskThread "GC Thread#1" [stack: 0x00000028b5000000,0x00000028b5100000] [id=3712]
  0x000001ff1024c800 GCTaskThread "GC Thread#2" [stack: 0x00000028b5100000,0x00000028b5200000] [id=10848]
  0x000001ff1090a000 GCTaskThread "GC Thread#3" [stack: 0x00000028b5900000,0x00000028b5a00000] [id=2620]
  0x000001ff6fe9f000 ConcurrentGCThread "G1 Main Marker" [stack: 0x00000028b4300000,0x00000028b4400000] [id=9392]
  0x000001ff6fea0800 ConcurrentGCThread "G1 Conc#0" [stack: 0x00000028b4400000,0x00000028b4500000] [id=12388]
  0x000001ff6ff32000 ConcurrentGCThread "G1 Refine#0" [stack: 0x00000028b4500000,0x00000028b4600000] [id=9896]
  0x000001ff6ff33800 ConcurrentGCThread "G1 Young RemSet Sampling" [stack: 0x00000028b4600000,0x00000028b4700000] [id=3620]

Threads with active compile tasks:

VM state:at safepoint (shutting down)

VM Mutex/Monitor currently owned by a thread:  ([mutex/lock_event])
[0x000001ff70733ad0] Threads_lock - owner thread: 0x000001ff70044000

Heap address: 0x0000000080000000, size: 2048 MB, Compressed Oops mode: 32-bit
Narrow klass base: 0x0000000000000000, Narrow klass shift: 3
Compressed class space size: 1073741824 Address: 0x0000000100000000

Heap:
 garbage-first heap   total 189440K, used 113445K [0x0000000080000000, 0x0000000100000000)
  region size 1024K, 91 young (93184K), 7 survivors (7168K)
 Metaspace       used 53505K, capacity 55072K, committed 55296K, reserved 1097728K
  class space    used 6692K, capacity 7328K, committed 7424K, reserved 1048576K
Heap Regions: E=young(eden), S=young(survivor), O=old, HS=humongous(starts), HC=humongous(continues), CS=collection set, F=free, A=archive, TAMS=top-at-mark-start (previous, next)
|   0|0x0000000080000000, 0x0000000080100000, 0x0000000080100000|100%|HS|  |TAMS 0x0000000080100000, 0x0000000080000000| Complete 
|   1|0x0000000080100000, 0x0000000080200000, 0x0000000080200000|100%| O|  |TAMS 0x0000000080200000, 0x0000000080100000| Untracked 
|   2|0x0000000080200000, 0x0000000080300000, 0x0000000080300000|100%| O|  |TAMS 0x0000000080300000, 0x0000000080200000| Untracked 
|   3|0x0000000080300000, 0x0000000080400000, 0x0000000080400000|100%| O|  |TAMS 0x0000000080400000, 0x0000000080300000| Untracked 
|   4|0x0000000080400000, 0x0000000080500000, 0x0000000080500000|100%| O|  |TAMS 0x0000000080500000, 0x0000000080400000| Untracked 
|   5|0x0000000080500000, 0x0000000080600000, 0x0000000080600000|100%| O|  |TAMS 0x0000000080600000, 0x0000000080500000| Untracked 
|   6|0x0000000080600000, 0x0000000080700000, 0x0000000080700000|100%| O|  |TAMS 0x0000000080700000, 0x0000000080600000| Untracked 
|   7|0x0000000080700000, 0x0000000080800000, 0x0000000080800000|100%| O|  |TAMS 0x0000000080800000, 0x0000000080700000| Untracked 
|   8|0x0000000080800000, 0x0000000080900000, 0x0000000080900000|100%| O|  |TAMS 0x0000000080900000, 0x0000000080800000| Untracked 
|   9|0x0000000080900000, 0x0000000080a00000, 0x0000000080a00000|100%| O|  |TAMS 0x0000000080a00000, 0x0000000080900000| Untracked 
|  10|0x0000000080a00000, 0x0000000080b00000, 0x0000000080b00000|100%| O|  |TAMS 0x0000000080a85400, 0x0000000080a00000| Untracked 
|  11|0x0000000080b00000, 0x0000000080c00000, 0x0000000080c00000|100%| O|  |TAMS 0x0000000080b00000, 0x0000000080b00000| Untracked 
|  12|0x0000000080c00000, 0x0000000080d00000, 0x0000000080d00000|100%| O|  |TAMS 0x0000000080c00000, 0x0000000080c00000| Untracked 
|  13|0x0000000080d00000, 0x0000000080e00000, 0x0000000080e00000|100%| O|  |TAMS 0x0000000080d00000, 0x0000000080d00000| Untracked 
|  14|0x0000000080e00000, 0x0000000080f00000, 0x0000000080f00000|100%| O|  |TAMS 0x0000000080e00000, 0x0000000080e00000| Untracked 
|  15|0x0000000080f00000, 0x0000000081000000, 0x0000000081000000|100%| O|  |TAMS 0x0000000080f00000, 0x0000000080f00000| Untracked 
|  16|0x0000000081000000, 0x0000000081100000, 0x0000000081100000|100%| O|  |TAMS 0x0000000081000000, 0x0000000081000000| Untracked 
|  17|0x0000000081100000, 0x0000000081200000, 0x0000000081200000|100%| O|  |TAMS 0x0000000081100000, 0x0000000081100000| Untracked 
|  18|0x0000000081200000, 0x0000000081300000, 0x0000000081300000|100%| O|  |TAMS 0x0000000081200000, 0x0000000081200000| Untracked 
|  19|0x0000000081300000, 0x0000000081400000, 0x0000000081400000|100%| O|  |TAMS 0x0000000081300000, 0x0000000081300000| Untracked 
|  20|0x0000000081400000, 0x00000000814c9600, 0x0000000081500000| 78%| O|  |TAMS 0x0000000081400000, 0x0000000081400000| Untracked 
|  21|0x0000000081500000, 0x0000000081500000, 0x0000000081600000|  0%| F|  |TAMS 0x0000000081500000, 0x0000000081500000| Untracked 
|  22|0x0000000081600000, 0x0000000081600000, 0x0000000081700000|  0%| F|  |TAMS 0x0000000081600000, 0x0000000081600000| Untracked 
|  23|0x0000000081700000, 0x0000000081700000, 0x0000000081800000|  0%| F|  |TAMS 0x0000000081700000, 0x0000000081700000| Untracked 
|  24|0x0000000081800000, 0x0000000081800000, 0x0000000081900000|  0%| F|  |TAMS 0x0000000081800000, 0x0000000081800000| Untracked 
|  25|0x0000000081900000, 0x0000000081900000, 0x0000000081a00000|  0%| F|  |TAMS 0x0000000081900000, 0x0000000081900000| Untracked 
|  26|0x0000000081a00000, 0x0000000081a00000, 0x0000000081b00000|  0%| F|  |TAMS 0x0000000081a00000, 0x0000000081a00000| Untracked 
|  27|0x0000000081b00000, 0x0000000081b00000, 0x0000000081c00000|  0%| F|  |TAMS 0x0000000081b00000, 0x0000000081b00000| Untracked 
|  28|0x0000000081c00000, 0x0000000081c00000, 0x0000000081d00000|  0%| F|  |TAMS 0x0000000081c00000, 0x0000000081c00000| Untracked 
|  29|0x0000000081d00000, 0x0000000081d00000, 0x0000000081e00000|  0%| F|  |TAMS 0x0000000081d00000, 0x0000000081d00000| Untracked 
|  30|0x0000000081e00000, 0x0000000081e00000, 0x0000000081f00000|  0%| F|  |TAMS 0x0000000081e00000, 0x0000000081e00000| Untracked 
|  31|0x0000000081f00000, 0x0000000081f00000, 0x0000000082000000|  0%| F|  |TAMS 0x0000000081f00000, 0x0000000081f00000| Untracked 
|  32|0x0000000082000000, 0x0000000082000000, 0x0000000082100000|  0%| F|  |TAMS 0x0000000082000000, 0x0000000082000000| Untracked 
|  33|0x0000000082100000, 0x0000000082100000, 0x0000000082200000|  0%| F|  |TAMS 0x0000000082100000, 0x0000000082100000| Untracked 
|  34|0x0000000082200000, 0x0000000082200000, 0x0000000082300000|  0%| F|  |TAMS 0x0000000082200000, 0x0000000082200000| Untracked 
|  35|0x0000000082300000, 0x0000000082300000, 0x0000000082400000|  0%| F|  |TAMS 0x0000000082300000, 0x0000000082300000| Untracked 
|  36|0x0000000082400000, 0x0000000082400000, 0x0000000082500000|  0%| F|  |TAMS 0x0000000082400000, 0x0000000082400000| Untracked 
|  37|0x0000000082500000, 0x0000000082500000, 0x0000000082600000|  0%| F|  |TAMS 0x0000000082500000, 0x0000000082500000| Untracked 
|  38|0x0000000082600000, 0x0000000082600000, 0x0000000082700000|  0%| F|  |TAMS 0x0000000082600000, 0x0000000082600000| Untracked 
|  39|0x0000000082700000, 0x0000000082700000, 0x0000000082800000|  0%| F|  |TAMS 0x0000000082700000, 0x0000000082700000| Untracked 
|  40|0x0000000082800000, 0x0000000082800000, 0x0000000082900000|  0%| F|  |TAMS 0x0000000082800000, 0x0000000082800000| Untracked 
|  41|0x0000000082900000, 0x0000000082900000, 0x0000000082a00000|  0%| F|  |TAMS 0x0000000082900000, 0x0000000082900000| Untracked 
|  42|0x0000000082a00000, 0x0000000082a00000, 0x0000000082b00000|  0%| F|  |TAMS 0x0000000082a00000, 0x0000000082a00000| Untracked 
|  43|0x0000000082b00000, 0x0000000082b00000, 0x0000000082c00000|  0%| F|  |TAMS 0x0000000082b00000, 0x0000000082b00000| Untracked 
|  44|0x0000000082c00000, 0x0000000082c00000, 0x0000000082d00000|  0%| F|  |TAMS 0x0000000082c00000, 0x0000000082c00000| Untracked 
|  45|0x0000000082d00000, 0x0000000082d00000, 0x0000000082e00000|  0%| F|  |TAMS 0x0000000082d00000, 0x0000000082d00000| Untracked 
|  46|0x0000000082e00000, 0x0000000082e00000, 0x0000000082f00000|  0%| F|  |TAMS 0x0000000082e00000, 0x0000000082e00000| Untracked 
|  47|0x0000000082f00000, 0x0000000082f00000, 0x0000000083000000|  0%| F|  |TAMS 0x0000000082f00000, 0x0000000082f00000| Untracked 
|  48|0x0000000083000000, 0x0000000083000000, 0x0000000083100000|  0%| F|  |TAMS 0x0000000083000000, 0x0000000083000000| Untracked 
|  49|0x0000000083100000, 0x0000000083100000, 0x0000000083200000|  0%| F|  |TAMS 0x0000000083100000, 0x0000000083100000| Untracked 
|  50|0x0000000083200000, 0x0000000083200000, 0x0000000083300000|  0%| F|  |TAMS 0x0000000083200000, 0x0000000083200000| Untracked 
|  51|0x0000000083300000, 0x0000000083300000, 0x0000000083400000|  0%| F|  |TAMS 0x0000000083300000, 0x0000000083300000| Untracked 
|  52|0x0000000083400000, 0x0000000083400000, 0x0000000083500000|  0%| F|  |TAMS 0x0000000083400000, 0x0000000083400000| Untracked 
|  53|0x0000000083500000, 0x0000000083500000, 0x0000000083600000|  0%| F|  |TAMS 0x0000000083500000, 0x0000000083500000| Untracked 
|  54|0x0000000083600000, 0x0000000083600000, 0x0000000083700000|  0%| F|  |TAMS 0x0000000083600000, 0x0000000083600000| Untracked 
|  55|0x0000000083700000, 0x0000000083700000, 0x0000000083800000|  0%| F|  |TAMS 0x0000000083700000, 0x0000000083700000| Untracked 
|  56|0x0000000083800000, 0x0000000083800000, 0x0000000083900000|  0%| F|  |TAMS 0x0000000083800000, 0x0000000083800000| Untracked 
|  57|0x0000000083900000, 0x0000000083900000, 0x0000000083a00000|  0%| F|  |TAMS 0x0000000083900000, 0x0000000083900000| Untracked 
|  58|0x0000000083a00000, 0x0000000083a00000, 0x0000000083b00000|  0%| F|  |TAMS 0x0000000083a00000, 0x0000000083a00000| Untracked 
|  59|0x0000000083b00000, 0x0000000083b00000, 0x0000000083c00000|  0%| F|  |TAMS 0x0000000083b00000, 0x0000000083b00000| Untracked 
|  60|0x0000000083c00000, 0x0000000083c00000, 0x0000000083d00000|  0%| F|  |TAMS 0x0000000083c00000, 0x0000000083c00000| Untracked 
|  61|0x0000000083d00000, 0x0000000083d00000, 0x0000000083e00000|  0%| F|  |TAMS 0x0000000083d00000, 0x0000000083d00000| Untracked 
|  62|0x0000000083e00000, 0x0000000083e00000, 0x0000000083f00000|  0%| F|  |TAMS 0x0000000083e00000, 0x0000000083e00000| Untracked 
|  63|0x0000000083f00000, 0x0000000083f00000, 0x0000000084000000|  0%| F|  |TAMS 0x0000000083f00000, 0x0000000083f00000| Untracked 
|  64|0x0000000084000000, 0x0000000084000000, 0x0000000084100000|  0%| F|  |TAMS 0x0000000084000000, 0x0000000084000000| Untracked 
|  65|0x0000000084100000, 0x0000000084100000, 0x0000000084200000|  0%| F|  |TAMS 0x0000000084100000, 0x0000000084100000| Untracked 
|  66|0x0000000084200000, 0x0000000084200000, 0x0000000084300000|  0%| F|  |TAMS 0x0000000084200000, 0x0000000084200000| Untracked 
|  67|0x0000000084300000, 0x0000000084300000, 0x0000000084400000|  0%| F|  |TAMS 0x0000000084300000, 0x0000000084300000| Untracked 
|  68|0x0000000084400000, 0x0000000084400000, 0x0000000084500000|  0%| F|  |TAMS 0x0000000084400000, 0x0000000084400000| Untracked 
|  69|0x0000000084500000, 0x0000000084500000, 0x0000000084600000|  0%| F|  |TAMS 0x0000000084500000, 0x0000000084500000| Untracked 
|  70|0x0000000084600000, 0x0000000084600000, 0x0000000084700000|  0%| F|  |TAMS 0x0000000084600000, 0x0000000084600000| Untracked 
|  71|0x0000000084700000, 0x0000000084700000, 0x0000000084800000|  0%| F|  |TAMS 0x0000000084700000, 0x0000000084700000| Untracked 
|  72|0x0000000084800000, 0x0000000084800000, 0x0000000084900000|  0%| F|  |TAMS 0x0000000084800000, 0x0000000084800000| Untracked 
|  73|0x0000000084900000, 0x0000000084900000, 0x0000000084a00000|  0%| F|  |TAMS 0x0000000084900000, 0x0000000084900000| Untracked 
|  74|0x0000000084a00000, 0x0000000084a00000, 0x0000000084b00000|  0%| F|  |TAMS 0x0000000084a00000, 0x0000000084a00000| Untracked 
|  75|0x0000000084b00000, 0x0000000084b00000, 0x0000000084c00000|  0%| F|  |TAMS 0x0000000084b00000, 0x0000000084b00000| Untracked 
|  76|0x0000000084c00000, 0x0000000084c00000, 0x0000000084d00000|  0%| F|  |TAMS 0x0000000084c00000, 0x0000000084c00000| Untracked 
|  77|0x0000000084d00000, 0x0000000084d00000, 0x0000000084e00000|  0%| F|  |TAMS 0x0000000084d00000, 0x0000000084d00000| Untracked 
|  78|0x0000000084e00000, 0x0000000084f00000, 0x0000000084f00000|100%| S|CS|TAMS 0x0000000084e00000, 0x0000000084e00000| Complete 
|  79|0x0000000084f00000, 0x0000000085000000, 0x0000000085000000|100%| S|CS|TAMS 0x0000000084f00000, 0x0000000084f00000| Complete 
|  80|0x0000000085000000, 0x0000000085100000, 0x0000000085100000|100%| S|CS|TAMS 0x0000000085000000, 0x0000000085000000| Complete 
|  81|0x0000000085100000, 0x0000000085200000, 0x0000000085200000|100%| S|CS|TAMS 0x0000000085100000, 0x0000000085100000| Complete 
|  82|0x0000000085200000, 0x0000000085300000, 0x0000000085300000|100%| S|CS|TAMS 0x0000000085200000, 0x0000000085200000| Complete 
|  83|0x0000000085300000, 0x0000000085400000, 0x0000000085400000|100%| S|CS|TAMS 0x0000000085300000, 0x0000000085300000| Complete 
|  84|0x0000000085400000, 0x0000000085500000, 0x0000000085500000|100%| S|CS|TAMS 0x0000000085400000, 0x0000000085400000| Complete 
|  85|0x0000000085500000, 0x0000000085500000, 0x0000000085600000|  0%| F|  |TAMS 0x0000000085500000, 0x0000000085500000| Untracked 
|  86|0x0000000085600000, 0x0000000085600000, 0x0000000085700000|  0%| F|  |TAMS 0x0000000085600000, 0x0000000085600000| Untracked 
|  87|0x0000000085700000, 0x0000000085700000, 0x0000000085800000|  0%| F|  |TAMS 0x0000000085700000, 0x0000000085700000| Untracked 
|  88|0x0000000085800000, 0x0000000085800000, 0x0000000085900000|  0%| F|  |TAMS 0x0000000085800000, 0x0000000085800000| Untracked 
|  89|0x0000000085900000, 0x0000000085900000, 0x0000000085a00000|  0%| F|  |TAMS 0x0000000085900000, 0x0000000085900000| Untracked 
|  90|0x0000000085a00000, 0x0000000085a00000, 0x0000000085b00000|  0%| F|  |TAMS 0x0000000085a00000, 0x0000000085a00000| Untracked 
|  91|0x0000000085b00000, 0x0000000085b00000, 0x0000000085c00000|  0%| F|  |TAMS 0x0000000085b00000, 0x0000000085b00000| Untracked 
|  92|0x0000000085c00000, 0x0000000085c00000, 0x0000000085d00000|  0%| F|  |TAMS 0x0000000085c00000, 0x0000000085c00000| Untracked 
|  93|0x0000000085d00000, 0x0000000085d00000, 0x0000000085e00000|  0%| F|  |TAMS 0x0000000085d00000, 0x0000000085d00000| Untracked 
|  94|0x0000000085e00000, 0x0000000085e00000, 0x0000000085f00000|  0%| F|  |TAMS 0x0000000085e00000, 0x0000000085e00000| Untracked 
|  95|0x0000000085f00000, 0x0000000085f00000, 0x0000000086000000|  0%| F|  |TAMS 0x0000000085f00000, 0x0000000085f00000| Untracked 
|  96|0x0000000086000000, 0x0000000086000000, 0x0000000086100000|  0%| F|  |TAMS 0x0000000086000000, 0x0000000086000000| Untracked 
|  97|0x0000000086100000, 0x0000000086100000, 0x0000000086200000|  0%| F|  |TAMS 0x0000000086100000, 0x0000000086100000| Untracked 
|  98|0x0000000086200000, 0x0000000086200000, 0x0000000086300000|  0%| F|  |TAMS 0x0000000086200000, 0x0000000086200000| Untracked 
|  99|0x0000000086300000, 0x0000000086300000, 0x0000000086400000|  0%| F|  |TAMS 0x0000000086300000, 0x0000000086300000| Untracked 
| 100|0x0000000086400000, 0x0000000086400000, 0x0000000086500000|  0%| F|  |TAMS 0x0000000086400000, 0x0000000086400000| Untracked 
| 101|0x0000000086500000, 0x0000000086600000, 0x0000000086600000|100%| E|  |TAMS 0x0000000086500000, 0x0000000086500000| Complete 
| 102|0x0000000086600000, 0x0000000086700000, 0x0000000086700000|100%| E|CS|TAMS 0x0000000086600000, 0x0000000086600000| Complete 
| 103|0x0000000086700000, 0x0000000086800000, 0x0000000086800000|100%| E|CS|TAMS 0x0000000086700000, 0x0000000086700000| Complete 
| 104|0x0000000086800000, 0x0000000086900000, 0x0000000086900000|100%| E|CS|TAMS 0x0000000086800000, 0x0000000086800000| Complete 
| 105|0x0000000086900000, 0x0000000086a00000, 0x0000000086a00000|100%| E|CS|TAMS 0x0000000086900000, 0x0000000086900000| Complete 
| 106|0x0000000086a00000, 0x0000000086b00000, 0x0000000086b00000|100%| E|CS|TAMS 0x0000000086a00000, 0x0000000086a00000| Complete 
| 107|0x0000000086b00000, 0x0000000086c00000, 0x0000000086c00000|100%| E|CS|TAMS 0x0000000086b00000, 0x0000000086b00000| Complete 
| 108|0x0000000086c00000, 0x0000000086d00000, 0x0000000086d00000|100%| E|CS|TAMS 0x0000000086c00000, 0x0000000086c00000| Complete 
| 109|0x0000000086d00000, 0x0000000086e00000, 0x0000000086e00000|100%| E|CS|TAMS 0x0000000086d00000, 0x0000000086d00000| Complete 
| 110|0x0000000086e00000, 0x0000000086f00000, 0x0000000086f00000|100%| E|CS|TAMS 0x0000000086e00000, 0x0000000086e00000| Complete 
| 111|0x0000000086f00000, 0x0000000087000000, 0x0000000087000000|100%| E|CS|TAMS 0x0000000086f00000, 0x0000000086f00000| Complete 
| 112|0x0000000087000000, 0x0000000087100000, 0x0000000087100000|100%| E|CS|TAMS 0x0000000087000000, 0x0000000087000000| Complete 
| 113|0x0000000087100000, 0x0000000087200000, 0x0000000087200000|100%| E|CS|TAMS 0x0000000087100000, 0x0000000087100000| Complete 
| 114|0x0000000087200000, 0x0000000087300000, 0x0000000087300000|100%| E|CS|TAMS 0x0000000087200000, 0x0000000087200000| Complete 
| 115|0x0000000087300000, 0x0000000087400000, 0x0000000087400000|100%| E|CS|TAMS 0x0000000087300000, 0x0000000087300000| Complete 
| 116|0x0000000087400000, 0x0000000087500000, 0x0000000087500000|100%| E|CS|TAMS 0x0000000087400000, 0x0000000087400000| Complete 
| 117|0x0000000087500000, 0x0000000087600000, 0x0000000087600000|100%| E|CS|TAMS 0x0000000087500000, 0x0000000087500000| Complete 
| 118|0x0000000087600000, 0x0000000087700000, 0x0000000087700000|100%| E|CS|TAMS 0x0000000087600000, 0x0000000087600000| Complete 
| 119|0x0000000087700000, 0x0000000087800000, 0x0000000087800000|100%| E|CS|TAMS 0x0000000087700000, 0x0000000087700000| Complete 
| 120|0x0000000087800000, 0x0000000087900000, 0x0000000087900000|100%| E|CS|TAMS 0x0000000087800000, 0x0000000087800000| Complete 
| 121|0x0000000087900000, 0x0000000087a00000, 0x0000000087a00000|100%| E|CS|TAMS 0x0000000087900000, 0x0000000087900000| Complete 
| 122|0x0000000087a00000, 0x0000000087b00000, 0x0000000087b00000|100%| E|CS|TAMS 0x0000000087a00000, 0x0000000087a00000| Complete 
| 123|0x0000000087b00000, 0x0000000087c00000, 0x0000000087c00000|100%| E|CS|TAMS 0x0000000087b00000, 0x0000000087b00000| Complete 
| 124|0x0000000087c00000, 0x0000000087d00000, 0x0000000087d00000|100%| E|CS|TAMS 0x0000000087c00000, 0x0000000087c00000| Complete 
| 125|0x0000000087d00000, 0x0000000087e00000, 0x0000000087e00000|100%| E|CS|TAMS 0x0000000087d00000, 0x0000000087d00000| Complete 
| 126|0x0000000087e00000, 0x0000000087f00000, 0x0000000087f00000|100%| E|CS|TAMS 0x0000000087e00000, 0x0000000087e00000| Complete 
| 127|0x0000000087f00000, 0x0000000088000000, 0x0000000088000000|100%| E|CS|TAMS 0x0000000087f00000, 0x0000000087f00000| Complete 
| 128|0x0000000088000000, 0x0000000088100000, 0x0000000088100000|100%| E|CS|TAMS 0x0000000088000000, 0x0000000088000000| Complete 
| 129|0x0000000088100000, 0x0000000088200000, 0x0000000088200000|100%| E|CS|TAMS 0x0000000088100000, 0x0000000088100000| Complete 
| 130|0x0000000088200000, 0x0000000088300000, 0x0000000088300000|100%| E|CS|TAMS 0x0000000088200000, 0x0000000088200000| Complete 
| 131|0x0000000088300000, 0x0000000088400000, 0x0000000088400000|100%| E|CS|TAMS 0x0000000088300000, 0x0000000088300000| Complete 
| 132|0x0000000088400000, 0x0000000088500000, 0x0000000088500000|100%| E|CS|TAMS 0x0000000088400000, 0x0000000088400000| Complete 
| 133|0x0000000088500000, 0x0000000088600000, 0x0000000088600000|100%| E|CS|TAMS 0x0000000088500000, 0x0000000088500000| Complete 
| 134|0x0000000088600000, 0x0000000088700000, 0x0000000088700000|100%| E|CS|TAMS 0x0000000088600000, 0x0000000088600000| Complete 
| 135|0x0000000088700000, 0x0000000088800000, 0x0000000088800000|100%| E|CS|TAMS 0x0000000088700000, 0x0000000088700000| Complete 
| 136|0x0000000088800000, 0x0000000088900000, 0x0000000088900000|100%| E|CS|TAMS 0x0000000088800000, 0x0000000088800000| Complete 
| 137|0x0000000088900000, 0x0000000088a00000, 0x0000000088a00000|100%| E|CS|TAMS 0x0000000088900000, 0x0000000088900000| Complete 
| 138|0x0000000088a00000, 0x0000000088b00000, 0x0000000088b00000|100%| E|CS|TAMS 0x0000000088a00000, 0x0000000088a00000| Complete 
| 139|0x0000000088b00000, 0x0000000088c00000, 0x0000000088c00000|100%| E|CS|TAMS 0x0000000088b00000, 0x0000000088b00000| Complete 
| 140|0x0000000088c00000, 0x0000000088d00000, 0x0000000088d00000|100%| E|CS|TAMS 0x0000000088c00000, 0x0000000088c00000| Complete 
| 141|0x0000000088d00000, 0x0000000088e00000, 0x0000000088e00000|100%| E|CS|TAMS 0x0000000088d00000, 0x0000000088d00000| Complete 
| 142|0x0000000088e00000, 0x0000000088f00000, 0x0000000088f00000|100%| E|CS|TAMS 0x0000000088e00000, 0x0000000088e00000| Complete 
| 143|0x0000000088f00000, 0x0000000089000000, 0x0000000089000000|100%| E|CS|TAMS 0x0000000088f00000, 0x0000000088f00000| Complete 
| 144|0x0000000089000000, 0x0000000089100000, 0x0000000089100000|100%| E|CS|TAMS 0x0000000089000000, 0x0000000089000000| Complete 
| 145|0x0000000089100000, 0x0000000089200000, 0x0000000089200000|100%| E|CS|TAMS 0x0000000089100000, 0x0000000089100000| Complete 
| 146|0x0000000089200000, 0x0000000089300000, 0x0000000089300000|100%| E|CS|TAMS 0x0000000089200000, 0x0000000089200000| Complete 
| 147|0x0000000089300000, 0x0000000089400000, 0x0000000089400000|100%| E|CS|TAMS 0x0000000089300000, 0x0000000089300000| Complete 
| 148|0x0000000089400000, 0x0000000089500000, 0x0000000089500000|100%| E|CS|TAMS 0x0000000089400000, 0x0000000089400000| Complete 
| 149|0x0000000089500000, 0x0000000089600000, 0x0000000089600000|100%| E|CS|TAMS 0x0000000089500000, 0x0000000089500000| Complete 
| 150|0x0000000089600000, 0x0000000089700000, 0x0000000089700000|100%| E|CS|TAMS 0x0000000089600000, 0x0000000089600000| Complete 
| 151|0x0000000089700000, 0x0000000089800000, 0x0000000089800000|100%| E|CS|TAMS 0x0000000089700000, 0x0000000089700000| Complete 
| 152|0x0000000089800000, 0x0000000089900000, 0x0000000089900000|100%| E|CS|TAMS 0x0000000089800000, 0x0000000089800000| Complete 
| 153|0x0000000089900000, 0x0000000089a00000, 0x0000000089a00000|100%| E|CS|TAMS 0x0000000089900000, 0x0000000089900000| Complete 
| 154|0x0000000089a00000, 0x0000000089b00000, 0x0000000089b00000|100%| E|CS|TAMS 0x0000000089a00000, 0x0000000089a00000| Complete 
| 155|0x0000000089b00000, 0x0000000089c00000, 0x0000000089c00000|100%| E|CS|TAMS 0x0000000089b00000, 0x0000000089b00000| Complete 
| 156|0x0000000089c00000, 0x0000000089d00000, 0x0000000089d00000|100%| E|CS|TAMS 0x0000000089c00000, 0x0000000089c00000| Complete 
| 157|0x0000000089d00000, 0x0000000089e00000, 0x0000000089e00000|100%| E|CS|TAMS 0x0000000089d00000, 0x0000000089d00000| Complete 
| 158|0x0000000089e00000, 0x0000000089f00000, 0x0000000089f00000|100%| E|CS|TAMS 0x0000000089e00000, 0x0000000089e00000| Complete 
| 159|0x0000000089f00000, 0x000000008a000000, 0x000000008a000000|100%| E|CS|TAMS 0x0000000089f00000, 0x0000000089f00000| Complete 
| 160|0x000000008a000000, 0x000000008a100000, 0x000000008a100000|100%| E|CS|TAMS 0x000000008a000000, 0x000000008a000000| Complete 
| 161|0x000000008a100000, 0x000000008a200000, 0x000000008a200000|100%| E|CS|TAMS 0x000000008a100000, 0x000000008a100000| Complete 
| 162|0x000000008a200000, 0x000000008a300000, 0x000000008a300000|100%| E|CS|TAMS 0x000000008a200000, 0x000000008a200000| Complete 
| 163|0x000000008a300000, 0x000000008a400000, 0x000000008a400000|100%| E|CS|TAMS 0x000000008a300000, 0x000000008a300000| Complete 
| 164|0x000000008a400000, 0x000000008a500000, 0x000000008a500000|100%| E|CS|TAMS 0x000000008a400000, 0x000000008a400000| Complete 
| 165|0x000000008a500000, 0x000000008a600000, 0x000000008a600000|100%| E|CS|TAMS 0x000000008a500000, 0x000000008a500000| Complete 
| 166|0x000000008a600000, 0x000000008a700000, 0x000000008a700000|100%| E|CS|TAMS 0x000000008a600000, 0x000000008a600000| Complete 
| 167|0x000000008a700000, 0x000000008a800000, 0x000000008a800000|100%| E|CS|TAMS 0x000000008a700000, 0x000000008a700000| Complete 
| 168|0x000000008a800000, 0x000000008a900000, 0x000000008a900000|100%| E|CS|TAMS 0x000000008a800000, 0x000000008a800000| Complete 
| 169|0x000000008a900000, 0x000000008aa00000, 0x000000008aa00000|100%| E|CS|TAMS 0x000000008a900000, 0x000000008a900000| Complete 
| 170|0x000000008aa00000, 0x000000008ab00000, 0x000000008ab00000|100%| E|CS|TAMS 0x000000008aa00000, 0x000000008aa00000| Complete 
| 171|0x000000008ab00000, 0x000000008ac00000, 0x000000008ac00000|100%| E|CS|TAMS 0x000000008ab00000, 0x000000008ab00000| Complete 
| 172|0x000000008ac00000, 0x000000008ad00000, 0x000000008ad00000|100%| E|CS|TAMS 0x000000008ac00000, 0x000000008ac00000| Complete 
| 173|0x000000008ad00000, 0x000000008ae00000, 0x000000008ae00000|100%| E|CS|TAMS 0x000000008ad00000, 0x000000008ad00000| Complete 
| 174|0x000000008ae00000, 0x000000008af00000, 0x000000008af00000|100%| E|CS|TAMS 0x000000008ae00000, 0x000000008ae00000| Complete 
| 175|0x000000008af00000, 0x000000008b000000, 0x000000008b000000|100%| E|CS|TAMS 0x000000008af00000, 0x000000008af00000| Complete 
| 176|0x000000008b000000, 0x000000008b100000, 0x000000008b100000|100%| E|CS|TAMS 0x000000008b000000, 0x000000008b000000| Complete 
| 177|0x000000008b100000, 0x000000008b200000, 0x000000008b200000|100%| E|CS|TAMS 0x000000008b100000, 0x000000008b100000| Complete 
| 178|0x000000008b200000, 0x000000008b300000, 0x000000008b300000|100%| E|CS|TAMS 0x000000008b200000, 0x000000008b200000| Complete 
| 179|0x000000008b300000, 0x000000008b400000, 0x000000008b400000|100%| E|CS|TAMS 0x000000008b300000, 0x000000008b300000| Complete 
| 180|0x000000008b400000, 0x000000008b500000, 0x000000008b500000|100%| E|CS|TAMS 0x000000008b400000, 0x000000008b400000| Complete 
| 181|0x000000008b500000, 0x000000008b600000, 0x000000008b600000|100%| E|CS|TAMS 0x000000008b500000, 0x000000008b500000| Complete 
| 182|0x000000008b600000, 0x000000008b700000, 0x000000008b700000|100%| E|CS|TAMS 0x000000008b600000, 0x000000008b600000| Complete 
| 183|0x000000008b700000, 0x000000008b800000, 0x000000008b800000|100%| E|CS|TAMS 0x000000008b700000, 0x000000008b700000| Complete 
| 184|0x000000008b800000, 0x000000008b900000, 0x000000008b900000|100%| E|CS|TAMS 0x000000008b800000, 0x000000008b800000| Complete 

Card table byte_map: [0x000001ff78f80000,0x000001ff79380000] _byte_map_base: 0x000001ff78b80000

Marking Bits (Prev, Next): (CMBitMap*) 0x000001ff6fe95178, (CMBitMap*) 0x000001ff6fe951b0
 Prev Bits: [0x000001ff79780000, 0x000001ff7b780000)
 Next Bits: [0x000001ff7b780000, 0x000001ff7d780000)

Polling page: 0x000001ff6fe40000

Metaspace:

Usage:
  Non-class:     46.63 MB capacity,    45.72 MB ( 98%) used,   750.73 KB (  2%) free+waste,   179.94 KB ( <1%) overhead. 
      Class:      7.16 MB capacity,     6.54 MB ( 91%) used,   547.45 KB (  7%) free+waste,    88.13 KB (  1%) overhead. 
       Both:     53.78 MB capacity,    52.25 MB ( 97%) used,     1.27 MB (  2%) free+waste,   268.06 KB ( <1%) overhead. 

Virtual space:
  Non-class space:       48.00 MB reserved,      46.75 MB ( 97%) committed 
      Class space:        1.00 GB reserved,       7.25 MB ( <1%) committed 
             Both:        1.05 GB reserved,      54.00 MB (  5%) committed 

Chunk freelists:
   Non-Class:  0 bytes
       Class:  0 bytes
        Both:  0 bytes

CodeHeap 'non-profiled nmethods': size=238912Kb used=8720Kb max_used=8720Kb free=230191Kb
 bounds [0x000001ff006b0000, 0x000001ff00f40000, 0x000001ff0f000000]
CodeHeap 'non-nmethods': size=6848Kb used=1238Kb max_used=1238Kb free=5609Kb
 bounds [0x000001ff00000000, 0x000001ff00270000, 0x000001ff006b0000]
 total_blobs=5782 nmethods=5135 adapters=532
 compilation: enabled
              stopped_count=0, restarted_count=0
 full_count=0

Compilation events (10 events):
Event: 9.391 Thread 0x000001ff7fcad000 5156       1       ch.qos.logback.classic.spi.StackTraceElementProxy::getSTEAsString (41 bytes)
Event: 9.392 Thread 0x000001ff7fcad000 nmethod 5156 0x000001ff00f32e90 code [0x000001ff00f33080, 0x000001ff00f33460]
Event: 9.392 Thread 0x000001ff7fcad000 5157       1       ch.qos.logback.classic.spi.StackTraceElementProxy::getClassPackagingData (5 bytes)
Event: 9.392 Thread 0x000001ff7fcad000 nmethod 5157 0x000001ff00f33610 code [0x000001ff00f337a0, 0x000001ff00f338b8]
Event: 9.392 Thread 0x000001ff7fcad000 5158       1       ch.qos.logback.classic.spi.ClassPackagingData::isExact (5 bytes)
Event: 9.392 Thread 0x000001ff7fcad000 nmethod 5158 0x000001ff00f33910 code [0x000001ff00f33aa0, 0x000001ff00f33bb8]
Event: 9.392 Thread 0x000001ff7fcad000 5159       1       ch.qos.logback.classic.spi.ClassPackagingData::getCodeLocation (5 bytes)
Event: 9.392 Thread 0x000001ff7fcad000 nmethod 5159 0x000001ff00f33c10 code [0x000001ff00f33da0, 0x000001ff00f33eb8]
Event: 9.392 Thread 0x000001ff7fcad000 5160       1       ch.qos.logback.classic.spi.ClassPackagingData::getVersion (5 bytes)
Event: 9.392 Thread 0x000001ff7fcad000 nmethod 5160 0x000001ff00f33f10 code [0x000001ff00f340a0, 0x000001ff00f341b8]

GC Heap History (10 events):
Event: 4.908 GC heap before
{Heap before GC invocations=9 (full 0):
 garbage-first heap   total 157696K, used 103957K [0x0000000080000000, 0x0000000100000000)
  region size 1024K, 91 young (93184K), 6 survivors (6144K)
 Metaspace       used 35974K, capacity 36957K, committed 37120K, reserved 1081344K
  class space    used 4377K, capacity 4774K, committed 4864K, reserved 1048576K
}
Event: 4.918 GC heap after
{Heap after GC invocations=10 (full 0):
 garbage-first heap   total 157696K, used 18802K [0x0000000080000000, 0x0000000100000000)
  region size 1024K, 8 young (8192K), 8 survivors (8192K)
 Metaspace       used 35974K, capacity 36957K, committed 37120K, reserved 1081344K
  class space    used 4377K, capacity 4774K, committed 4864K, reserved 1048576K
}
Event: 5.280 GC heap before
{Heap before GC invocations=10 (full 0):
 garbage-first heap   total 157696K, used 104818K [0x0000000080000000, 0x0000000100000000)
  region size 1024K, 92 young (94208K), 8 survivors (8192K)
 Metaspace       used 36369K, capacity 37344K, committed 37632K, reserved 1081344K
  class space    used 4425K, capacity 4814K, committed 4864K, reserved 1048576K
}
Event: 5.291 GC heap after
{Heap after GC invocations=11 (full 0):
 garbage-first heap   total 189440K, used 19473K [0x0000000080000000, 0x0000000100000000)
  region size 1024K, 4 young (4096K), 4 survivors (4096K)
 Metaspace       used 36369K, capacity 37344K, committed 37632K, reserved 1081344K
  class space    used 4425K, capacity 4814K, committed 4864K, reserved 1048576K
}
Event: 6.447 GC heap before
{Heap before GC invocations=11 (full 0):
 garbage-first heap   total 189440K, used 119825K [0x0000000080000000, 0x0000000100000000)
  region size 1024K, 102 young (104448K), 4 survivors (4096K)
 Metaspace       used 40218K, capacity 41316K, committed 41600K, reserved 1085440K
  class space    used 5023K, capacity 5454K, committed 5504K, reserved 1048576K
}
Event: 6.455 GC heap after
{Heap after GC invocations=12 (full 0):
 garbage-first heap   total 189440K, used 22195K [0x0000000080000000, 0x0000000100000000)
  region size 1024K, 6 young (6144K), 6 survivors (6144K)
 Metaspace       used 40218K, capacity 41316K, committed 41600K, reserved 1085440K
  class space    used 5023K, capacity 5454K, committed 5504K, reserved 1048576K
}
Event: 7.681 GC heap before
{Heap before GC invocations=12 (full 0):
 garbage-first heap   total 189440K, used 128691K [0x0000000080000000, 0x0000000100000000)
  region size 1024K, 111 young (113664K), 6 survivors (6144K)
 Metaspace       used 46984K, capacity 48327K, committed 48512K, reserved 1091584K
  class space    used 5896K, capacity 6414K, committed 6528K, reserved 1048576K
}
Event: 7.694 GC heap after
{Heap after GC invocations=13 (full 0):
 garbage-first heap   total 189440K, used 26815K [0x0000000080000000, 0x0000000100000000)
  region size 1024K, 11 young (11264K), 11 survivors (11264K)
 Metaspace       used 46984K, capacity 48327K, committed 48512K, reserved 1091584K
  class space    used 5896K, capacity 6414K, committed 6528K, reserved 1048576K
}
Event: 8.410 GC heap before
{Heap before GC invocations=13 (full 0):
 garbage-first heap   total 189440K, used 128191K [0x0000000080000000, 0x0000000100000000)
  region size 1024K, 111 young (113664K), 11 survivors (11264K)
 Metaspace       used 48589K, capacity 50092K, committed 50304K, reserved 1093632K
  class space    used 6117K, capacity 6712K, committed 6784K, reserved 1048576K
}
Event: 8.423 GC heap after
{Heap after GC invocations=14 (full 0):
 garbage-first heap   total 189440K, used 28453K [0x0000000080000000, 0x0000000100000000)
  region size 1024K, 7 young (7168K), 7 survivors (7168K)
 Metaspace       used 48589K, capacity 50092K, committed 50304K, reserved 1093632K
  class space    used 6117K, capacity 6712K, committed 6784K, reserved 1048576K
}

Deoptimization events (0 events):
No events

Classes redefined (0 events):
No events

Internal exceptions (10 events):
Event: 9.322 Thread 0x000001ff10700800 Exception <a 'java/lang/ClassNotFoundException'{0x0000000086988ce8}: org/springframework/beans/factory/BeanFactoryAwareCustomizer> (0x0000000086988ce8) thrown at [./open/src/hotspot/share/classfile/systemDictionary.cpp, line 228]
Event: 9.322 Thread 0x000001ff10700800 Exception <a 'java/lang/ClassNotFoundException'{0x00000000869a6488}: org/springframework/beans/factory/AwareCustomizer> (0x00000000869a6488) thrown at [./open/src/hotspot/share/classfile/systemDictionary.cpp, line 228]
Event: 9.323 Thread 0x000001ff10700800 Exception <a 'java/lang/ClassNotFoundException'{0x00000000869c65c0}: org/springframework/beans/factory/InitializingBeanCustomizer> (0x00000000869c65c0) thrown at [./open/src/hotspot/share/classfile/systemDictionary.cpp, line 228]
Event: 9.323 Thread 0x000001ff10700800 Exception <a 'java/lang/ClassNotFoundException'{0x00000000869e60d0}: org/springframework/beans/factory/DisposableBeanCustomizer> (0x00000000869e60d0) thrown at [./open/src/hotspot/share/classfile/systemDictionary.cpp, line 228]
Event: 9.327 Thread 0x000001ff10700800 Exception <a 'java/lang/reflect/InvocationTargetException'{0x00000000869fc650}> (0x00000000869fc650) thrown at [./open/src/hotspot/share/runtime/reflection.cpp, line 1242]
Event: 9.328 Thread 0x000001ff10700800 Exception <a 'java/lang/reflect/InvocationTargetException'{0x00000000868060f8}> (0x00000000868060f8) thrown at [./open/src/hotspot/share/runtime/reflection.cpp, line 1242]
Event: 9.335 Thread 0x000001ff10700800 Exception <a 'java/lang/NoSuchMethodError'{0x000000008682c448}: java.lang.invoke.DirectMethodHandle$Holder.invokeInterface(Ljava/lang/Object;Ljava/lang/Object;)V> (0x000000008682c448) thrown at [./open/src/hotspot/share/interpreter/linkResolver.cpp, line 
Event: 9.351 Thread 0x000001ff137df800 Exception <a 'java/lang/InterruptedException'{0x0000000086700040}: sleep interrupted> (0x0000000086700040) thrown at [./open/src/hotspot/share/prims/jvm.cpp, line 3106]
Event: 9.385 Thread 0x000001ff10700800 Exception <a 'java/lang/NoClassDefFoundError'{0x00000000867d2560}: sun/reflect/Reflection> (0x00000000867d2560) thrown at [./open/src/hotspot/share/classfile/systemDictionary.cpp, line 217]
Event: 9.393 Thread 0x000001ff10700800 Exception <a 'java/lang/reflect/InvocationTargetException'{0x0000000086689818}> (0x0000000086689818) thrown at [./open/src/hotspot/share/runtime/reflection.cpp, line 1242]

Events (10 events):
Event: 9.397 loading class org/springframework/boot/devtools/restart/Restarter done
Event: 9.398 loading class org/springframework/boot/system/JavaVersion
Event: 9.398 loading class org/springframework/boot/system/JavaVersion done
Event: 9.399 Thread 0x000001ff106f2000 Thread exited: 0x000001ff106f2000
Event: 9.399 loading class org/springframework/boot/devtools/restart/SilentExitExceptionHandler$SilentExitException
Event: 9.399 loading class org/springframework/boot/devtools/restart/SilentExitExceptionHandler$SilentExitException done
Event: 9.400 Thread 0x000001ff10425800 Thread added: 0x000001ff10425800
Event: 9.402 Thread 0x000001ff10425800 Thread exited: 0x000001ff10425800
Event: 9.405 Thread 0x000001ff7fcab000 Thread exited: 0x000001ff7fcab000
Event: 9.405 Executing VM operation: Exit


Dynamic libraries:
0x00007ff60e6a0000 - 0x00007ff60e6e7000 	C:\Program Files\Java\jdk-11.0.7\bin\javaw.exe
0x00007ffff89a0000 - 0x00007ffff8b7b000 	C:\Windows\SYSTEM32\ntdll.dll
0x00007ffff8340000 - 0x00007ffff83ee000 	C:\Windows\System32\KERNEL32.DLL
0x00007ffff5480000 - 0x00007ffff56c9000 	C:\Windows\System32\KERNELBASE.dll
0x00007ffff1b80000 - 0x00007ffff1bfe000 	C:\Windows\SYSTEM32\apphelp.dll
0x00007fffb03d0000 - 0x00007fffb0852000 	C:\Windows\AppPatch\AppPatch64\AcLayers.DLL
0x00007ffff6870000 - 0x00007ffff690d000 	C:\Windows\System32\msvcrt.dll
0x00007ffff5f60000 - 0x00007ffff60aa000 	C:\Windows\System32\USER32.dll
0x00007ffff57e0000 - 0x00007ffff57fe000 	C:\Windows\System32\win32u.dll
0x00007ffff64f0000 - 0x00007ffff6517000 	C:\Windows\System32\GDI32.dll
0x00007ffff5030000 - 0x00007ffff51b9000 	C:\Windows\System32\gdi32full.dll
0x00007ffff53e0000 - 0x00007ffff547a000 	C:\Windows\System32\msvcp_win.dll
0x00007ffff4f30000 - 0x00007ffff5026000 	C:\Windows\System32\ucrtbase.dll
0x00007ffff6760000 - 0x00007ffff67b1000 	C:\Windows\System32\SHLWAPI.dll
0x00007ffff8040000 - 0x00007ffff8339000 	C:\Windows\System32\combase.dll
0x00007ffff7df0000 - 0x00007ffff7f15000 	C:\Windows\System32\RPCRT4.dll
0x00007ffff4ec0000 - 0x00007ffff4f2a000 	C:\Windows\System32\bcryptPrimitives.dll
0x00007fffeebf0000 - 0x00007fffeec79000 	C:\Windows\SYSTEM32\WINSPOOL.DRV
0x00007ffff4d50000 - 0x00007ffff4d75000 	C:\Windows\SYSTEM32\bcrypt.dll
0x000001ff6dfd0000 - 0x000001ff6dfd3000 	C:\Windows\SYSTEM32\sfc.dll
0x00007fffec280000 - 0x00007fffec291000 	C:\Windows\SYSTEM32\sfc_os.DLL
0x00007ffff8000000 - 0x00007ffff802d000 	C:\Windows\System32\IMM32.DLL
0x00007ffff7f20000 - 0x00007ffff7fc1000 	C:\Windows\System32\ADVAPI32.dll
0x00007ffff6490000 - 0x00007ffff64e9000 	C:\Windows\System32\sechost.dll
0x00007ffff4a90000 - 0x00007ffff4a9a000 	C:\Windows\SYSTEM32\VERSION.dll
0x00007ffff2480000 - 0x00007ffff26e7000 	C:\Windows\WinSxS\amd64_microsoft.windows.common-controls_6595b64144ccf1df_6.0.15063.0_none_108e4f62dfe5d999\COMCTL32.dll
0x00007ffff4c80000 - 0x00007ffff4cdd000 	C:\Program Files\Citrix\System32\MfApHook64.dll
0x00007ffff3e30000 - 0x00007ffff3e5b000 	C:\Program Files\Citrix\ICAService\CtxDodHook64.dll
0x00007ffff4ba0000 - 0x00007ffff4bd2000 	C:\Program Files\Citrix\ICAService\picaFullScreenHookX64.dll
0x00007ffff4620000 - 0x00007ffff4656000 	C:\Program Files\Citrix\ICAService\ShellHook64.dll
0x00007ffff6520000 - 0x00007ffff6663000 	C:\Windows\System32\ole32.dll
0x00007ffff69b0000 - 0x00007ffff7de7000 	C:\Windows\System32\SHELL32.dll
0x00007ffff51c0000 - 0x00007ffff5209000 	C:\Windows\System32\cfgmgr32.dll
0x00007ffff67c0000 - 0x00007ffff686a000 	C:\Windows\System32\shcore.dll
0x00007ffff5800000 - 0x00007ffff5ef2000 	C:\Windows\System32\windows.storage.dll
0x00007ffff4e10000 - 0x00007ffff4e21000 	C:\Windows\System32\kernel.appcore.dll
0x00007ffff4e50000 - 0x00007ffff4e9c000 	C:\Windows\System32\powrprof.dll
0x00007ffff4ea0000 - 0x00007ffff4eb5000 	C:\Windows\System32\profapi.dll
0x00007ffff44a0000 - 0x00007ffff461a000 	C:\Program Files\Citrix\ICAService\SCardHook64.dll
0x00007ffff41a0000 - 0x00007ffff41ca000 	C:\Program Files\Citrix\ICAService\cxinjime64.dll
0x00007ffff4150000 - 0x00007ffff419c000 	C:\Program Files\Citrix\ICAService\PicaWtsHook64.dll
0x00007fffdacb0000 - 0x00007fffdacc6000 	C:\Program Files\Java\jdk-11.0.7\bin\vcruntime140.dll
0x00007fffdac00000 - 0x00007fffdacaa000 	C:\Program Files\Java\jdk-11.0.7\bin\msvcp140.dll
0x00007fffc6dd0000 - 0x00007fffc7931000 	C:\Program Files\Java\jdk-11.0.7\bin\server\jvm.dll
0x00007ffff6360000 - 0x00007ffff6368000 	C:\Windows\System32\PSAPI.DLL
0x00007fffe8030000 - 0x00007fffe8039000 	C:\Windows\SYSTEM32\WSOCK32.dll
0x00007fffee9b0000 - 0x00007fffee9d3000 	C:\Windows\SYSTEM32\WINMM.dll
0x00007ffff66f0000 - 0x00007ffff675c000 	C:\Windows\System32\WS2_32.dll
0x00007fffee7a0000 - 0x00007fffee7cb000 	C:\Windows\SYSTEM32\WINMMBASE.dll
0x00007ffff2cb0000 - 0x00007ffff2cc1000 	C:\Program Files\Java\jdk-11.0.7\bin\verify.dll
0x00007ffff3e60000 - 0x00007ffff4009000 	C:\Windows\SYSTEM32\DBGHELP.DLL
0x00007ffff3d70000 - 0x00007ffff3d99000 	C:\Windows\SYSTEM32\dbgcore.DLL
0x00007fffe7840000 - 0x00007fffe7869000 	C:\Program Files\Java\jdk-11.0.7\bin\java.dll
0x00007fffefd20000 - 0x00007fffefd2a000 	C:\Program Files\Java\jdk-11.0.7\bin\jimage.dll
0x00007fffe7820000 - 0x00007fffe7836000 	C:\Program Files\Java\jdk-11.0.7\bin\zip.dll
0x00007fffe7800000 - 0x00007fffe7819000 	C:\Program Files\Java\jdk-11.0.7\bin\net.dll
0x00007fffee530000 - 0x00007fffee607000 	C:\Windows\SYSTEM32\WINHTTP.dll
0x00007ffff3860000 - 0x00007ffff38bc000 	C:\Windows\system32\mswsock.dll
0x00007fffe77e0000 - 0x00007fffe77f3000 	C:\Program Files\Java\jdk-11.0.7\bin\nio.dll
0x00007fffdad70000 - 0x00007fffdad79000 	C:\Program Files\Java\jdk-11.0.7\bin\management.dll
0x00007fffdabb0000 - 0x00007fffdabbc000 	C:\Program Files\Java\jdk-11.0.7\bin\management_ext.dll
0x00007fffed5e0000 - 0x00007fffed5f6000 	C:\Windows\system32\napinsp.dll
0x00007fffed6d0000 - 0x00007fffed6ea000 	C:\Windows\system32\pnrpnsp.dll
0x00007ffff06a0000 - 0x00007ffff06b8000 	C:\Windows\system32\NLAapi.dll
0x00007ffff3650000 - 0x00007ffff36f4000 	C:\Windows\SYSTEM32\DNSAPI.dll
0x00007ffff8030000 - 0x00007ffff8038000 	C:\Windows\System32\NSI.dll
0x00007ffff3610000 - 0x00007ffff3647000 	C:\Windows\SYSTEM32\IPHLPAPI.DLL
0x00007fffed6f0000 - 0x00007fffed6fe000 	C:\Windows\System32\winrnr.dll
0x00007fffeef20000 - 0x00007fffeef2a000 	C:\Windows\System32\rasadhlp.dll
0x00007ffff0050000 - 0x00007ffff00bb000 	C:\Windows\System32\fwpuclnt.dll
0x00007ffff3e10000 - 0x00007ffff3e27000 	C:\Windows\SYSTEM32\CRYPTSP.dll
0x00007ffff34a0000 - 0x00007ffff34d4000 	C:\Windows\system32\rsaenh.dll
0x00007ffff4d10000 - 0x00007ffff4d39000 	C:\Windows\SYSTEM32\USERENV.dll
0x00007ffff3a00000 - 0x00007ffff3a0b000 	C:\Windows\SYSTEM32\CRYPTBASE.dll
0x00007ffff0030000 - 0x00007ffff0046000 	C:\Windows\SYSTEM32\dhcpcsvc6.DLL
0x00007fffeff20000 - 0x00007fffeff3a000 	C:\Windows\SYSTEM32\dhcpcsvc.DLL
0x00007fffe5ef0000 - 0x00007fffe5efe000 	C:\Program Files\Java\jdk-11.0.7\bin\sunmscapi.dll
0x00007ffff5210000 - 0x00007ffff53d9000 	C:\Windows\System32\CRYPT32.dll
0x00007ffff4e30000 - 0x00007ffff4e41000 	C:\Windows\System32\MSASN1.dll
0x00007ffff3ad0000 - 0x00007ffff3af5000 	C:\Windows\SYSTEM32\ncrypt.dll
0x00007ffff3a90000 - 0x00007ffff3ac6000 	C:\Windows\SYSTEM32\NTASN1.dll
0x00007fffdadb0000 - 0x00007fffdadd6000 	C:\Program Files\Java\jdk-11.0.7\bin\sunec.dll

dbghelp: loaded successfully - version: 4.0.5 - missing functions: none
symbol engine: initialized successfully - sym options: 0x614 - pdb path: .;C:\Program Files\Java\jdk-11.0.7\bin;C:\Windows\SYSTEM32;C:\Windows\AppPatch\AppPatch64;C:\Windows\WinSxS\amd64_microsoft.windows.common-controls_6595b64144ccf1df_6.0.15063.0_none_108e4f62dfe5d999;C:\Program Files\Citrix\System32;C:\Program Files\Citrix\ICAService;C:\Program Files\Java\jdk-11.0.7\bin\server

VM Arguments:
jvm_args: -Dcom.sun.management.jmxremote -Dcom.sun.management.jmxremote.port=56916 -Dcom.sun.management.jmxremote.authenticate=false -Dcom.sun.management.jmxremote.ssl=false -Djava.rmi.server.hostname=localhost -Dspring.jmx.enabled=true -Dspring.liveBeansView.mbeanDomain -Dspring.application.admin.enabled=true -Xverify:none -XX:TieredStopAtLevel=1 -Dfile.encoding=Cp1252 
java_command: com.rabo.loan.management.LoanmanagementApiApplication --spring.output.ansi.enabled=always
java_class_path (initial): C:\GitCode\LoanManagementSystem\loanmanagement-api\bin\main;C:\Users\ctsjava107\.gradle\caches\modules-2\files-2.1\de.codecentric\spring-boot-admin-starter-client\2.2.3\e8f0c13b69b3e609a5fa8b682dec42e019ff695f\spring-boot-admin-starter-client-2.2.3.jar;C:\Users\ctsjava107\.gradle\caches\modules-2\files-2.1\de.codecentric\spring-boot-admin-client\2.2.3\b87976199da4a04c115519a88203524c8594458c\spring-boot-admin-client-2.2.3.jar;C:\Users\ctsjava107\.gradle\caches\modules-2\files-2.1\de.codecentric\spring-boot-admin-starter-server\2.2.3\ae4278994f10a8e6d3138033e47c8267303c919f\spring-boot-admin-starter-server-2.2.3.jar;C:\Users\ctsjava107\.gradle\caches\modules-2\files-2.1\de.codecentric\spring-boot-admin-server-ui\2.2.3\4a5b19989818b8a75371d4b4a8a8260c5a66c2ca\spring-boot-admin-server-ui-2.2.3.jar;C:\Users\ctsjava107\.gradle\caches\modules-2\files-2.1\de.codecentric\spring-boot-admin-server-cloud\2.2.3\7af8f65f91e4059cc1f2a4fed765d36d54e49b40\spring-boot-admin-server-cloud-2.2.3.jar;C:\Users\ctsjava107\.gradle\caches\modules-2\files-2.1\de.codecentric\spring-boot-admin-server\2.2.3\f6dc05174000367fa36d82c579785d26ba90fb09\spring-boot-admin-server-2.2.3.jar;C:\Users\ctsjava107\.gradle\caches\modules-2\files-2.1\org.springframework.boot\spring-boot-starter-actuator\2.3.1.RELEASE\d7de3431d77815be239951d39b4ecd3fbe004e75\spring-boot-starter-actuator-2.3.1.RELEASE.jar;C:\Users\ctsjava107\.gradle\caches\modules-2\files-2.1\org.springframework.boot\spring-boot-starter-data-rest\2.3.1.RELEASE\7ef1492ca65cdf498d48dc69384b365f5f4ccf89\spring-boot-starter-data-rest-2.3.1.RELEASE.jar;C:\Users\ctsjava107\.gradle\caches\modules-2\files-2.1\org.springframework.boot\spring-boot-starter-jersey\2.3.1.RELEASE\d81bc99cb532dbc68b5514079ad5f141de79b760\spring-boot-starter-jersey-2.3.1.RELEASE.jar;C:\Users\ctsjava107\.gradle\caches\modules-2\files-2.1\org.springframework.boot\spring-boot-starter-web-services\2.3.1.RELEASE\6461a9d0abd97cf911cae189a481965a4ae05ccc\
Launcher Type: SUN_STANDARD

[Global flags]
     bool BytecodeVerificationLocal                = false                                     {product} {command line}
     bool BytecodeVerificationRemote               = false                                     {product} {command line}
     intx CICompilerCount                          = 3                                         {product} {ergonomic}
     uint ConcGCThreads                            = 1                                         {product} {ergonomic}
     uint G1ConcRefinementThreads                  = 4                                         {product} {ergonomic}
   size_t G1HeapRegionSize                         = 1048576                                   {product} {ergonomic}
    uintx GCDrainStackTargetSize                   = 64                                        {product} {ergonomic}
   size_t InitialHeapSize                          = 134217728                                 {product} {ergonomic}
     bool ManagementServer                         = true                                      {product} {command line}
   size_t MarkStackSize                            = 4194304                                   {product} {ergonomic}
   size_t MaxHeapSize                              = 2147483648                                {product} {ergonomic}
   size_t MaxNewSize                               = 1287651328                                {product} {ergonomic}
   size_t MinHeapDeltaBytes                        = 1048576                                   {product} {ergonomic}
    uintx NonNMethodCodeHeapSize                   = 6973028                                {pd product} {ergonomic}
    uintx NonProfiledCodeHeapSize                  = 244685212                              {pd product} {ergonomic}
    uintx ProfiledCodeHeapSize                     = 0                                      {pd product} {ergonomic}
    uintx ReservedCodeCacheSize                    = 251658240                              {pd product} {ergonomic}
     bool SegmentedCodeCache                       = true                                      {product} {ergonomic}
     intx TieredStopAtLevel                        = 1                                         {product} {command line}
     bool UseCompressedClassPointers               = true                                 {lp64_product} {ergonomic}
     bool UseCompressedOops                        = true                                 {lp64_product} {ergonomic}
     bool UseG1GC                                  = true                                      {product} {ergonomic}
     bool UseLargePagesIndividualAllocation        = false                                  {pd product} {ergonomic}

Logging:
Log output configuration:
 #0: stdout all=warning uptime,level,tags
 #1: stderr all=off uptime,level,tags

Environment Variables:
PATH=C:/Program Files/Java/jdk-11.0.7/bin/server;C:/Program Files/Java/jdk-11.0.7/bin;C:\Program Files (x86)\Microsoft SDKs\Azure\CLI2\wbin;C:\ProgramData\DockerDesktop\version-bin;C:\Program Files\Docker\Docker\Resources\bin;C:\Program Files (x86)\Python38-32\Scripts\;C:\Program Files (x86)\Python38-32\;C:\Windows\system32;C:\Windows;C:\Windows\System32\Wbem;C:\Windows\System32\WindowsPowerShell\v1.0\;C:\Program Files\Citrix\System32\;C:\Program Files\Citrix\ICAService\;C:\Program Files\Citrix\Virtual Desktop Agent\;C:\Program Files\Java\jdk-11.0.7\bin;C:\apache-maven-3.6.3-bin\apache-maven-3.6.3\bin;D:\sonarqube-8.3.1.34397\sonarqube-8.3.1.34397\bin;C:\Program Files\nodejs\;C:\Program Files\Git\cmd;C:\Program Files\Microsoft VS Code\bin;C:\Program Files\Amazon\AWSCLIV2\;D:\java\curl-7.68.0-win64-mingw\curl-7.68.0-win64-mingw\bin;C:\Program Files\Cloud Foundry;C:\Users\ctsjava107\AppData\Roaming\npm\node_modules\@angular\cli\bin;C:\Users\ctsjava107\AppData\Roaming\npm;C:\Users\ctsjava107\AppData\Local\Microsoft\WindowsApps;;D:\spring-tool-suite-3.9.9.RELEASE-e4.12.0-win32-x86_64\sts-bundle\sts-3.9.9.RELEASE;
USERNAME=ctsjava107
OS=Windows_NT
PROCESSOR_IDENTIFIER=Intel64 Family 6 Model 79 Stepping 1, GenuineIntel



---------------  S Y S T E M  ---------------

OS: Windows 10 , 64 bit Build 15063 (10.0.15063.0)

CPU:total 4 (initial active 4) (2 cores per cpu, 1 threads per core) family 6 model 79 stepping 1, cmov, cx8, fxsr, mmx, sse, sse2, sse3, ssse3, sse4.1, sse4.2, popcnt, avx, avx2, aes, clmul, erms, rtm, 3dnowpref, lzcnt, tsc, tscinvbit, bmi1, bmi2, adx, fma

Memory: 4k page, system-wide physical 8191M (946M free)
TotalPageFile size 10433M (AvailPageFile size 1839M)
current process WorkingSet (physical memory assigned to process): 279M, peak: 279M
current process commit charge ("private bytes"): 356M, peak: 356M

vm_info: Java HotSpot(TM) 64-Bit Server VM (11.0.7+8-LTS) for windows-amd64 JRE (11.0.7+8-LTS), built on Mar 12 2020 02:04:32 by "mach5one" with MS VC++ 15.5 (VS2017)

END.
