#
# A fatal error has been detected by the Java Runtime Environment:
#
#  EXCEPTION_ACCESS_VIOLATION (0xc0000005) at pc=0x00007fffc7096cd0, pid=12096, tid=1156
#
# JRE version: Java(TM) SE Runtime Environment 18.9 (11.0.7+8) (build 11.0.7+8-LTS)
# Java VM: Java HotSpot(TM) 64-Bit Server VM 18.9 (11.0.7+8-LTS, mixed mode, tiered, compressed oops, g1 gc, windows-amd64)
# Problematic frame:
# V  [jvm.dll+0x2c6cd0]
#
# No core dump will be written. Minidumps are not enabled by default on client versions of Windows
#
# If you would like to submit a bug report, please visit:
#   https://bugreport.java.com/bugreport/crash.jsp
#

---------------  S U M M A R Y ------------

Command Line: -Dcom.sun.management.jmxremote -Dcom.sun.management.jmxremote.port=58413 -Dcom.sun.management.jmxremote.authenticate=false -Dcom.sun.management.jmxremote.ssl=false -Djava.rmi.server.hostname=localhost -Dspring.jmx.enabled=true -Dspring.liveBeansView.mbeanDomain -Dspring.application.admin.enabled=true -Xverify:none -XX:TieredStopAtLevel=1 -Dfile.encoding=Cp1252 com.rabo.loan.management.LoanmanagementApiApplication --spring.output.ansi.enabled=always

Host: Intel(R) Xeon(R) CPU E5-2696 v4 @ 2.20GHz, 4 cores, 7G,  Windows 10 , 64 bit Build 15063 (10.0.15063.0)
Time: Mon Jul 20 21:36:07 2020 India Standard Time elapsed time: 12 seconds (0d 0h 0m 12s)

---------------  T H R E A D  ---------------

Current thread (0x000002821572d000):  VMThread "VM Thread" [stack: 0x000000e03e800000,0x000000e03e900000] [id=1156]

Stack: [0x000000e03e800000,0x000000e03e900000],  sp=0x000000e03e8fe950,  free space=1018k
Native frames: (J=compiled Java code, j=interpreted, Vv=VM code, C=native code)
V  [jvm.dll+0x2c6cd0]
V  [jvm.dll+0x1e7174]
V  [jvm.dll+0x736fe0]
V  [jvm.dll+0x2ff999]
V  [jvm.dll+0x2fe5cc]
V  [jvm.dll+0x7aa5c8]
V  [jvm.dll+0x7a9d5c]
V  [jvm.dll+0x7a80e7]
V  [jvm.dll+0x7a8910]
V  [jvm.dll+0x7a8c17]
V  [jvm.dll+0x75e875]
V  [jvm.dll+0x660b26]
C  [ucrtbase.dll+0x20369]
C  [KERNEL32.DLL+0x12774]
C  [ntdll.dll+0x70d61]


siginfo: EXCEPTION_ACCESS_VIOLATION (0xc0000005), reading address 0x0000000c00000023


Register to memory mapping:

RIP=0x00007fffc7096cd0 jvm.dll
RAX=0x0000028213907970 points into unknown readable memory: 0b 00 00 00 0c 00 00 00
RBX=0x000002821567bd50 points into unknown readable memory: 00 00 00 00 00 00 00 00
RCX=0x000002823597f8a0 points into unknown readable memory: 01 00 00 00 66 00 74 00
RDX=0x0 is NULL
RSP=0x000000e03e8fe950 points into unknown readable memory: 30 86 5b 15 82 02 00 00
RBP=0x0000000000000008 is an unknown value
RSI=0x0000000c0000000b is an unknown value
RDI=0x0000028215e3e7d8 points into unknown readable memory: 90 75 72 15 82 02 00 00
R8 =0x0 is NULL
R9 =0x0000000000000008 is an unknown value
R10=0x0000028213940d38 points into unknown readable memory: 90 b2 56 15 82 02 00 00
R11=0x000000e03e8fea68 points into unknown readable memory: 74 71 fb c6 ff 7f 00 00
R12=0x0000028234b51401 points into unknown readable memory: 00 00 00 00 00 00 00
R13=0x00000000000003d8 is an unknown value
R14=0x00000000000004d3 is an unknown value
R15=0x0000000000000006 is an unknown value


Registers:
RAX=0x0000028213907970, RBX=0x000002821567bd50, RCX=0x000002823597f8a0, RDX=0x0000000000000000
RSP=0x000000e03e8fe950, RBP=0x0000000000000008, RSI=0x0000000c0000000b, RDI=0x0000028215e3e7d8
R8 =0x0000000000000000, R9 =0x0000000000000008, R10=0x0000028213940d38, R11=0x000000e03e8fea68
R12=0x0000028234b51401, R13=0x00000000000003d8, R14=0x00000000000004d3, R15=0x0000000000000006
RIP=0x00007fffc7096cd0, EFLAGS=0x0000000000010202

Top of Stack: (sp=0x000000e03e8fe950)
0x000000e03e8fe950:   00000282155b8630 00007fffc7403585
0x000000e03e8fe960:   00000282155b8630 00007fffc74038c1
0x000000e03e8fe970:   000000e000000000 000002823597f8a0
0x000000e03e8fe980:   0000000000000000 0000028215e3e7d8
0x000000e03e8fe990:   00000282155b8630 00007fffc7403585
0x000000e03e8fe9a0:   00000282155b8630 0000000000000001
0x000000e03e8fe9b0:   000002821556c850 00007fffc73d94cb
0x000000e03e8fe9c0:   0000000000000000 00007fffc7403635
0x000000e03e8fe9d0:   0000000000000000 000002821572d000
0x000000e03e8fe9e0:   000002821567bd50 00007fffc7027995
0x000000e03e8fe9f0:   000002821556c850 00007fffc73d94cb
0x000000e03e8fea00:   00000282155b8630 0000000000000000
0x000000e03e8fea10:   0000000000000000 000002821567bd50
0x000000e03e8fea20:   000002821567bd50 0000000000000006
0x000000e03e8fea30:   000035c812a04829 0000028234b51401
0x000000e03e8fea40:   0000000000000006 00000000000004d3 

Instructions: (pc=0x00007fffc7096cd0)
0x00007fffc7096cb0:   48 8b 41 08 48 8b 34 02 48 85 f6 0f 84 a4 01 00
0x00007fffc7096cc0:   00 0f 1f 40 00 66 66 66 0f 1f 84 00 00 00 00 00
0x00007fffc7096cd0:   48 8b 5e 18 45 33 f6 48 85 db 0f 84 68 01 00 00
0x00007fffc7096ce0:   48 8b cb e8 98 ff 3c 00 48 85 c0 0f 85 48 01 00 


Stack slot to memory mapping:
stack at sp + 0 slots: 0x00000282155b8630 points into unknown readable memory: 00 00 00 00 00 00 00 00
stack at sp + 1 slots: 0x00007fffc7403585 jvm.dll
stack at sp + 2 slots: 0x00000282155b8630 points into unknown readable memory: 00 00 00 00 00 00 00 00
stack at sp + 3 slots: 0x00007fffc74038c1 jvm.dll
stack at sp + 4 slots: 0x000000e000000000 is an unknown value
stack at sp + 5 slots: 0x000002823597f8a0 points into unknown readable memory: 01 00 00 00 66 00 74 00
stack at sp + 6 slots: 0x0 is NULL
stack at sp + 7 slots: 0x0000028215e3e7d8 points into unknown readable memory: 90 75 72 15 82 02 00 00

VM_Operation (0x000000e03e4ff710): CGC_Operation, mode: safepoint, requested by thread 0x000002821559d000


---------------  P R O C E S S  ---------------

Threads class SMR info:
_java_thread_list=0x00000282388fda80, length=20, elements={
0x0000028215e35000, 0x0000028215745800, 0x0000028234b7b800, 0x0000028234bc1800,
0x0000028234bc3000, 0x0000028234bc4000, 0x0000028234bd0800, 0x0000028234d60800,
0x0000028234e12800, 0x0000028235981000, 0x0000028235982000, 0x00000282359fc800,
0x0000028235ddb800, 0x0000028235df8800, 0x00000282363df800, 0x0000028234d6d000,
0x0000028234d6e000, 0x0000028238f12800, 0x00000282384d9000, 0x00000282384da000
}

Java Threads: ( => current thread )
  0x0000028215e35000 JavaThread "main" [_thread_blocked, id=512, stack(0x000000e03e200000,0x000000e03e300000)]
  0x0000028215745800 JavaThread "Reference Handler" daemon [_thread_blocked, id=684, stack(0x000000e03e900000,0x000000e03ea00000)]
  0x0000028234b7b800 JavaThread "Finalizer" daemon [_thread_blocked, id=10940, stack(0x000000e03ea00000,0x000000e03eb00000)]
  0x0000028234bc1800 JavaThread "Signal Dispatcher" daemon [_thread_blocked, id=8424, stack(0x000000e03eb00000,0x000000e03ec00000)]
  0x0000028234bc3000 JavaThread "Attach Listener" daemon [_thread_blocked, id=11748, stack(0x000000e03ec00000,0x000000e03ed00000)]
  0x0000028234bc4000 JavaThread "C1 CompilerThread0" daemon [_thread_blocked, id=2412, stack(0x000000e03ed00000,0x000000e03ee00000)]
  0x0000028234bd0800 JavaThread "Sweeper thread" daemon [_thread_blocked, id=6500, stack(0x000000e03ee00000,0x000000e03ef00000)]
  0x0000028234d60800 JavaThread "Common-Cleaner" daemon [_thread_blocked, id=11864, stack(0x000000e03ef00000,0x000000e03f000000)]
  0x0000028234e12800 JavaThread "Service Thread" daemon [_thread_blocked, id=9772, stack(0x000000e03f000000,0x000000e03f100000)]
  0x0000028235981000 JavaThread "RMI TCP Accept-0" daemon [_thread_in_native, id=11228, stack(0x000000e03f300000,0x000000e03f400000)]
  0x0000028235982000 JavaThread "RMI TCP Accept-58413" daemon [_thread_in_native, id=4880, stack(0x000000e03f400000,0x000000e03f500000)]
  0x00000282359fc800 JavaThread "RMI TCP Accept-0" daemon [_thread_in_native, id=11116, stack(0x000000e03f500000,0x000000e03f600000)]
  0x0000028235ddb800 JavaThread "Thread-0" [_thread_blocked, id=13224, stack(0x000000e03f700000,0x000000e03f800000)]
  0x0000028235df8800 JavaThread "restartedMain" [_thread_blocked, id=10796, stack(0x000000e03f800000,0x000000e03f900000)]
  0x00000282363df800 JavaThread "Keep-Alive-Timer" daemon [_thread_blocked, id=7160, stack(0x000000e03fc00000,0x000000e03fd00000)]
  0x0000028234d6d000 JavaThread "Catalina-utility-1" [_thread_blocked, id=14184, stack(0x000000e05e700000,0x000000e05e800000)]
  0x0000028234d6e000 JavaThread "Catalina-utility-2" [_thread_blocked, id=10920, stack(0x000000e05e800000,0x000000e05e900000)]
  0x0000028238f12800 JavaThread "container-0" [_thread_blocked, id=9364, stack(0x000000e05e900000,0x000000e05ea00000)]
  0x00000282384d9000 JavaThread "mysql-cj-abandoned-connection-cleanup" daemon [_thread_blocked, id=3640, stack(0x000000e05ea00000,0x000000e05eb00000)]
  0x00000282384da000 JavaThread "task-1" [_thread_blocked, id=7680, stack(0x000000e05eb00000,0x000000e05ec00000)]

Other Threads:
=>0x000002821572d000 VMThread "VM Thread" [stack: 0x000000e03e800000,0x000000e03e900000] [id=1156]
  0x0000028235a07800 WatcherThread [stack: 0x000000e03f600000,0x000000e03f700000] [id=13240]
  0x000002821556e800 GCTaskThread "GC Thread#0" [stack: 0x000000e03e300000,0x000000e03e400000] [id=9480]
  0x0000028235925000 GCTaskThread "GC Thread#1" [stack: 0x000000e03f100000,0x000000e03f200000] [id=6292]
  0x0000028235925800 GCTaskThread "GC Thread#2" [stack: 0x000000e03f200000,0x000000e03f300000] [id=8712]
  0x0000028236021800 GCTaskThread "GC Thread#3" [stack: 0x000000e03fa00000,0x000000e03fb00000] [id=6944]
  0x000002821559d000 ConcurrentGCThread "G1 Main Marker" [stack: 0x000000e03e400000,0x000000e03e500000] [id=2876]
  0x000002821559e000 ConcurrentGCThread "G1 Conc#0" [stack: 0x000000e03e500000,0x000000e03e600000] [id=14232]
  0x0000028215632800 ConcurrentGCThread "G1 Refine#0" [stack: 0x000000e03e600000,0x000000e03e700000] [id=10280]
  0x0000028215633800 ConcurrentGCThread "G1 Young RemSet Sampling" [stack: 0x000000e03e700000,0x000000e03e800000] [id=13360]

Threads with active compile tasks:

VM state:at safepoint (normal execution)

VM Mutex/Monitor currently owned by a thread:  ([mutex/lock_event])
[0x0000028215e32ee0] Threads_lock - owner thread: 0x000002821572d000
[0x0000028215e340e0] Heap_lock - owner thread: 0x000002821559d000

Heap address: 0x0000000080000000, size: 2048 MB, Compressed Oops mode: 32-bit
Narrow klass base: 0x0000000000000000, Narrow klass shift: 3
Compressed class space size: 1073741824 Address: 0x0000000100000000

Heap:
 garbage-first heap   total 227328K, used 38591K [0x0000000080000000, 0x0000000100000000)
  region size 1024K, 13 young (13312K), 8 survivors (8192K)
 Metaspace       used 59214K, capacity 60759K, committed 61056K, reserved 1101824K
  class space    used 7590K, capacity 8243K, committed 8320K, reserved 1048576K
Heap Regions: E=young(eden), S=young(survivor), O=old, HS=humongous(starts), HC=humongous(continues), CS=collection set, F=free, A=archive, TAMS=top-at-mark-start (previous, next)
|   0|0x0000000080000000, 0x0000000080100000, 0x0000000080100000|100%|HS|  |TAMS 0x0000000080100000, 0x0000000080100000| Complete 
|   1|0x0000000080100000, 0x0000000080200000, 0x0000000080200000|100%| O|  |TAMS 0x0000000080200000, 0x0000000080200000| Untracked 
|   2|0x0000000080200000, 0x0000000080300000, 0x0000000080300000|100%| O|  |TAMS 0x0000000080300000, 0x0000000080300000| Untracked 
|   3|0x0000000080300000, 0x0000000080400000, 0x0000000080400000|100%| O|  |TAMS 0x0000000080400000, 0x0000000080400000| Untracked 
|   4|0x0000000080400000, 0x0000000080500000, 0x0000000080500000|100%| O|  |TAMS 0x0000000080500000, 0x0000000080500000| Untracked 
|   5|0x0000000080500000, 0x0000000080600000, 0x0000000080600000|100%| O|  |TAMS 0x0000000080600000, 0x0000000080600000| Untracked 
|   6|0x0000000080600000, 0x0000000080700000, 0x0000000080700000|100%| O|  |TAMS 0x0000000080700000, 0x0000000080700000| Untracked 
|   7|0x0000000080700000, 0x0000000080800000, 0x0000000080800000|100%| O|  |TAMS 0x0000000080800000, 0x0000000080800000| Untracked 
|   8|0x0000000080800000, 0x0000000080900000, 0x0000000080900000|100%| O|  |TAMS 0x0000000080900000, 0x0000000080900000| Untracked 
|   9|0x0000000080900000, 0x0000000080a00000, 0x0000000080a00000|100%| O|  |TAMS 0x0000000080a00000, 0x0000000080a00000| Untracked 
|  10|0x0000000080a00000, 0x0000000080b00000, 0x0000000080b00000|100%| O|  |TAMS 0x0000000080b00000, 0x0000000080b00000| Untracked 
|  11|0x0000000080b00000, 0x0000000080c00000, 0x0000000080c00000|100%| O|  |TAMS 0x0000000080b3f000, 0x0000000080c00000| Untracked 
|  12|0x0000000080c00000, 0x0000000080d00000, 0x0000000080d00000|100%| O|  |TAMS 0x0000000080c00000, 0x0000000080d00000| Untracked 
|  13|0x0000000080d00000, 0x0000000080e00000, 0x0000000080e00000|100%| O|  |TAMS 0x0000000080d00000, 0x0000000080e00000| Untracked 
|  14|0x0000000080e00000, 0x0000000080f00000, 0x0000000080f00000|100%| O|  |TAMS 0x0000000080e00000, 0x0000000080f00000| Untracked 
|  15|0x0000000080f00000, 0x0000000081000000, 0x0000000081000000|100%| O|  |TAMS 0x0000000080f00000, 0x0000000081000000| Untracked 
|  16|0x0000000081000000, 0x0000000081100000, 0x0000000081100000|100%| O|  |TAMS 0x0000000081000000, 0x0000000081100000| Untracked 
|  17|0x0000000081100000, 0x0000000081200000, 0x0000000081200000|100%| O|  |TAMS 0x0000000081100000, 0x0000000081200000| Untracked 
|  18|0x0000000081200000, 0x0000000081300000, 0x0000000081300000|100%| O|  |TAMS 0x0000000081200000, 0x0000000081300000| Untracked 
|  19|0x0000000081300000, 0x0000000081400000, 0x0000000081400000|100%| O|  |TAMS 0x0000000081300000, 0x0000000081400000| Untracked 
|  20|0x0000000081400000, 0x0000000081500000, 0x0000000081500000|100%| O|  |TAMS 0x0000000081400000, 0x0000000081500000| Untracked 
|  21|0x0000000081500000, 0x0000000081600000, 0x0000000081600000|100%| O|  |TAMS 0x0000000081500000, 0x0000000081600000| Untracked 
|  22|0x0000000081600000, 0x0000000081700000, 0x0000000081700000|100%| O|  |TAMS 0x0000000081600000, 0x0000000081700000| Untracked 
|  23|0x0000000081700000, 0x0000000081800000, 0x0000000081800000|100%| O|  |TAMS 0x0000000081700000, 0x0000000081800000| Untracked 
|  24|0x0000000081800000, 0x0000000081900000, 0x0000000081900000|100%| O|  |TAMS 0x0000000081800000, 0x0000000081900000| Untracked 
|  25|0x0000000081900000, 0x0000000081a00000, 0x0000000081a00000|100%| O|  |TAMS 0x0000000081900000, 0x0000000081a00000| Untracked 
|  26|0x0000000081a00000, 0x0000000081a3d600, 0x0000000081b00000| 23%| O|  |TAMS 0x0000000081a00000, 0x0000000081a3d600| Untracked 
|  27|0x0000000081b00000, 0x0000000081b00000, 0x0000000081c00000|  0%| F|  |TAMS 0x0000000081b00000, 0x0000000081b00000| Untracked 
|  28|0x0000000081c00000, 0x0000000081c00000, 0x0000000081d00000|  0%| F|  |TAMS 0x0000000081c00000, 0x0000000081c00000| Untracked 
|  29|0x0000000081d00000, 0x0000000081d00000, 0x0000000081e00000|  0%| F|  |TAMS 0x0000000081d00000, 0x0000000081d00000| Untracked 
|  30|0x0000000081e00000, 0x0000000081e00000, 0x0000000081f00000|  0%| F|  |TAMS 0x0000000081e00000, 0x0000000081e00000| Untracked 
|  31|0x0000000081f00000, 0x0000000081f00000, 0x0000000082000000|  0%| F|  |TAMS 0x0000000081f00000, 0x0000000081f00000| Untracked 
|  32|0x0000000082000000, 0x0000000082000000, 0x0000000082100000|  0%| F|  |TAMS 0x0000000082000000, 0x0000000082000000| Untracked 
|  33|0x0000000082100000, 0x0000000082100000, 0x0000000082200000|  0%| F|  |TAMS 0x0000000082100000, 0x0000000082100000| Untracked 
|  34|0x0000000082200000, 0x0000000082200000, 0x0000000082300000|  0%| F|  |TAMS 0x0000000082200000, 0x0000000082200000| Untracked 
|  35|0x0000000082300000, 0x0000000082300000, 0x0000000082400000|  0%| F|  |TAMS 0x0000000082300000, 0x0000000082300000| Untracked 
|  36|0x0000000082400000, 0x0000000082400000, 0x0000000082500000|  0%| F|  |TAMS 0x0000000082400000, 0x0000000082400000| Untracked 
|  37|0x0000000082500000, 0x0000000082500000, 0x0000000082600000|  0%| F|  |TAMS 0x0000000082500000, 0x0000000082500000| Untracked 
|  38|0x0000000082600000, 0x0000000082600000, 0x0000000082700000|  0%| F|  |TAMS 0x0000000082600000, 0x0000000082600000| Untracked 
|  39|0x0000000082700000, 0x0000000082700000, 0x0000000082800000|  0%| F|  |TAMS 0x0000000082700000, 0x0000000082700000| Untracked 
|  40|0x0000000082800000, 0x0000000082800000, 0x0000000082900000|  0%| F|  |TAMS 0x0000000082800000, 0x0000000082800000| Untracked 
|  41|0x0000000082900000, 0x0000000082900000, 0x0000000082a00000|  0%| F|  |TAMS 0x0000000082900000, 0x0000000082900000| Untracked 
|  42|0x0000000082a00000, 0x0000000082a00000, 0x0000000082b00000|  0%| F|  |TAMS 0x0000000082a00000, 0x0000000082a00000| Untracked 
|  43|0x0000000082b00000, 0x0000000082b00000, 0x0000000082c00000|  0%| F|  |TAMS 0x0000000082b00000, 0x0000000082b00000| Untracked 
|  44|0x0000000082c00000, 0x0000000082c00000, 0x0000000082d00000|  0%| F|  |TAMS 0x0000000082c00000, 0x0000000082c00000| Untracked 
|  45|0x0000000082d00000, 0x0000000082d00000, 0x0000000082e00000|  0%| F|  |TAMS 0x0000000082d00000, 0x0000000082d00000| Untracked 
|  46|0x0000000082e00000, 0x0000000082e00000, 0x0000000082f00000|  0%| F|  |TAMS 0x0000000082e00000, 0x0000000082e00000| Untracked 
|  47|0x0000000082f00000, 0x0000000082f00000, 0x0000000083000000|  0%| F|  |TAMS 0x0000000082f00000, 0x0000000082f00000| Untracked 
|  48|0x0000000083000000, 0x0000000083000000, 0x0000000083100000|  0%| F|  |TAMS 0x0000000083000000, 0x0000000083000000| Untracked 
|  49|0x0000000083100000, 0x0000000083100000, 0x0000000083200000|  0%| F|  |TAMS 0x0000000083100000, 0x0000000083100000| Untracked 
|  50|0x0000000083200000, 0x0000000083200000, 0x0000000083300000|  0%| F|  |TAMS 0x0000000083200000, 0x0000000083200000| Untracked 
|  51|0x0000000083300000, 0x0000000083300000, 0x0000000083400000|  0%| F|  |TAMS 0x0000000083300000, 0x0000000083300000| Untracked 
|  52|0x0000000083400000, 0x0000000083400000, 0x0000000083500000|  0%| F|  |TAMS 0x0000000083400000, 0x0000000083400000| Untracked 
|  53|0x0000000083500000, 0x0000000083500000, 0x0000000083600000|  0%| F|  |TAMS 0x0000000083500000, 0x0000000083500000| Untracked 
|  54|0x0000000083600000, 0x0000000083600000, 0x0000000083700000|  0%| F|  |TAMS 0x0000000083600000, 0x0000000083600000| Untracked 
|  55|0x0000000083700000, 0x0000000083700000, 0x0000000083800000|  0%| F|  |TAMS 0x0000000083700000, 0x0000000083700000| Untracked 
|  56|0x0000000083800000, 0x0000000083800000, 0x0000000083900000|  0%| F|  |TAMS 0x0000000083800000, 0x0000000083800000| Untracked 
|  57|0x0000000083900000, 0x0000000083900000, 0x0000000083a00000|  0%| F|  |TAMS 0x0000000083900000, 0x0000000083900000| Untracked 
|  58|0x0000000083a00000, 0x0000000083a00000, 0x0000000083b00000|  0%| F|  |TAMS 0x0000000083a00000, 0x0000000083a00000| Untracked 
|  59|0x0000000083b00000, 0x0000000083b00000, 0x0000000083c00000|  0%| F|  |TAMS 0x0000000083b00000, 0x0000000083b00000| Untracked 
|  60|0x0000000083c00000, 0x0000000083c00000, 0x0000000083d00000|  0%| F|  |TAMS 0x0000000083c00000, 0x0000000083c00000| Untracked 
|  61|0x0000000083d00000, 0x0000000083d00000, 0x0000000083e00000|  0%| F|  |TAMS 0x0000000083d00000, 0x0000000083d00000| Untracked 
|  62|0x0000000083e00000, 0x0000000083e00000, 0x0000000083f00000|  0%| F|  |TAMS 0x0000000083e00000, 0x0000000083e00000| Untracked 
|  63|0x0000000083f00000, 0x0000000083f00000, 0x0000000084000000|  0%| F|  |TAMS 0x0000000083f00000, 0x0000000083f00000| Untracked 
|  64|0x0000000084000000, 0x0000000084000000, 0x0000000084100000|  0%| F|  |TAMS 0x0000000084000000, 0x0000000084000000| Untracked 
|  65|0x0000000084100000, 0x0000000084100000, 0x0000000084200000|  0%| F|  |TAMS 0x0000000084100000, 0x0000000084100000| Untracked 
|  66|0x0000000084200000, 0x0000000084200000, 0x0000000084300000|  0%| F|  |TAMS 0x0000000084200000, 0x0000000084200000| Untracked 
|  67|0x0000000084300000, 0x0000000084300000, 0x0000000084400000|  0%| F|  |TAMS 0x0000000084300000, 0x0000000084300000| Untracked 
|  68|0x0000000084400000, 0x0000000084400000, 0x0000000084500000|  0%| F|  |TAMS 0x0000000084400000, 0x0000000084400000| Untracked 
|  69|0x0000000084500000, 0x0000000084500000, 0x0000000084600000|  0%| F|  |TAMS 0x0000000084500000, 0x0000000084500000| Untracked 
|  70|0x0000000084600000, 0x0000000084600000, 0x0000000084700000|  0%| F|  |TAMS 0x0000000084600000, 0x0000000084600000| Untracked 
|  71|0x0000000084700000, 0x0000000084700000, 0x0000000084800000|  0%| F|  |TAMS 0x0000000084700000, 0x0000000084700000| Untracked 
|  72|0x0000000084800000, 0x0000000084800000, 0x0000000084900000|  0%| F|  |TAMS 0x0000000084800000, 0x0000000084800000| Untracked 
|  73|0x0000000084900000, 0x0000000084900000, 0x0000000084a00000|  0%| F|  |TAMS 0x0000000084900000, 0x0000000084900000| Untracked 
|  74|0x0000000084a00000, 0x0000000084a00000, 0x0000000084b00000|  0%| F|  |TAMS 0x0000000084a00000, 0x0000000084a00000| Untracked 
|  75|0x0000000084b00000, 0x0000000084b00000, 0x0000000084c00000|  0%| F|  |TAMS 0x0000000084b00000, 0x0000000084b00000| Untracked 
|  76|0x0000000084c00000, 0x0000000084c00000, 0x0000000084d00000|  0%| F|  |TAMS 0x0000000084c00000, 0x0000000084c00000| Untracked 
|  77|0x0000000084d00000, 0x0000000084d00000, 0x0000000084e00000|  0%| F|  |TAMS 0x0000000084d00000, 0x0000000084d00000| Untracked 
|  78|0x0000000084e00000, 0x0000000084e00000, 0x0000000084f00000|  0%| F|  |TAMS 0x0000000084e00000, 0x0000000084e00000| Untracked 
|  79|0x0000000084f00000, 0x0000000084f00000, 0x0000000085000000|  0%| F|  |TAMS 0x0000000084f00000, 0x0000000084f00000| Untracked 
|  80|0x0000000085000000, 0x0000000085000000, 0x0000000085100000|  0%| F|  |TAMS 0x0000000085000000, 0x0000000085000000| Untracked 
|  81|0x0000000085100000, 0x0000000085100000, 0x0000000085200000|  0%| F|  |TAMS 0x0000000085100000, 0x0000000085100000| Untracked 
|  82|0x0000000085200000, 0x0000000085200000, 0x0000000085300000|  0%| F|  |TAMS 0x0000000085200000, 0x0000000085200000| Untracked 
|  83|0x0000000085300000, 0x0000000085300000, 0x0000000085400000|  0%| F|  |TAMS 0x0000000085300000, 0x0000000085300000| Untracked 
|  84|0x0000000085400000, 0x0000000085400000, 0x0000000085500000|  0%| F|  |TAMS 0x0000000085400000, 0x0000000085400000| Untracked 
|  85|0x0000000085500000, 0x0000000085500000, 0x0000000085600000|  0%| F|  |TAMS 0x0000000085500000, 0x0000000085500000| Untracked 
|  86|0x0000000085600000, 0x0000000085600000, 0x0000000085700000|  0%| F|  |TAMS 0x0000000085600000, 0x0000000085600000| Untracked 
|  87|0x0000000085700000, 0x0000000085700000, 0x0000000085800000|  0%| F|  |TAMS 0x0000000085700000, 0x0000000085700000| Untracked 
|  88|0x0000000085800000, 0x0000000085800000, 0x0000000085900000|  0%| F|  |TAMS 0x0000000085800000, 0x0000000085800000| Untracked 
|  89|0x0000000085900000, 0x0000000085900000, 0x0000000085a00000|  0%| F|  |TAMS 0x0000000085900000, 0x0000000085900000| Untracked 
|  90|0x0000000085a00000, 0x0000000085a00000, 0x0000000085b00000|  0%| F|  |TAMS 0x0000000085a00000, 0x0000000085a00000| Untracked 
|  91|0x0000000085b00000, 0x0000000085b00000, 0x0000000085c00000|  0%| F|  |TAMS 0x0000000085b00000, 0x0000000085b00000| Untracked 
|  92|0x0000000085c00000, 0x0000000085c00000, 0x0000000085d00000|  0%| F|  |TAMS 0x0000000085c00000, 0x0000000085c00000| Untracked 
|  93|0x0000000085d00000, 0x0000000085d00000, 0x0000000085e00000|  0%| F|  |TAMS 0x0000000085d00000, 0x0000000085d00000| Untracked 
|  94|0x0000000085e00000, 0x0000000085e00000, 0x0000000085f00000|  0%| F|  |TAMS 0x0000000085e00000, 0x0000000085e00000| Untracked 
|  95|0x0000000085f00000, 0x0000000085f00000, 0x0000000086000000|  0%| F|  |TAMS 0x0000000085f00000, 0x0000000085f00000| Untracked 
|  96|0x0000000086000000, 0x0000000086000000, 0x0000000086100000|  0%| F|  |TAMS 0x0000000086000000, 0x0000000086000000| Untracked 
|  97|0x0000000086100000, 0x0000000086100000, 0x0000000086200000|  0%| F|  |TAMS 0x0000000086100000, 0x0000000086100000| Untracked 
|  98|0x0000000086200000, 0x0000000086200000, 0x0000000086300000|  0%| F|  |TAMS 0x0000000086200000, 0x0000000086200000| Untracked 
|  99|0x0000000086300000, 0x0000000086300000, 0x0000000086400000|  0%| F|  |TAMS 0x0000000086300000, 0x0000000086300000| Untracked 
| 100|0x0000000086400000, 0x0000000086400000, 0x0000000086500000|  0%| F|  |TAMS 0x0000000086400000, 0x0000000086400000| Untracked 
| 101|0x0000000086500000, 0x0000000086500000, 0x0000000086600000|  0%| F|  |TAMS 0x0000000086500000, 0x0000000086500000| Untracked 
| 102|0x0000000086600000, 0x0000000086600000, 0x0000000086700000|  0%| F|  |TAMS 0x0000000086600000, 0x0000000086600000| Untracked 
| 103|0x0000000086700000, 0x0000000086700000, 0x0000000086800000|  0%| F|  |TAMS 0x0000000086700000, 0x0000000086700000| Untracked 
| 104|0x0000000086800000, 0x0000000086800000, 0x0000000086900000|  0%| F|  |TAMS 0x0000000086800000, 0x0000000086800000| Untracked 
| 105|0x0000000086900000, 0x0000000086900000, 0x0000000086a00000|  0%| F|  |TAMS 0x0000000086900000, 0x0000000086900000| Untracked 
| 106|0x0000000086a00000, 0x0000000086a00000, 0x0000000086b00000|  0%| F|  |TAMS 0x0000000086a00000, 0x0000000086a00000| Untracked 
| 107|0x0000000086b00000, 0x0000000086b00000, 0x0000000086c00000|  0%| F|  |TAMS 0x0000000086b00000, 0x0000000086b00000| Untracked 
| 108|0x0000000086c00000, 0x0000000086c00000, 0x0000000086d00000|  0%| F|  |TAMS 0x0000000086c00000, 0x0000000086c00000| Untracked 
| 109|0x0000000086d00000, 0x0000000086d00000, 0x0000000086e00000|  0%| F|  |TAMS 0x0000000086d00000, 0x0000000086d00000| Untracked 
| 110|0x0000000086e00000, 0x0000000086e00000, 0x0000000086f00000|  0%| F|  |TAMS 0x0000000086e00000, 0x0000000086e00000| Untracked 
| 111|0x0000000086f00000, 0x0000000086f00000, 0x0000000087000000|  0%| F|  |TAMS 0x0000000086f00000, 0x0000000086f00000| Untracked 
| 112|0x0000000087000000, 0x0000000087000000, 0x0000000087100000|  0%| F|  |TAMS 0x0000000087000000, 0x0000000087000000| Untracked 
| 113|0x0000000087100000, 0x0000000087100000, 0x0000000087200000|  0%| F|  |TAMS 0x0000000087100000, 0x0000000087100000| Untracked 
| 114|0x0000000087200000, 0x0000000087200000, 0x0000000087300000|  0%| F|  |TAMS 0x0000000087200000, 0x0000000087200000| Untracked 
| 115|0x0000000087300000, 0x0000000087300000, 0x0000000087400000|  0%| F|  |TAMS 0x0000000087300000, 0x0000000087300000| Untracked 
| 116|0x0000000087400000, 0x0000000087400000, 0x0000000087500000|  0%| F|  |TAMS 0x0000000087400000, 0x0000000087400000| Untracked 
| 117|0x0000000087500000, 0x0000000087500000, 0x0000000087600000|  0%| F|  |TAMS 0x0000000087500000, 0x0000000087500000| Untracked 
| 118|0x0000000087600000, 0x0000000087600000, 0x0000000087700000|  0%| F|  |TAMS 0x0000000087600000, 0x0000000087600000| Untracked 
| 119|0x0000000087700000, 0x0000000087700000, 0x0000000087800000|  0%| F|  |TAMS 0x0000000087700000, 0x0000000087700000| Untracked 
| 120|0x0000000087800000, 0x0000000087800000, 0x0000000087900000|  0%| F|  |TAMS 0x0000000087800000, 0x0000000087800000| Untracked 
| 121|0x0000000087900000, 0x0000000087900000, 0x0000000087a00000|  0%| F|  |TAMS 0x0000000087900000, 0x0000000087900000| Untracked 
| 122|0x0000000087a00000, 0x0000000087a00000, 0x0000000087b00000|  0%| F|  |TAMS 0x0000000087a00000, 0x0000000087a00000| Untracked 
| 123|0x0000000087b00000, 0x0000000087b00000, 0x0000000087c00000|  0%| F|  |TAMS 0x0000000087b00000, 0x0000000087b00000| Untracked 
| 124|0x0000000087c00000, 0x0000000087c00000, 0x0000000087d00000|  0%| F|  |TAMS 0x0000000087c00000, 0x0000000087c00000| Untracked 
| 125|0x0000000087d00000, 0x0000000087d00000, 0x0000000087e00000|  0%| F|  |TAMS 0x0000000087d00000, 0x0000000087d00000| Untracked 
| 126|0x0000000087e00000, 0x0000000087e00000, 0x0000000087f00000|  0%| F|  |TAMS 0x0000000087e00000, 0x0000000087e00000| Untracked 
| 127|0x0000000087f00000, 0x0000000087f00000, 0x0000000088000000|  0%| F|  |TAMS 0x0000000087f00000, 0x0000000087f00000| Untracked 
| 128|0x0000000088000000, 0x0000000088000000, 0x0000000088100000|  0%| F|  |TAMS 0x0000000088000000, 0x0000000088000000| Untracked 
| 129|0x0000000088100000, 0x0000000088100000, 0x0000000088200000|  0%| F|  |TAMS 0x0000000088100000, 0x0000000088100000| Untracked 
| 130|0x0000000088200000, 0x0000000088200000, 0x0000000088300000|  0%| F|  |TAMS 0x0000000088200000, 0x0000000088200000| Untracked 
| 131|0x0000000088300000, 0x0000000088300000, 0x0000000088400000|  0%| F|  |TAMS 0x0000000088300000, 0x0000000088300000| Untracked 
| 132|0x0000000088400000, 0x0000000088472978, 0x0000000088500000| 44%| S|CS|TAMS 0x0000000088400000, 0x0000000088400000| Complete 
| 133|0x0000000088500000, 0x0000000088600000, 0x0000000088600000|100%| S|CS|TAMS 0x0000000088500000, 0x0000000088500000| Complete 
| 134|0x0000000088600000, 0x0000000088700000, 0x0000000088700000|100%| S|CS|TAMS 0x0000000088600000, 0x0000000088600000| Complete 
| 135|0x0000000088700000, 0x0000000088800000, 0x0000000088800000|100%| S|CS|TAMS 0x0000000088700000, 0x0000000088700000| Complete 
| 136|0x0000000088800000, 0x0000000088900000, 0x0000000088900000|100%| S|CS|TAMS 0x0000000088800000, 0x0000000088800000| Complete 
| 137|0x0000000088900000, 0x0000000088a00000, 0x0000000088a00000|100%| S|CS|TAMS 0x0000000088900000, 0x0000000088900000| Complete 
| 138|0x0000000088a00000, 0x0000000088b00000, 0x0000000088b00000|100%| S|CS|TAMS 0x0000000088a00000, 0x0000000088a00000| Complete 
| 139|0x0000000088b00000, 0x0000000088c00000, 0x0000000088c00000|100%| S|CS|TAMS 0x0000000088b00000, 0x0000000088b00000| Complete 
| 140|0x0000000088c00000, 0x0000000088c00000, 0x0000000088d00000|  0%| F|  |TAMS 0x0000000088c00000, 0x0000000088c00000| Untracked 
| 141|0x0000000088d00000, 0x0000000088d00000, 0x0000000088e00000|  0%| F|  |TAMS 0x0000000088d00000, 0x0000000088d00000| Untracked 
| 142|0x0000000088e00000, 0x0000000088e00000, 0x0000000088f00000|  0%| F|  |TAMS 0x0000000088e00000, 0x0000000088e00000| Untracked 
| 143|0x0000000088f00000, 0x0000000088f00000, 0x0000000089000000|  0%| F|  |TAMS 0x0000000088f00000, 0x0000000088f00000| Untracked 
| 144|0x0000000089000000, 0x0000000089000000, 0x0000000089100000|  0%| F|  |TAMS 0x0000000089000000, 0x0000000089000000| Untracked 
| 145|0x0000000089100000, 0x0000000089100000, 0x0000000089200000|  0%| F|  |TAMS 0x0000000089100000, 0x0000000089100000| Untracked 
| 146|0x0000000089200000, 0x0000000089200000, 0x0000000089300000|  0%| F|  |TAMS 0x0000000089200000, 0x0000000089200000| Untracked 
| 147|0x0000000089300000, 0x0000000089300000, 0x0000000089400000|  0%| F|  |TAMS 0x0000000089300000, 0x0000000089300000| Untracked 
| 148|0x0000000089400000, 0x0000000089400000, 0x0000000089500000|  0%| F|  |TAMS 0x0000000089400000, 0x0000000089400000| Untracked 
| 149|0x0000000089500000, 0x0000000089500000, 0x0000000089600000|  0%| F|  |TAMS 0x0000000089500000, 0x0000000089500000| Untracked 
| 150|0x0000000089600000, 0x0000000089600000, 0x0000000089700000|  0%| F|  |TAMS 0x0000000089600000, 0x0000000089600000| Untracked 
| 151|0x0000000089700000, 0x0000000089700000, 0x0000000089800000|  0%| F|  |TAMS 0x0000000089700000, 0x0000000089700000| Untracked 
| 152|0x0000000089800000, 0x0000000089800000, 0x0000000089900000|  0%| F|  |TAMS 0x0000000089800000, 0x0000000089800000| Untracked 
| 153|0x0000000089900000, 0x0000000089900000, 0x0000000089a00000|  0%| F|  |TAMS 0x0000000089900000, 0x0000000089900000| Untracked 
| 154|0x0000000089a00000, 0x0000000089a00000, 0x0000000089b00000|  0%| F|  |TAMS 0x0000000089a00000, 0x0000000089a00000| Untracked 
| 155|0x0000000089b00000, 0x0000000089b00000, 0x0000000089c00000|  0%| F|  |TAMS 0x0000000089b00000, 0x0000000089b00000| Untracked 
| 156|0x0000000089c00000, 0x0000000089c00000, 0x0000000089d00000|  0%| F|  |TAMS 0x0000000089c00000, 0x0000000089c00000| Untracked 
| 157|0x0000000089d00000, 0x0000000089d00000, 0x0000000089e00000|  0%| F|  |TAMS 0x0000000089d00000, 0x0000000089d00000| Untracked 
| 158|0x0000000089e00000, 0x0000000089e00000, 0x0000000089f00000|  0%| F|  |TAMS 0x0000000089e00000, 0x0000000089e00000| Untracked 
| 159|0x0000000089f00000, 0x0000000089f00000, 0x000000008a000000|  0%| F|  |TAMS 0x0000000089f00000, 0x0000000089f00000| Untracked 
| 160|0x000000008a000000, 0x000000008a000000, 0x000000008a100000|  0%| F|  |TAMS 0x000000008a000000, 0x000000008a000000| Untracked 
| 161|0x000000008a100000, 0x000000008a100000, 0x000000008a200000|  0%| F|  |TAMS 0x000000008a100000, 0x000000008a100000| Untracked 
| 162|0x000000008a200000, 0x000000008a200000, 0x000000008a300000|  0%| F|  |TAMS 0x000000008a200000, 0x000000008a200000| Untracked 
| 163|0x000000008a300000, 0x000000008a300000, 0x000000008a400000|  0%| F|  |TAMS 0x000000008a300000, 0x000000008a300000| Untracked 
| 164|0x000000008a400000, 0x000000008a400000, 0x000000008a500000|  0%| F|  |TAMS 0x000000008a400000, 0x000000008a400000| Untracked 
| 165|0x000000008a500000, 0x000000008a500000, 0x000000008a600000|  0%| F|  |TAMS 0x000000008a500000, 0x000000008a500000| Untracked 
| 166|0x000000008a600000, 0x000000008a600000, 0x000000008a700000|  0%| F|  |TAMS 0x000000008a600000, 0x000000008a600000| Untracked 
| 167|0x000000008a700000, 0x000000008a700000, 0x000000008a800000|  0%| F|  |TAMS 0x000000008a700000, 0x000000008a700000| Untracked 
| 168|0x000000008a800000, 0x000000008a800000, 0x000000008a900000|  0%| F|  |TAMS 0x000000008a800000, 0x000000008a800000| Untracked 
| 169|0x000000008a900000, 0x000000008a900000, 0x000000008aa00000|  0%| F|  |TAMS 0x000000008a900000, 0x000000008a900000| Untracked 
| 170|0x000000008aa00000, 0x000000008aa00000, 0x000000008ab00000|  0%| F|  |TAMS 0x000000008aa00000, 0x000000008aa00000| Untracked 
| 171|0x000000008ab00000, 0x000000008ab00000, 0x000000008ac00000|  0%| F|  |TAMS 0x000000008ab00000, 0x000000008ab00000| Untracked 
| 172|0x000000008ac00000, 0x000000008ac00000, 0x000000008ad00000|  0%| F|  |TAMS 0x000000008ac00000, 0x000000008ac00000| Untracked 
| 173|0x000000008ad00000, 0x000000008ad00000, 0x000000008ae00000|  0%| F|  |TAMS 0x000000008ad00000, 0x000000008ad00000| Untracked 
| 174|0x000000008ae00000, 0x000000008ae00000, 0x000000008af00000|  0%| F|  |TAMS 0x000000008ae00000, 0x000000008ae00000| Untracked 
| 175|0x000000008af00000, 0x000000008af00000, 0x000000008b000000|  0%| F|  |TAMS 0x000000008af00000, 0x000000008af00000| Untracked 
| 176|0x000000008b000000, 0x000000008b000000, 0x000000008b100000|  0%| F|  |TAMS 0x000000008b000000, 0x000000008b000000| Untracked 
| 177|0x000000008b100000, 0x000000008b100000, 0x000000008b200000|  0%| F|  |TAMS 0x000000008b100000, 0x000000008b100000| Untracked 
| 178|0x000000008b200000, 0x000000008b200000, 0x000000008b300000|  0%| F|  |TAMS 0x000000008b200000, 0x000000008b200000| Untracked 
| 179|0x000000008b300000, 0x000000008b300000, 0x000000008b400000|  0%| F|  |TAMS 0x000000008b300000, 0x000000008b300000| Untracked 
| 180|0x000000008b400000, 0x000000008b400000, 0x000000008b500000|  0%| F|  |TAMS 0x000000008b400000, 0x000000008b400000| Untracked 
| 181|0x000000008b500000, 0x000000008b500000, 0x000000008b600000|  0%| F|  |TAMS 0x000000008b500000, 0x000000008b500000| Untracked 
| 182|0x000000008b600000, 0x000000008b600000, 0x000000008b700000|  0%| F|  |TAMS 0x000000008b600000, 0x000000008b600000| Untracked 
| 183|0x000000008b700000, 0x000000008b700000, 0x000000008b800000|  0%| F|  |TAMS 0x000000008b700000, 0x000000008b700000| Untracked 
| 184|0x000000008b800000, 0x000000008b800000, 0x000000008b900000|  0%| F|  |TAMS 0x000000008b800000, 0x000000008b800000| Untracked 
| 185|0x000000008b900000, 0x000000008b900000, 0x000000008ba00000|  0%| F|  |TAMS 0x000000008b900000, 0x000000008b900000| Untracked 
| 186|0x000000008ba00000, 0x000000008ba00000, 0x000000008bb00000|  0%| F|  |TAMS 0x000000008ba00000, 0x000000008ba00000| Untracked 
| 187|0x000000008bb00000, 0x000000008bb00000, 0x000000008bc00000|  0%| F|  |TAMS 0x000000008bb00000, 0x000000008bb00000| Untracked 
| 188|0x000000008bc00000, 0x000000008bc00000, 0x000000008bd00000|  0%| F|  |TAMS 0x000000008bc00000, 0x000000008bc00000| Untracked 
| 189|0x000000008bd00000, 0x000000008bd00000, 0x000000008be00000|  0%| F|  |TAMS 0x000000008bd00000, 0x000000008bd00000| Untracked 
| 190|0x000000008be00000, 0x000000008be00000, 0x000000008bf00000|  0%| F|  |TAMS 0x000000008be00000, 0x000000008be00000| Untracked 
| 191|0x000000008bf00000, 0x000000008bf00000, 0x000000008c000000|  0%| F|  |TAMS 0x000000008bf00000, 0x000000008bf00000| Untracked 
| 192|0x000000008c000000, 0x000000008c000000, 0x000000008c100000|  0%| F|  |TAMS 0x000000008c000000, 0x000000008c000000| Untracked 
| 193|0x000000008c100000, 0x000000008c100000, 0x000000008c200000|  0%| F|  |TAMS 0x000000008c100000, 0x000000008c100000| Untracked 
| 194|0x000000008c200000, 0x000000008c200000, 0x000000008c300000|  0%| F|  |TAMS 0x000000008c200000, 0x000000008c200000| Untracked 
| 195|0x000000008c300000, 0x000000008c300000, 0x000000008c400000|  0%| F|  |TAMS 0x000000008c300000, 0x000000008c300000| Untracked 
| 196|0x000000008c400000, 0x000000008c400000, 0x000000008c500000|  0%| F|  |TAMS 0x000000008c400000, 0x000000008c400000| Untracked 
| 197|0x000000008c500000, 0x000000008c500000, 0x000000008c600000|  0%| F|  |TAMS 0x000000008c500000, 0x000000008c500000| Untracked 
| 198|0x000000008c600000, 0x000000008c600000, 0x000000008c700000|  0%| F|  |TAMS 0x000000008c600000, 0x000000008c600000| Untracked 
| 199|0x000000008c700000, 0x000000008c700000, 0x000000008c800000|  0%| F|  |TAMS 0x000000008c700000, 0x000000008c700000| Untracked 
| 200|0x000000008c800000, 0x000000008c800000, 0x000000008c900000|  0%| F|  |TAMS 0x000000008c800000, 0x000000008c800000| Untracked 
| 201|0x000000008c900000, 0x000000008c900000, 0x000000008ca00000|  0%| F|  |TAMS 0x000000008c900000, 0x000000008c900000| Untracked 
| 202|0x000000008ca00000, 0x000000008ca00000, 0x000000008cb00000|  0%| F|  |TAMS 0x000000008ca00000, 0x000000008ca00000| Untracked 
| 203|0x000000008cb00000, 0x000000008cb00000, 0x000000008cc00000|  0%| F|  |TAMS 0x000000008cb00000, 0x000000008cb00000| Untracked 
| 204|0x000000008cc00000, 0x000000008cc00000, 0x000000008cd00000|  0%| F|  |TAMS 0x000000008cc00000, 0x000000008cc00000| Untracked 
| 205|0x000000008cd00000, 0x000000008cd00000, 0x000000008ce00000|  0%| F|  |TAMS 0x000000008cd00000, 0x000000008cd00000| Untracked 
| 206|0x000000008ce00000, 0x000000008ce00000, 0x000000008cf00000|  0%| F|  |TAMS 0x000000008ce00000, 0x000000008ce00000| Untracked 
| 207|0x000000008cf00000, 0x000000008cf00000, 0x000000008d000000|  0%| F|  |TAMS 0x000000008cf00000, 0x000000008cf00000| Untracked 
| 208|0x000000008d000000, 0x000000008d000000, 0x000000008d100000|  0%| F|  |TAMS 0x000000008d000000, 0x000000008d000000| Untracked 
| 209|0x000000008d100000, 0x000000008d100000, 0x000000008d200000|  0%| F|  |TAMS 0x000000008d100000, 0x000000008d100000| Untracked 
| 210|0x000000008d200000, 0x000000008d200000, 0x000000008d300000|  0%| F|  |TAMS 0x000000008d200000, 0x000000008d200000| Untracked 
| 211|0x000000008d300000, 0x000000008d300000, 0x000000008d400000|  0%| F|  |TAMS 0x000000008d300000, 0x000000008d300000| Untracked 
| 212|0x000000008d400000, 0x000000008d400000, 0x000000008d500000|  0%| F|  |TAMS 0x000000008d400000, 0x000000008d400000| Untracked 
| 213|0x000000008d500000, 0x000000008d500000, 0x000000008d600000|  0%| F|  |TAMS 0x000000008d500000, 0x000000008d500000| Untracked 
| 214|0x000000008d600000, 0x000000008d600000, 0x000000008d700000|  0%| F|  |TAMS 0x000000008d600000, 0x000000008d600000| Untracked 
| 215|0x000000008d700000, 0x000000008d700000, 0x000000008d800000|  0%| F|  |TAMS 0x000000008d700000, 0x000000008d700000| Untracked 
| 216|0x000000008d800000, 0x000000008d800000, 0x000000008d900000|  0%| F|  |TAMS 0x000000008d800000, 0x000000008d800000| Untracked 
| 217|0x000000008d900000, 0x000000008da00000, 0x000000008da00000|100%| E|  |TAMS 0x000000008d900000, 0x000000008d900000| Complete 
| 218|0x000000008da00000, 0x000000008db00000, 0x000000008db00000|100%| E|CS|TAMS 0x000000008da00000, 0x000000008da00000| Complete 
| 219|0x000000008db00000, 0x000000008dc00000, 0x000000008dc00000|100%| E|CS|TAMS 0x000000008db00000, 0x000000008db00000| Complete 
| 220|0x000000008dc00000, 0x000000008dd00000, 0x000000008dd00000|100%| E|CS|TAMS 0x000000008dc00000, 0x000000008dc00000| Complete 
| 221|0x000000008dd00000, 0x000000008de00000, 0x000000008de00000|100%| E|CS|TAMS 0x000000008dd00000, 0x000000008dd00000| Complete 

Card table byte_map: [0x000002822d690000,0x000002822da90000] _byte_map_base: 0x000002822d290000

Marking Bits (Prev, Next): (CMBitMap*) 0x00000282155948f8, (CMBitMap*) 0x0000028215594930
 Prev Bits: [0x000002822de90000, 0x000002822fe90000)
 Next Bits: [0x000002822fe90000, 0x0000028231e90000)

Polling page: 0x0000028215540000

Metaspace:

Usage:
  Non-class:     51.29 MB capacity,    50.41 MB ( 98%) used,   704.91 KB (  1%) free+waste,   186.81 KB ( <1%) overhead. 
      Class:      8.05 MB capacity,     7.41 MB ( 92%) used,   561.68 KB (  7%) free+waste,    91.13 KB (  1%) overhead. 
       Both:     59.33 MB capacity,    57.83 MB ( 97%) used,     1.24 MB (  2%) free+waste,   277.94 KB ( <1%) overhead. 

Virtual space:
  Non-class space:       52.00 MB reserved,      51.50 MB (>99%) committed 
      Class space:        1.00 GB reserved,       8.13 MB ( <1%) committed 
             Both:        1.05 GB reserved,      59.63 MB (  6%) committed 

Chunk freelists:
   Non-Class:  3.50 KB
       Class:  1.63 KB
        Both:  5.13 KB

CodeHeap 'non-profiled nmethods': size=238912Kb used=8745Kb max_used=8745Kb free=230167Kb
 bounds [0x000002821e820000, 0x000002821f0b0000, 0x000002822d170000]
CodeHeap 'non-nmethods': size=6848Kb used=1255Kb max_used=1255Kb free=5592Kb
 bounds [0x000002821e170000, 0x000002821e3e0000, 0x000002821e820000]
 total_blobs=5838 nmethods=5166 adapters=558
 compilation: enabled
              stopped_count=0, restarted_count=0
 full_count=0

Compilation events (10 events):
Event: 12.108 Thread 0x0000028234bc4000 5186       1       java.lang.Long::valueOf (40 bytes)
Event: 12.108 Thread 0x0000028234bc4000 nmethod 5186 0x000002821f0a7b10 code [0x000002821f0a7cc0, 0x000002821f0a7e78]
Event: 12.108 Thread 0x0000028234bc4000 5188       1       javax.management.openmbean.CompositeDataSupport::get (73 bytes)
Event: 12.109 Thread 0x0000028234bc4000 nmethod 5188 0x000002821f0a7f90 code [0x000002821f0a8200, 0x000002821f0a8720]
Event: 12.109 Thread 0x0000028234bc4000 5187       1       javax.management.openmbean.CompositeType::keySet (26 bytes)
Event: 12.109 Thread 0x0000028234bc4000 nmethod 5187 0x000002821f0a8a10 code [0x000002821f0a8be0, 0x000002821f0a9030]
Event: 12.109 Thread 0x0000028234bc4000 5189       1       javax.management.openmbean.CompositeDataSupport::getCompositeType (5 bytes)
Event: 12.109 Thread 0x0000028234bc4000 nmethod 5189 0x000002821f0a9190 code [0x000002821f0a9320, 0x000002821f0a9438]
Event: 12.134 Thread 0x0000028234bc4000 5190       1       java.util.regex.Pattern::RemoveQEQuoting (346 bytes)
Event: 12.135 Thread 0x0000028234bc4000 nmethod 5190 0x000002821f0a9490 code [0x000002821f0a96a0, 0x000002821f0a9f80]

GC Heap History (10 events):
Event: 6.738 GC heap before
{Heap before GC invocations=11 (full 0):
 garbage-first heap   total 189440K, used 130793K [0x0000000080000000, 0x0000000100000000)
  region size 1024K, 111 young (113664K), 3 survivors (3072K)
 Metaspace       used 41155K, capacity 42249K, committed 42496K, reserved 1085440K
  class space    used 5177K, capacity 5616K, committed 5632K, reserved 1048576K
}
Event: 6.748 GC heap after
{Heap after GC invocations=12 (full 0):
 garbage-first heap   total 189440K, used 23449K [0x0000000080000000, 0x0000000100000000)
  region size 1024K, 7 young (7168K), 7 survivors (7168K)
 Metaspace       used 41155K, capacity 42249K, committed 42496K, reserved 1085440K
  class space    used 5177K, capacity 5616K, committed 5632K, reserved 1048576K
}
Event: 7.834 GC heap before
{Heap before GC invocations=12 (full 0):
 garbage-first heap   total 189440K, used 128921K [0x0000000080000000, 0x0000000100000000)
  region size 1024K, 111 young (113664K), 7 survivors (7168K)
 Metaspace       used 46942K, capacity 48329K, committed 48512K, reserved 1091584K
  class space    used 5899K, capacity 6415K, committed 6528K, reserved 1048576K
}
Event: 7.846 GC heap after
{Heap after GC invocations=13 (full 0):
 garbage-first heap   total 189440K, used 27369K [0x0000000080000000, 0x0000000100000000)
  region size 1024K, 10 young (10240K), 10 survivors (10240K)
 Metaspace       used 46942K, capacity 48329K, committed 48512K, reserved 1091584K
  class space    used 5899K, capacity 6415K, committed 6528K, reserved 1048576K
}
Event: 8.689 GC heap before
{Heap before GC invocations=13 (full 0):
 garbage-first heap   total 189440K, used 129769K [0x0000000080000000, 0x0000000100000000)
  region size 1024K, 111 young (113664K), 10 survivors (10240K)
 Metaspace       used 48918K, capacity 50331K, committed 50560K, reserved 1093632K
  class space    used 6170K, capacity 6751K, committed 6784K, reserved 1048576K
}
Event: 8.705 GC heap after
{Heap after GC invocations=14 (full 0):
 garbage-first heap   total 189440K, used 29696K [0x0000000080000000, 0x0000000100000000)
  region size 1024K, 7 young (7168K), 7 survivors (7168K)
 Metaspace       used 48918K, capacity 50331K, committed 50560K, reserved 1093632K
  class space    used 6170K, capacity 6751K, committed 6784K, reserved 1048576K
}
Event: 9.550 GC heap before
{Heap before GC invocations=14 (full 0):
 garbage-first heap   total 189440K, used 136192K [0x0000000080000000, 0x0000000100000000)
  region size 1024K, 111 young (113664K), 7 survivors (7168K)
 Metaspace       used 55000K, capacity 56598K, committed 56704K, reserved 1097728K
  class space    used 7068K, capacity 7708K, committed 7808K, reserved 1048576K
}
Event: 9.563 GC heap after
{Heap after GC invocations=15 (full 0):
 garbage-first heap   total 189440K, used 33453K [0x0000000080000000, 0x0000000100000000)
  region size 1024K, 11 young (11264K), 11 survivors (11264K)
 Metaspace       used 55000K, capacity 56598K, committed 56704K, reserved 1097728K
  class space    used 7068K, capacity 7708K, committed 7808K, reserved 1048576K
}
Event: 12.091 GC heap before
{Heap before GC invocations=15 (full 0):
 garbage-first heap   total 189440K, used 78509K [0x0000000080000000, 0x0000000100000000)
  region size 1024K, 56 young (57344K), 11 survivors (11264K)
 Metaspace       used 58567K, capacity 60082K, committed 60160K, reserved 1101824K
  class space    used 7506K, capacity 8145K, committed 8192K, reserved 1048576K
}
Event: 12.107 GC heap after
{Heap after GC invocations=16 (full 0):
 garbage-first heap   total 227328K, used 34495K [0x0000000080000000, 0x0000000100000000)
  region size 1024K, 8 young (8192K), 8 survivors (8192K)
 Metaspace       used 58567K, capacity 60082K, committed 60160K, reserved 1101824K
  class space    used 7506K, capacity 8145K, committed 8192K, reserved 1048576K
}

Deoptimization events (0 events):
No events

Classes redefined (0 events):
No events

Internal exceptions (10 events):
Event: 9.260 Thread 0x0000028235df8800 Exception <a 'java/lang/ClassNotFoundException'{0x0000000086bb5f48}: org/springframework/beans/factory/FactoryBeanCustomizer> (0x0000000086bb5f48) thrown at [./open/src/hotspot/share/classfile/systemDictionary.cpp, line 228]
Event: 9.262 Thread 0x0000028235df8800 Exception <a 'java/lang/ClassNotFoundException'{0x0000000086bda610}: org/springframework/beans/factory/BeanClassLoaderAwareCustomizer> (0x0000000086bda610) thrown at [./open/src/hotspot/share/classfile/systemDictionary.cpp, line 228]
Event: 9.262 Thread 0x0000028235df8800 Exception <a 'java/lang/ClassNotFoundException'{0x0000000086bf8de0}: org/springframework/beans/factory/AwareCustomizer> (0x0000000086bf8de0) thrown at [./open/src/hotspot/share/classfile/systemDictionary.cpp, line 228]
Event: 9.264 Thread 0x0000028235df8800 Exception <a 'java/lang/ClassNotFoundException'{0x0000000086a9b0c8}: org/springframework/beans/factory/BeanFactoryAwareCustomizer> (0x0000000086a9b0c8) thrown at [./open/src/hotspot/share/classfile/systemDictionary.cpp, line 228]
Event: 9.265 Thread 0x0000028235df8800 Exception <a 'java/lang/ClassNotFoundException'{0x0000000086ab9d98}: org/springframework/beans/factory/AwareCustomizer> (0x0000000086ab9d98) thrown at [./open/src/hotspot/share/classfile/systemDictionary.cpp, line 228]
Event: 9.266 Thread 0x0000028235df8800 Exception <a 'java/lang/ClassNotFoundException'{0x0000000086adb640}: org/springframework/beans/factory/InitializingBeanCustomizer> (0x0000000086adb640) thrown at [./open/src/hotspot/share/classfile/systemDictionary.cpp, line 228]
Event: 9.266 Thread 0x0000028235df8800 Exception <a 'java/lang/ClassNotFoundException'{0x0000000086afc860}: org/springframework/beans/factory/DisposableBeanCustomizer> (0x0000000086afc860) thrown at [./open/src/hotspot/share/classfile/systemDictionary.cpp, line 228]
Event: 10.577 Thread 0x00000282384da000 Exception <a 'java/net/ConnectException'{0x000000008b722ba0}: Connection refused: connect> (0x000000008b722ba0) thrown at [./open/src/hotspot/share/prims/jni.cpp, line 632]
Event: 11.579 Thread 0x00000282384da000 Exception <a 'java/net/ConnectException'{0x000000008b723908}: Connection refused: connect> (0x000000008b723908) thrown at [./open/src/hotspot/share/prims/jni.cpp, line 632]
Event: 11.891 Thread 0x00000282384da000 Exception <a 'java/lang/NoSuchMethodError'{0x0000000089e20a00}: java.lang.invoke.DirectMethodHandle$Holder.newInvokeSpecial(Ljava/lang/Object;Ljava/lang/Object;ILjava/lang/Object;Ljava/lang/Object;)Ljava/lang/Object;> (0x0000000089e20a00) thrown at [./ope

Events (10 events):
Event: 12.157 loading class org/hibernate/engine/spi/CascadeStyles$10 done
Event: 12.157 loading class org/hibernate/engine/spi/CascadeStyles$11
Event: 12.157 loading class org/hibernate/engine/spi/CascadeStyles$11 done
Event: 12.157 loading class org/hibernate/engine/spi/CascadeStyles$12
Event: 12.157 loading class org/hibernate/engine/spi/CascadeStyles$12 done
Event: 12.158 loading class org/hibernate/FetchMode
Event: 12.158 loading class org/hibernate/FetchMode done
Event: 12.158 loading class org/hibernate/tuple/BaselineAttributeInformation
Event: 12.158 loading class org/hibernate/tuple/BaselineAttributeInformation done
Event: 12.159 Executing VM operation: CGC_Operation


Dynamic libraries:
0x00007ff60e6a0000 - 0x00007ff60e6e7000 	C:\Program Files\Java\jdk-11.0.7\bin\javaw.exe
0x00007ffff89a0000 - 0x00007ffff8b7b000 	C:\Windows\SYSTEM32\ntdll.dll
0x00007ffff8340000 - 0x00007ffff83ee000 	C:\Windows\System32\KERNEL32.DLL
0x00007ffff5480000 - 0x00007ffff56c9000 	C:\Windows\System32\KERNELBASE.dll
0x00007ffff1b80000 - 0x00007ffff1bfe000 	C:\Windows\SYSTEM32\apphelp.dll
0x00007fffb07a0000 - 0x00007fffb0c22000 	C:\Windows\AppPatch\AppPatch64\AcLayers.DLL
0x00007ffff6870000 - 0x00007ffff690d000 	C:\Windows\System32\msvcrt.dll
0x00007ffff5f60000 - 0x00007ffff60aa000 	C:\Windows\System32\USER32.dll
0x00007ffff57e0000 - 0x00007ffff57fe000 	C:\Windows\System32\win32u.dll
0x00007ffff64f0000 - 0x00007ffff6517000 	C:\Windows\System32\GDI32.dll
0x00007ffff5030000 - 0x00007ffff51b9000 	C:\Windows\System32\gdi32full.dll
0x00007ffff53e0000 - 0x00007ffff547a000 	C:\Windows\System32\msvcp_win.dll
0x00007ffff4f30000 - 0x00007ffff5026000 	C:\Windows\System32\ucrtbase.dll
0x00007ffff6760000 - 0x00007ffff67b1000 	C:\Windows\System32\SHLWAPI.dll
0x00007ffff8040000 - 0x00007ffff8339000 	C:\Windows\System32\combase.dll
0x00007ffff7df0000 - 0x00007ffff7f15000 	C:\Windows\System32\RPCRT4.dll
0x00007ffff4ec0000 - 0x00007ffff4f2a000 	C:\Windows\System32\bcryptPrimitives.dll
0x00007fffeebf0000 - 0x00007fffeec79000 	C:\Windows\SYSTEM32\WINSPOOL.DRV
0x00007ffff4d50000 - 0x00007ffff4d75000 	C:\Windows\SYSTEM32\bcrypt.dll
0x00000282136d0000 - 0x00000282136d3000 	C:\Windows\SYSTEM32\sfc.dll
0x00007fffec280000 - 0x00007fffec291000 	C:\Windows\SYSTEM32\sfc_os.DLL
0x00007ffff8000000 - 0x00007ffff802d000 	C:\Windows\System32\IMM32.DLL
0x00007ffff7f20000 - 0x00007ffff7fc1000 	C:\Windows\System32\ADVAPI32.dll
0x00007ffff6490000 - 0x00007ffff64e9000 	C:\Windows\System32\sechost.dll
0x00007ffff2480000 - 0x00007ffff26e7000 	C:\Windows\WinSxS\amd64_microsoft.windows.common-controls_6595b64144ccf1df_6.0.15063.0_none_108e4f62dfe5d999\COMCTL32.dll
0x00007ffff4a90000 - 0x00007ffff4a9a000 	C:\Windows\SYSTEM32\VERSION.dll
0x00007ffff4c80000 - 0x00007ffff4cdd000 	C:\Program Files\Citrix\System32\MfApHook64.dll
0x00007ffff3e30000 - 0x00007ffff3e5b000 	C:\Program Files\Citrix\ICAService\CtxDodHook64.dll
0x00007ffff4ba0000 - 0x00007ffff4bd2000 	C:\Program Files\Citrix\ICAService\picaFullScreenHookX64.dll
0x00007ffff4620000 - 0x00007ffff4656000 	C:\Program Files\Citrix\ICAService\ShellHook64.dll
0x00007ffff6520000 - 0x00007ffff6663000 	C:\Windows\System32\ole32.dll
0x00007ffff69b0000 - 0x00007ffff7de7000 	C:\Windows\System32\SHELL32.dll
0x00007ffff51c0000 - 0x00007ffff5209000 	C:\Windows\System32\cfgmgr32.dll
0x00007ffff67c0000 - 0x00007ffff686a000 	C:\Windows\System32\shcore.dll
0x00007ffff5800000 - 0x00007ffff5ef2000 	C:\Windows\System32\windows.storage.dll
0x00007ffff4e10000 - 0x00007ffff4e21000 	C:\Windows\System32\kernel.appcore.dll
0x00007ffff4e50000 - 0x00007ffff4e9c000 	C:\Windows\System32\powrprof.dll
0x00007ffff4ea0000 - 0x00007ffff4eb5000 	C:\Windows\System32\profapi.dll
0x00007ffff44a0000 - 0x00007ffff461a000 	C:\Program Files\Citrix\ICAService\SCardHook64.dll
0x00007ffff41a0000 - 0x00007ffff41ca000 	C:\Program Files\Citrix\ICAService\cxinjime64.dll
0x00007ffff4150000 - 0x00007ffff419c000 	C:\Program Files\Citrix\ICAService\PicaWtsHook64.dll
0x00007fffdacb0000 - 0x00007fffdacc6000 	C:\Program Files\Java\jdk-11.0.7\bin\vcruntime140.dll
0x00007fffdac00000 - 0x00007fffdacaa000 	C:\Program Files\Java\jdk-11.0.7\bin\msvcp140.dll
0x00007fffc6dd0000 - 0x00007fffc7931000 	C:\Program Files\Java\jdk-11.0.7\bin\server\jvm.dll
0x00007ffff6360000 - 0x00007ffff6368000 	C:\Windows\System32\PSAPI.DLL
0x00007fffe8030000 - 0x00007fffe8039000 	C:\Windows\SYSTEM32\WSOCK32.dll
0x00007fffee9b0000 - 0x00007fffee9d3000 	C:\Windows\SYSTEM32\WINMM.dll
0x00007ffff66f0000 - 0x00007ffff675c000 	C:\Windows\System32\WS2_32.dll
0x00007fffee7a0000 - 0x00007fffee7cb000 	C:\Windows\SYSTEM32\WINMMBASE.dll
0x00007ffff2cb0000 - 0x00007ffff2cc1000 	C:\Program Files\Java\jdk-11.0.7\bin\verify.dll
0x00007ffff3e60000 - 0x00007ffff4009000 	C:\Windows\SYSTEM32\DBGHELP.DLL
0x00007ffff3d70000 - 0x00007ffff3d99000 	C:\Windows\SYSTEM32\dbgcore.DLL
0x00007fffe7840000 - 0x00007fffe7869000 	C:\Program Files\Java\jdk-11.0.7\bin\java.dll
0x00007fffefd20000 - 0x00007fffefd2a000 	C:\Program Files\Java\jdk-11.0.7\bin\jimage.dll
0x00007fffe7820000 - 0x00007fffe7836000 	C:\Program Files\Java\jdk-11.0.7\bin\zip.dll
0x00007fffe7800000 - 0x00007fffe7819000 	C:\Program Files\Java\jdk-11.0.7\bin\net.dll
0x00007fffee530000 - 0x00007fffee607000 	C:\Windows\SYSTEM32\WINHTTP.dll
0x00007ffff3860000 - 0x00007ffff38bc000 	C:\Windows\system32\mswsock.dll
0x00007fffe77e0000 - 0x00007fffe77f3000 	C:\Program Files\Java\jdk-11.0.7\bin\nio.dll
0x00007fffdad70000 - 0x00007fffdad79000 	C:\Program Files\Java\jdk-11.0.7\bin\management.dll
0x00007fffdabb0000 - 0x00007fffdabbc000 	C:\Program Files\Java\jdk-11.0.7\bin\management_ext.dll
0x00007fffed5e0000 - 0x00007fffed5f6000 	C:\Windows\system32\napinsp.dll
0x00007fffed6d0000 - 0x00007fffed6ea000 	C:\Windows\system32\pnrpnsp.dll
0x00007ffff06a0000 - 0x00007ffff06b8000 	C:\Windows\system32\NLAapi.dll
0x00007ffff3650000 - 0x00007ffff36f4000 	C:\Windows\SYSTEM32\DNSAPI.dll
0x00007ffff8030000 - 0x00007ffff8038000 	C:\Windows\System32\NSI.dll
0x00007ffff3610000 - 0x00007ffff3647000 	C:\Windows\SYSTEM32\IPHLPAPI.DLL
0x00007fffed6f0000 - 0x00007fffed6fe000 	C:\Windows\System32\winrnr.dll
0x00007fffeef20000 - 0x00007fffeef2a000 	C:\Windows\System32\rasadhlp.dll
0x00007ffff0050000 - 0x00007ffff00bb000 	C:\Windows\System32\fwpuclnt.dll
0x00007ffff3e10000 - 0x00007ffff3e27000 	C:\Windows\SYSTEM32\CRYPTSP.dll
0x00007ffff34a0000 - 0x00007ffff34d4000 	C:\Windows\system32\rsaenh.dll
0x00007ffff4d10000 - 0x00007ffff4d39000 	C:\Windows\SYSTEM32\USERENV.dll
0x00007ffff3a00000 - 0x00007ffff3a0b000 	C:\Windows\SYSTEM32\CRYPTBASE.dll
0x00007ffff0030000 - 0x00007ffff0046000 	C:\Windows\SYSTEM32\dhcpcsvc6.DLL
0x00007fffeff20000 - 0x00007fffeff3a000 	C:\Windows\SYSTEM32\dhcpcsvc.DLL
0x00007fffdadb0000 - 0x00007fffdadd6000 	C:\Program Files\Java\jdk-11.0.7\bin\sunec.dll
0x00007fffe5ef0000 - 0x00007fffe5efe000 	C:\Program Files\Java\jdk-11.0.7\bin\sunmscapi.dll
0x00007ffff5210000 - 0x00007ffff53d9000 	C:\Windows\System32\CRYPT32.dll
0x00007ffff4e30000 - 0x00007ffff4e41000 	C:\Windows\System32\MSASN1.dll
0x00007ffff3ad0000 - 0x00007ffff3af5000 	C:\Windows\SYSTEM32\ncrypt.dll
0x00007ffff3a90000 - 0x00007ffff3ac6000 	C:\Windows\SYSTEM32\NTASN1.dll

dbghelp: loaded successfully - version: 4.0.5 - missing functions: none
symbol engine: initialized successfully - sym options: 0x614 - pdb path: .;C:\Program Files\Java\jdk-11.0.7\bin;C:\Windows\SYSTEM32;C:\Windows\AppPatch\AppPatch64;C:\Windows\WinSxS\amd64_microsoft.windows.common-controls_6595b64144ccf1df_6.0.15063.0_none_108e4f62dfe5d999;C:\Program Files\Citrix\System32;C:\Program Files\Citrix\ICAService;C:\Program Files\Java\jdk-11.0.7\bin\server

VM Arguments:
jvm_args: -Dcom.sun.management.jmxremote -Dcom.sun.management.jmxremote.port=58413 -Dcom.sun.management.jmxremote.authenticate=false -Dcom.sun.management.jmxremote.ssl=false -Djava.rmi.server.hostname=localhost -Dspring.jmx.enabled=true -Dspring.liveBeansView.mbeanDomain -Dspring.application.admin.enabled=true -Xverify:none -XX:TieredStopAtLevel=1 -Dfile.encoding=Cp1252 
java_command: com.rabo.loan.management.LoanmanagementApiApplication --spring.output.ansi.enabled=always
java_class_path (initial): C:\GitCode\LoanManagementSystem\loanmanagement-api\bin\main;C:\Users\ctsjava107\.gradle\caches\modules-2\files-2.1\de.codecentric\spring-boot-admin-starter-client\2.2.3\e8f0c13b69b3e609a5fa8b682dec42e019ff695f\spring-boot-admin-starter-client-2.2.3.jar;C:\Users\ctsjava107\.gradle\caches\modules-2\files-2.1\de.codecentric\spring-boot-admin-client\2.2.3\b87976199da4a04c115519a88203524c8594458c\spring-boot-admin-client-2.2.3.jar;C:\Users\ctsjava107\.gradle\caches\modules-2\files-2.1\de.codecentric\spring-boot-admin-starter-server\2.2.3\ae4278994f10a8e6d3138033e47c8267303c919f\spring-boot-admin-starter-server-2.2.3.jar;C:\Users\ctsjava107\.gradle\caches\modules-2\files-2.1\de.codecentric\spring-boot-admin-server-ui\2.2.3\4a5b19989818b8a75371d4b4a8a8260c5a66c2ca\spring-boot-admin-server-ui-2.2.3.jar;C:\Users\ctsjava107\.gradle\caches\modules-2\files-2.1\de.codecentric\spring-boot-admin-server-cloud\2.2.3\7af8f65f91e4059cc1f2a4fed765d36d54e49b40\spring-boot-admin-server-cloud-2.2.3.jar;C:\Users\ctsjava107\.gradle\caches\modules-2\files-2.1\de.codecentric\spring-boot-admin-server\2.2.3\f6dc05174000367fa36d82c579785d26ba90fb09\spring-boot-admin-server-2.2.3.jar;C:\Users\ctsjava107\.gradle\caches\modules-2\files-2.1\org.springframework.boot\spring-boot-starter-actuator\2.3.1.RELEASE\d7de3431d77815be239951d39b4ecd3fbe004e75\spring-boot-starter-actuator-2.3.1.RELEASE.jar;C:\Users\ctsjava107\.gradle\caches\modules-2\files-2.1\org.springframework.boot\spring-boot-starter-data-rest\2.3.1.RELEASE\7ef1492ca65cdf498d48dc69384b365f5f4ccf89\spring-boot-starter-data-rest-2.3.1.RELEASE.jar;C:\Users\ctsjava107\.gradle\caches\modules-2\files-2.1\org.springframework.boot\spring-boot-starter-jersey\2.3.1.RELEASE\d81bc99cb532dbc68b5514079ad5f141de79b760\spring-boot-starter-jersey-2.3.1.RELEASE.jar;C:\Users\ctsjava107\.gradle\caches\modules-2\files-2.1\org.springframework.boot\spring-boot-starter-web-services\2.3.1.RELEASE\6461a9d0abd97cf911cae189a481965a4ae05ccc\
Launcher Type: SUN_STANDARD

[Global flags]
     bool BytecodeVerificationLocal                = false                                     {product} {command line}
     bool BytecodeVerificationRemote               = false                                     {product} {command line}
     intx CICompilerCount                          = 3                                         {product} {ergonomic}
     uint ConcGCThreads                            = 1                                         {product} {ergonomic}
     uint G1ConcRefinementThreads                  = 4                                         {product} {ergonomic}
   size_t G1HeapRegionSize                         = 1048576                                   {product} {ergonomic}
    uintx GCDrainStackTargetSize                   = 64                                        {product} {ergonomic}
   size_t InitialHeapSize                          = 134217728                                 {product} {ergonomic}
     bool ManagementServer                         = true                                      {product} {command line}
   size_t MarkStackSize                            = 4194304                                   {product} {ergonomic}
   size_t MaxHeapSize                              = 2147483648                                {product} {ergonomic}
   size_t MaxNewSize                               = 1287651328                                {product} {ergonomic}
   size_t MinHeapDeltaBytes                        = 1048576                                   {product} {ergonomic}
    uintx NonNMethodCodeHeapSize                   = 6973028                                {pd product} {ergonomic}
    uintx NonProfiledCodeHeapSize                  = 244685212                              {pd product} {ergonomic}
    uintx ProfiledCodeHeapSize                     = 0                                      {pd product} {ergonomic}
    uintx ReservedCodeCacheSize                    = 251658240                              {pd product} {ergonomic}
     bool SegmentedCodeCache                       = true                                      {product} {ergonomic}
     intx TieredStopAtLevel                        = 1                                         {product} {command line}
     bool UseCompressedClassPointers               = true                                 {lp64_product} {ergonomic}
     bool UseCompressedOops                        = true                                 {lp64_product} {ergonomic}
     bool UseG1GC                                  = true                                      {product} {ergonomic}
     bool UseLargePagesIndividualAllocation        = false                                  {pd product} {ergonomic}

Logging:
Log output configuration:
 #0: stdout all=warning uptime,level,tags
 #1: stderr all=off uptime,level,tags

Environment Variables:
PATH=C:/Program Files/Java/jdk-11.0.7/bin/server;C:/Program Files/Java/jdk-11.0.7/bin;C:\Program Files (x86)\Microsoft SDKs\Azure\CLI2\wbin;C:\ProgramData\DockerDesktop\version-bin;C:\Program Files\Docker\Docker\Resources\bin;C:\Program Files (x86)\Python38-32\Scripts\;C:\Program Files (x86)\Python38-32\;C:\Windows\system32;C:\Windows;C:\Windows\System32\Wbem;C:\Windows\System32\WindowsPowerShell\v1.0\;C:\Program Files\Citrix\System32\;C:\Program Files\Citrix\ICAService\;C:\Program Files\Citrix\Virtual Desktop Agent\;C:\Program Files\Java\jdk-11.0.7\bin;C:\apache-maven-3.6.3-bin\apache-maven-3.6.3\bin;D:\sonarqube-8.3.1.34397\sonarqube-8.3.1.34397\bin;C:\Program Files\nodejs\;C:\Program Files\Git\cmd;C:\Program Files\Microsoft VS Code\bin;C:\Program Files\Amazon\AWSCLIV2\;D:\java\curl-7.68.0-win64-mingw\curl-7.68.0-win64-mingw\bin;C:\Program Files\Cloud Foundry;C:\Users\ctsjava107\AppData\Roaming\npm\node_modules\@angular\cli\bin;C:\Users\ctsjava107\AppData\Roaming\npm;C:\Users\ctsjava107\AppData\Local\Microsoft\WindowsApps;;D:\spring-tool-suite-3.9.9.RELEASE-e4.12.0-win32-x86_64\sts-bundle\sts-3.9.9.RELEASE;
USERNAME=ctsjava107
OS=Windows_NT
PROCESSOR_IDENTIFIER=Intel64 Family 6 Model 79 Stepping 1, GenuineIntel



---------------  S Y S T E M  ---------------

OS: Windows 10 , 64 bit Build 15063 (10.0.15063.0)

CPU:total 4 (initial active 4) (2 cores per cpu, 1 threads per core) family 6 model 79 stepping 1, cmov, cx8, fxsr, mmx, sse, sse2, sse3, ssse3, sse4.1, sse4.2, popcnt, avx, avx2, aes, clmul, erms, rtm, 3dnowpref, lzcnt, tsc, tscinvbit, bmi1, bmi2, adx, fma

Memory: 4k page, system-wide physical 8191M (594M free)
TotalPageFile size 10433M (AvailPageFile size 1340M)
current process WorkingSet (physical memory assigned to process): 297M, peak: 297M
current process commit charge ("private bytes"): 402M, peak: 402M

vm_info: Java HotSpot(TM) 64-Bit Server VM (11.0.7+8-LTS) for windows-amd64 JRE (11.0.7+8-LTS), built on Mar 12 2020 02:04:32 by "mach5one" with MS VC++ 15.5 (VS2017)

END.
